<?xml version="1.0" encoding="UTF-8"?>
<testsuite xmlns:xsi="http://www.w3.org/2001/XMLSchema-instance" xsi:noNamespaceSchemaLocation="https://maven.apache.org/surefire/maven-surefire-plugin/xsd/surefire-test-report.xsd" name="org.slizaa.server.impl.ServerBackendStateMachineTest" time="0.888" tests="1" errors="1" skipped="0" failures="0">
  <properties>
[...]
</properties>
  <testcase name="testTest" classname="org.slizaa.server.impl.ServerBackendStateMachineTest" time="0.004">
    <error message="Failed to load ApplicationContext" type="java.lang.IllegalStateException"><![CDATA[java.lang.IllegalStateException: Failed to load ApplicationContext
Caused by: org.springframework.beans.factory.UnsatisfiedDependencyException: Error creating bean with name 'serverBackendStateMachineTest': Unsatisfied dependency expressed through field '_stateMachine'; nested exception is org.springframework.beans.factory.NoSuchBeanDefinitionException: No qualifying bean of type 'org.springframework.statemachine.StateMachine<org.slizaa.server.backend.impl.ServerBackendStateMachine$States, org.slizaa.server.backend.impl.ServerBackendStateMachine$Events>' available: expected at least 1 bean which qualifies as autowire candidate. Dependency annotations: {@org.springframework.beans.factory.annotation.Autowired(required=true)}
Caused by: org.springframework.beans.factory.NoSuchBeanDefinitionException: No qualifying bean of type 'org.springframework.statemachine.StateMachine<org.slizaa.server.backend.impl.ServerBackendStateMachine$States, org.slizaa.server.backend.impl.ServerBackendStateMachine$Events>' available: expected at least 1 bean which qualifies as autowire candidate. Dependency annotations: {@org.springframework.beans.factory.annotation.Autowired(required=true)}
]]></error>
    <system-out><![CDATA[22:22:05.352 [main] DEBUG org.springframework.test.context.junit4.SpringJUnit4ClassRunner - SpringJUnit4ClassRunner constructor called with [class org.slizaa.server.impl.ServerBackendStateMachineTest]
22:22:05.361 [main] DEBUG org.springframework.test.context.BootstrapUtils - Instantiating CacheAwareContextLoaderDelegate from class [org.springframework.test.context.cache.DefaultCacheAwareContextLoaderDelegate]
22:22:05.370 [main] DEBUG org.springframework.test.context.BootstrapUtils - Instantiating BootstrapContext using constructor [public org.springframework.test.context.support.DefaultBootstrapContext(java.lang.Class,org.springframework.test.context.CacheAwareContextLoaderDelegate)]
22:22:05.384 [main] DEBUG org.springframework.test.context.BootstrapUtils - Instantiating TestContextBootstrapper for test class [org.slizaa.server.impl.ServerBackendStateMachineTest] from class [org.springframework.test.context.support.DefaultTestContextBootstrapper]
22:22:05.421 [main] DEBUG org.springframework.test.context.support.AbstractDelegatingSmartContextLoader - Delegating to AnnotationConfigContextLoader to process context configuration [ContextConfigurationAttributes@ed9d034 declaringClass = 'org.slizaa.server.impl.ServerBackendStateMachineTest', classes = '{class org.slizaa.server.impl.ServerBackendStateMachineTest}', locations = '{}', inheritLocations = true, initializers = '{}', inheritInitializers = true, name = [null], contextLoaderClass = 'org.springframework.test.context.ContextLoader'].
22:22:05.488 [main] DEBUG org.springframework.test.context.support.ActiveProfilesUtils - Could not find an 'annotation declaring class' for annotation type [org.springframework.test.context.ActiveProfiles] and class [org.slizaa.server.impl.ServerBackendStateMachineTest]
22:22:05.489 [main] DEBUG org.springframework.test.context.support.DefaultTestContextBootstrapper - @TestExecutionListeners is not present for class [org.slizaa.server.impl.ServerBackendStateMachineTest]: using defaults.
22:22:05.490 [main] INFO org.springframework.test.context.support.DefaultTestContextBootstrapper - Loaded default TestExecutionListener class names from location [META-INF/spring.factories]: [org.springframework.boot.test.mock.mockito.MockitoTestExecutionListener, org.springframework.boot.test.mock.mockito.ResetMocksTestExecutionListener, org.springframework.boot.test.autoconfigure.restdocs.RestDocsTestExecutionListener, org.springframework.boot.test.autoconfigure.web.client.MockRestServiceServerResetTestExecutionListener, org.springframework.boot.test.autoconfigure.web.servlet.MockMvcPrintOnlyOnFailureTestExecutionListener, org.springframework.boot.test.autoconfigure.web.servlet.WebDriverTestExecutionListener, org.springframework.test.context.web.ServletTestExecutionListener, org.springframework.test.context.support.DirtiesContextBeforeModesTestExecutionListener, org.springframework.test.context.support.DependencyInjectionTestExecutionListener, org.springframework.test.context.support.DirtiesContextTestExecutionListener, org.springframework.test.context.transaction.TransactionalTestExecutionListener, org.springframework.test.context.jdbc.SqlScriptsTestExecutionListener]
22:22:05.517 [main] INFO org.springframework.test.context.support.DefaultTestContextBootstrapper - Using TestExecutionListeners: [org.springframework.test.context.web.ServletTestExecutionListener@5a4aa2f2, org.springframework.test.context.support.DirtiesContextBeforeModesTestExecutionListener@6591f517, org.springframework.boot.test.mock.mockito.MockitoTestExecutionListener@345965f2, org.springframework.test.context.support.DependencyInjectionTestExecutionListener@429bd883, org.springframework.test.context.support.DirtiesContextTestExecutionListener@4d49af10, org.springframework.test.context.transaction.TransactionalTestExecutionListener@279ad2e3, org.springframework.test.context.jdbc.SqlScriptsTestExecutionListener@58134517, org.springframework.boot.test.mock.mockito.ResetMocksTestExecutionListener@4450d156, org.springframework.boot.test.autoconfigure.restdocs.RestDocsTestExecutionListener@4461c7e3, org.springframework.boot.test.autoconfigure.web.client.MockRestServiceServerResetTestExecutionListener@351d0846, org.springframework.boot.test.autoconfigure.web.servlet.MockMvcPrintOnlyOnFailureTestExecutionListener@77e4c80f, org.springframework.boot.test.autoconfigure.web.servlet.WebDriverTestExecutionListener@35fc6dc4]
22:22:05.520 [main] DEBUG org.springframework.test.annotation.ProfileValueUtils - Retrieved @ProfileValueSourceConfiguration [null] for test class [org.slizaa.server.impl.ServerBackendStateMachineTest]
22:22:05.520 [main] DEBUG org.springframework.test.annotation.ProfileValueUtils - Retrieved ProfileValueSource type [class org.springframework.test.annotation.SystemProfileValueSource] for class [org.slizaa.server.impl.ServerBackendStateMachineTest]
22:22:05.521 [main] DEBUG org.springframework.test.annotation.ProfileValueUtils - Retrieved @ProfileValueSourceConfiguration [null] for test class [org.slizaa.server.impl.ServerBackendStateMachineTest]
22:22:05.522 [main] DEBUG org.springframework.test.annotation.ProfileValueUtils - Retrieved ProfileValueSource type [class org.springframework.test.annotation.SystemProfileValueSource] for class [org.slizaa.server.impl.ServerBackendStateMachineTest]
22:22:05.523 [main] DEBUG org.springframework.test.annotation.ProfileValueUtils - Retrieved @ProfileValueSourceConfiguration [null] for test class [org.slizaa.server.impl.ServerBackendStateMachineTest]
22:22:05.523 [main] DEBUG org.springframework.test.annotation.ProfileValueUtils - Retrieved ProfileValueSource type [class org.springframework.test.annotation.SystemProfileValueSource] for class [org.slizaa.server.impl.ServerBackendStateMachineTest]
22:22:05.525 [main] DEBUG org.springframework.test.context.support.AbstractDirtiesContextTestExecutionListener - Before test class: context [DefaultTestContext@57175e74 testClass = ServerBackendStateMachineTest, testInstance = [null], testMethod = [null], testException = [null], mergedContextConfiguration = [MergedContextConfiguration@7bb58ca3 testClass = ServerBackendStateMachineTest, locations = '{}', classes = '{class org.slizaa.server.impl.ServerBackendStateMachineTest}', contextInitializerClasses = '[]', activeProfiles = '{}', propertySourceLocations = '{}', propertySourceProperties = '{}', contextCustomizers = set[org.springframework.boot.test.context.filter.ExcludeFilterContextCustomizer@17211155, org.springframework.boot.test.json.DuplicateJsonObjectContextCustomizerFactory$DuplicateJsonObjectContextCustomizer@10d59286, org.springframework.boot.test.mock.mockito.MockitoContextCustomizer@0, org.springframework.boot.test.autoconfigure.properties.PropertyMappingContextCustomizer@0, org.springframework.boot.test.autoconfigure.web.servlet.WebDriverContextCustomizerFactory$Customizer@7f416310], contextLoader = 'org.springframework.test.context.support.DelegatingSmartContextLoader', parent = [null]], attributes = map[[empty]]], class annotated with @DirtiesContext [false] with mode [null].
22:22:05.526 [main] DEBUG org.springframework.test.annotation.ProfileValueUtils - Retrieved @ProfileValueSourceConfiguration [null] for test class [org.slizaa.server.impl.ServerBackendStateMachineTest]
22:22:05.526 [main] DEBUG org.springframework.test.annotation.ProfileValueUtils - Retrieved ProfileValueSource type [class org.springframework.test.annotation.SystemProfileValueSource] for class [org.slizaa.server.impl.ServerBackendStateMachineTest]
22:22:05.533 [main] DEBUG org.springframework.test.context.support.DependencyInjectionTestExecutionListener - Performing dependency injection for test context [[DefaultTestContext@57175e74 testClass = ServerBackendStateMachineTest, testInstance = org.slizaa.server.impl.ServerBackendStateMachineTest@5d47c63f, testMethod = [null], testException = [null], mergedContextConfiguration = [MergedContextConfiguration@7bb58ca3 testClass = ServerBackendStateMachineTest, locations = '{}', classes = '{class org.slizaa.server.impl.ServerBackendStateMachineTest}', contextInitializerClasses = '[]', activeProfiles = '{}', propertySourceLocations = '{}', propertySourceProperties = '{}', contextCustomizers = set[org.springframework.boot.test.context.filter.ExcludeFilterContextCustomizer@17211155, org.springframework.boot.test.json.DuplicateJsonObjectContextCustomizerFactory$DuplicateJsonObjectContextCustomizer@10d59286, org.springframework.boot.test.mock.mockito.MockitoContextCustomizer@0, org.springframework.boot.test.autoconfigure.properties.PropertyMappingContextCustomizer@0, org.springframework.boot.test.autoconfigure.web.servlet.WebDriverContextCustomizerFactory$Customizer@7f416310], contextLoader = 'org.springframework.test.context.support.DelegatingSmartContextLoader', parent = [null]], attributes = map[[empty]]]].
22:22:05.534 [main] DEBUG org.springframework.test.context.support.AbstractDelegatingSmartContextLoader - Delegating to AnnotationConfigContextLoader to load context from [MergedContextConfiguration@7bb58ca3 testClass = ServerBackendStateMachineTest, locations = '{}', classes = '{class org.slizaa.server.impl.ServerBackendStateMachineTest}', contextInitializerClasses = '[]', activeProfiles = '{}', propertySourceLocations = '{}', propertySourceProperties = '{}', contextCustomizers = set[org.springframework.boot.test.context.filter.ExcludeFilterContextCustomizer@17211155, org.springframework.boot.test.json.DuplicateJsonObjectContextCustomizerFactory$DuplicateJsonObjectContextCustomizer@10d59286, org.springframework.boot.test.mock.mockito.MockitoContextCustomizer@0, org.springframework.boot.test.autoconfigure.properties.PropertyMappingContextCustomizer@0, org.springframework.boot.test.autoconfigure.web.servlet.WebDriverContextCustomizerFactory$Customizer@7f416310], contextLoader = 'org.springframework.test.context.support.DelegatingSmartContextLoader', parent = [null]].
22:22:05.534 [main] DEBUG org.springframework.test.context.support.AbstractGenericContextLoader - Loading ApplicationContext for merged context configuration [[MergedContextConfiguration@7bb58ca3 testClass = ServerBackendStateMachineTest, locations = '{}', classes = '{class org.slizaa.server.impl.ServerBackendStateMachineTest}', contextInitializerClasses = '[]', activeProfiles = '{}', propertySourceLocations = '{}', propertySourceProperties = '{}', contextCustomizers = set[org.springframework.boot.test.context.filter.ExcludeFilterContextCustomizer@17211155, org.springframework.boot.test.json.DuplicateJsonObjectContextCustomizerFactory$DuplicateJsonObjectContextCustomizer@10d59286, org.springframework.boot.test.mock.mockito.MockitoContextCustomizer@0, org.springframework.boot.test.autoconfigure.properties.PropertyMappingContextCustomizer@0, org.springframework.boot.test.autoconfigure.web.servlet.WebDriverContextCustomizerFactory$Customizer@7f416310], contextLoader = 'org.springframework.test.context.support.DelegatingSmartContextLoader', parent = [null]]].
22:22:05.601 [main] DEBUG org.springframework.core.io.support.PathMatchingResourcePatternResolver - Found Equinox FileLocator for OSGi bundle URL resolution
22:22:05.637 [main] DEBUG org.springframework.core.env.StandardEnvironment - Adding PropertySource 'systemProperties' with lowest search precedence
22:22:05.638 [main] DEBUG org.springframework.core.env.StandardEnvironment - Adding PropertySource 'systemEnvironment' with lowest search precedence
22:22:05.639 [main] DEBUG org.springframework.core.env.StandardEnvironment - Initialized StandardEnvironment with PropertySources [MapPropertySource@831236296 {name='systemProperties', properties={idea.version=2018.2.4, java.runtime.name=Java(TM) SE Runtime Environment, sun.boot.library.path=C:\Program Files\Java\jdk1.8.0_77\jre\bin, java.vm.version=25.77-b03, java.vm.vendor=Oracle Corporation, java.vendor.url=http://java.oracle.com/, path.separator=;, java.vm.name=Java HotSpot(TM) 64-Bit Server VM, file.encoding.pkg=sun.io, user.country=DE, user.script=, sun.java.launcher=SUN_STANDARD, sun.os.patch.level=, java.vm.specification.name=Java Virtual Machine Specification, user.dir=D:\50-Development\repositories\slizaa\slizaa-application\org.slizaa.server.rest, java.runtime.version=1.8.0_77-b03, basedir=D:\50-Development\repositories\slizaa\slizaa-application\org.slizaa.server.rest, java.awt.graphicsenv=sun.awt.Win32GraphicsEnvironment, java.endorsed.dirs=C:\Program Files\Java\jdk1.8.0_77\jre\lib\endorsed, os.arch=amd64, surefire.real.class.path=C:\Users\WUETHE~1\AppData\Local\Temp\surefire8681527903068294897\surefirebooter8213888217729507463.jar, java.io.tmpdir=C:\Users\WUETHE~1\AppData\Local\Temp\, line.separator=
, java.vm.specification.vendor=Oracle Corporation, user.variant=, os.name=Windows 10, sun.jnu.encoding=Cp1252, java.library.path=C:\Program Files\Java\jdk1.8.0_77\jre\bin;C:\WINDOWS\Sun\Java\bin;C:\WINDOWS\system32;C:\WINDOWS;C:\Program Files\Docker\Docker\Resources\bin;C:\Program Files (x86)\Intel\iCLS Client;C:\Program Files (x86)\Common Files\Intel\Shared Libraries\redist\ia32\compiler;C:\Program Files (x86)\Common Files\Intel\Shared Libraries\redist\intel64\compiler;C:\Program Files (x86)\Business Objects\Common\3.5\bin\NOTES;C:\Program Files (x86)\Business Objects\Common\3.5\bin\NOTES\DATA;C:\ProgramData\Oracle\Java\javapath;C:\Program Files\Intel\iCLS Client;C:\WINDOWS\system32;C:\WINDOWS;C:\WINDOWS\System32\Wbem;C:\WINDOWS\System32\WindowsPowerShell\v1.0;C:\Program Files\Lenovo\Touch Fingerprint Software;C:\Program Files (x86)\Common Files\Lenovo;C:\ProgramData\Lenovo\ReadyApps;C:\Program Files (x86)\Common Files\lenovo\easyplussdk\bin;C:\Program Files\OpenVPN\bin;C:\Program Files (x86)\PuTTY;C:\Program Files (x86)\PDFtk\bin;C:\Program Files\IDM Computer Solutions\UltraEdit;C:\ProgramData\chocolatey\bin;C:\Program Files (x86)\IVI Foundation\VISA\WinNT\Bin;C:\Program Files (x86)\EaseUS\Todo Backup\bin;C:\Program Files (x86)\Intel\Intel(R) Management Engine Components\DAL;C:\Program Files\Intel\Intel(R) Management Engine Components\DAL;C:\Program Files (x86)\Intel\Intel(R) Management Engine Components\IPT;C:\Program Files\Intel\Intel(R) Management Engine Components\IPT;C:\Program Files\TortoiseGit\bin;C:\Program Files\Intel\WiFi\bin;C:\Program Files\Common Files\Intel\WirelessCommon;C:\Program Files (x86)\Yarn\bin;C:\Program Files (x86)\Windows Kits\8.1\Windows Performance Toolkit;C:\WINDOWS\System32\OpenSSH;C:\Program Files\nodejs;C:\Program Files\Microsoft VS Code\bin;C:\Program Files\Git\cmd;D:\50-Development\software\apache-maven-3.5.4\bin;C:\Users\wuetherich\.windows-build-tools\python27\;C:\Users\wuetherich\AppData\Roaming\npm\node_modules\npm\node_modules\npm-lifecycle\node-gyp-bin;C:\Users\wuetherich\AppData\Roaming\npm\node_modules\windows-build-tools\node_modules\.bin;C:\Users\wuetherich\AppData\Roaming\npm\node_modules\.bin;C:\Program Files\Docker\Docker\Resources\bin;C:\Program Files (x86)\Intel\iCLS Client\;C:\Program Files (x86)\Common Files\Intel\Shared Libraries\redist\ia32\compiler;C:\Program Files (x86)\Common Files\Intel\Shared Libraries\redist\intel64\compiler;C:\Program Files (x86)\Business Objects\Common\3.5\bin\NOTES\;C:\Program Files (x86)\Business Objects\Common\3.5\bin\NOTES\DATA\;C:\ProgramData\Oracle\Java\javapath;C:\Program Files\Intel\iCLS Client\;C:\WINDOWS\system32;C:\WINDOWS;C:\WINDOWS\System32\Wbem;C:\WINDOWS\System32\WindowsPowerShell\v1.0\;C:\Program Files\Lenovo\Touch Fingerprint Software\;C:\Program Files (x86)\Common Files\Lenovo;C:\ProgramData\Lenovo\ReadyApps;C:\Program Files (x86)\Common Files\lenovo\easyplussdk\bin;C:\Program Files\OpenVPN\bin;C:\Program Files (x86)\PuTTY\;C:\Program Files (x86)\PDFtk\bin\;C:\Program Files\IDM Computer Solutions\UltraEdit;C:\Program Files (x86)\Workshare\Modules\;C:\ProgramData\chocolatey\bin;C:\Program Files (x86)\IVI Foundation\VISA\WinNT\Bin;C:\Program Files (x86)\EaseUS\Todo Backup\bin;C:\Program Files (x86)\HashiCorp\Vagrant\bin;C:\Program Files (x86)\Intel\Intel(R) Management Engine Components\DAL;C:\Program Files\Intel\Intel(R) Management Engine Components\DAL;C:\Program Files (x86)\Intel\Intel(R) Management Engine Components\IPT;C:\Program Files\Intel\Intel(R) Management Engine Components\IPT;C:\Program Files\TortoiseGit\bin;C:\Program Files\nodejs\;C:\Program Files\Git\cmd;C:\Program Files\Intel\WiFi\bin\;C:\Program Files\Common Files\Intel\WirelessCommon\;C:\Program Files (x86)\Yarn\bin\;C:\Program Files\Hugo;C:\Users\wuetherich\AppData\Local\Microsoft\WindowsApps;C:\Program Files\Microsoft VS Code\bin;C:\Users\wuetherich\AppData\Local\Yarn\bin;C:\Users\wuetherich\AppData\Local\Microsoft\WindowsApps;C:\Users\wuetherich\AppData\Roaming\npm;., surefire.test.class.path=D:\50-Development\repositories\slizaa\slizaa-application\org.slizaa.server.rest\target\test-classes;D:\50-Development\repositories\slizaa\slizaa-application\org.slizaa.server.rest\target\classes;D:\50-Development\repositories\slizaa\slizaa-application\org.slizaa.server.backend\target\org.slizaa.server.backend-1.0-SNAPSHOT.jar;C:\Users\wuetherich\.m2\repository\org\springframework\spring-context\5.0.7.RELEASE\spring-context-5.0.7.RELEASE.jar;C:\Users\wuetherich\.m2\repository\org\springframework\spring-aop\5.0.7.RELEASE\spring-aop-5.0.7.RELEASE.jar;C:\Users\wuetherich\.m2\repository\org\springframework\spring-beans\5.0.7.RELEASE\spring-beans-5.0.7.RELEASE.jar;C:\Users\wuetherich\.m2\repository\org\springframework\spring-expression\5.0.7.RELEASE\spring-expression-5.0.7.RELEASE.jar;C:\Users\wuetherich\.m2\repository\org\slizaa\core\org.slizaa.core.mvnresolver.uber\1.0.0-SNAPSHOT\org.slizaa.core.mvnresolver.uber-1.0.0-SNAPSHOT.jar;C:\Users\wuetherich\.m2\repository\org\slizaa\hierarchicalgraph\graphdb\org.slizaa.hierarchicalgraph.graphdb.mapping.spi\1.0.0-SNAPSHOT\org.slizaa.hierarchicalgraph.graphdb.mapping.spi-1.0.0-SNAPSHOT.jar;C:\Users\wuetherich\.m2\repository\org\springframework\boot\spring-boot-starter-web\2.0.3.RELEASE\spring-boot-starter-web-2.0.3.RELEASE.jar;C:\Users\wuetherich\.m2\repository\org\springframework\boot\spring-boot-starter\2.0.3.RELEASE\spring-boot-starter-2.0.3.RELEASE.jar;C:\Users\wuetherich\.m2\repository\org\springframework\boot\spring-boot\2.0.3.RELEASE\spring-boot-2.0.3.RELEASE.jar;C:\Users\wuetherich\.m2\repository\org\springframework\boot\spring-boot-autoconfigure\2.0.3.RELEASE\spring-boot-autoconfigure-2.0.3.RELEASE.jar;C:\Users\wuetherich\.m2\repository\org\springframework\boot\spring-boot-starter-logging\2.0.3.RELEASE\spring-boot-starter-logging-2.0.3.RELEASE.jar;C:\Users\wuetherich\.m2\repository\ch\qos\logback\logback-classic\1.2.3\logback-classic-1.2.3.jar;C:\Users\wuetherich\.m2\repository\ch\qos\logback\logback-core\1.2.3\logback-core-1.2.3.jar;C:\Users\wuetherich\.m2\repository\org\apache\logging\log4j\log4j-to-slf4j\2.10.0\log4j-to-slf4j-2.10.0.jar;C:\Users\wuetherich\.m2\repository\org\apache\logging\log4j\log4j-api\2.10.0\log4j-api-2.10.0.jar;C:\Users\wuetherich\.m2\repository\org\slf4j\jul-to-slf4j\1.7.25\jul-to-slf4j-1.7.25.jar;C:\Users\wuetherich\.m2\repository\javax\annotation\javax.annotation-api\1.3.2\javax.annotation-api-1.3.2.jar;C:\Users\wuetherich\.m2\repository\org\yaml\snakeyaml\1.19\snakeyaml-1.19.jar;C:\Users\wuetherich\.m2\repository\org\springframework\boot\spring-boot-starter-json\2.0.3.RELEASE\spring-boot-starter-json-2.0.3.RELEASE.jar;C:\Users\wuetherich\.m2\repository\com\fasterxml\jackson\core\jackson-databind\2.9.6\jackson-databind-2.9.6.jar;C:\Users\wuetherich\.m2\repository\com\fasterxml\jackson\core\jackson-core\2.9.6\jackson-core-2.9.6.jar;C:\Users\wuetherich\.m2\repository\com\fasterxml\jackson\datatype\jackson-datatype-jdk8\2.9.6\jackson-datatype-jdk8-2.9.6.jar;C:\Users\wuetherich\.m2\repository\com\fasterxml\jackson\datatype\jackson-datatype-jsr310\2.9.6\jackson-datatype-jsr310-2.9.6.jar;C:\Users\wuetherich\.m2\repository\com\fasterxml\jackson\module\jackson-module-parameter-names\2.9.6\jackson-module-parameter-names-2.9.6.jar;C:\Users\wuetherich\.m2\repository\org\springframework\boot\spring-boot-starter-tomcat\2.0.3.RELEASE\spring-boot-starter-tomcat-2.0.3.RELEASE.jar;C:\Users\wuetherich\.m2\repository\org\apache\tomcat\embed\tomcat-embed-core\8.5.31\tomcat-embed-core-8.5.31.jar;C:\Users\wuetherich\.m2\repository\org\apache\tomcat\embed\tomcat-embed-el\8.5.31\tomcat-embed-el-8.5.31.jar;C:\Users\wuetherich\.m2\repository\org\apache\tomcat\embed\tomcat-embed-websocket\8.5.31\tomcat-embed-websocket-8.5.31.jar;C:\Users\wuetherich\.m2\repository\org\hibernate\validator\hibernate-validator\6.0.10.Final\hibernate-validator-6.0.10.Final.jar;C:\Users\wuetherich\.m2\repository\javax\validation\validation-api\2.0.1.Final\validation-api-2.0.1.Final.jar;C:\Users\wuetherich\.m2\repository\org\jboss\logging\jboss-logging\3.3.2.Final\jboss-logging-3.3.2.Final.jar;C:\Users\wuetherich\.m2\repository\com\fasterxml\classmate\1.3.4\classmate-1.3.4.jar;C:\Users\wuetherich\.m2\repository\org\springframework\spring-web\5.0.7.RELEASE\spring-web-5.0.7.RELEASE.jar;C:\Users\wuetherich\.m2\repository\org\springframework\spring-webmvc\5.0.7.RELEASE\spring-webmvc-5.0.7.RELEASE.jar;C:\Users\wuetherich\.m2\repository\org\springframework\boot\spring-boot-starter-jersey\2.0.3.RELEASE\spring-boot-starter-jersey-2.0.3.RELEASE.jar;C:\Users\wuetherich\.m2\repository\org\springframework\boot\spring-boot-starter-validation\2.0.3.RELEASE\spring-boot-starter-validation-2.0.3.RELEASE.jar;C:\Users\wuetherich\.m2\repository\org\glassfish\jersey\core\jersey-server\2.26\jersey-server-2.26.jar;C:\Users\wuetherich\.m2\repository\org\glassfish\jersey\core\jersey-common\2.26\jersey-common-2.26.jar;C:\Users\wuetherich\.m2\repository\org\glassfish\hk2\osgi-resource-locator\1.0.1\osgi-resource-locator-1.0.1.jar;C:\Users\wuetherich\.m2\repository\org\glassfish\jersey\core\jersey-client\2.26\jersey-client-2.26.jar;C:\Users\wuetherich\.m2\repository\javax\ws\rs\javax.ws.rs-api\2.1\javax.ws.rs-api-2.1.jar;C:\Users\wuetherich\.m2\repository\org\glassfish\jersey\media\jersey-media-jaxb\2.26\jersey-media-jaxb-2.26.jar;C:\Users\wuetherich\.m2\repository\org\glassfish\jersey\containers\jersey-container-servlet-core\2.26\jersey-container-servlet-core-2.26.jar;C:\Users\wuetherich\.m2\repository\org\glassfish\jersey\containers\jersey-container-servlet\2.26\jersey-container-servlet-2.26.jar;C:\Users\wuetherich\.m2\repository\org\glassfish\jersey\ext\jersey-bean-validation\2.26\jersey-bean-validation-2.26.jar;C:\Users\wuetherich\.m2\repository\org\glassfish\jersey\ext\jersey-spring4\2.26\jersey-spring4-2.26.jar;C:\Users\wuetherich\.m2\repository\org\glassfish\jersey\inject\jersey-hk2\2.26\jersey-hk2-2.26.jar;C:\Users\wuetherich\.m2\repository\org\glassfish\hk2\hk2-locator\2.5.0-b42\hk2-locator-2.5.0-b42.jar;C:\Users\wuetherich\.m2\repository\org\glassfish\hk2\external\aopalliance-repackaged\2.5.0-b42\aopalliance-repackaged-2.5.0-b42.jar;C:\Users\wuetherich\.m2\repository\org\javassist\javassist\3.22.0-CR2\javassist-3.22.0-CR2.jar;C:\Users\wuetherich\.m2\repository\org\glassfish\hk2\hk2\2.5.0-b42\hk2-2.5.0-b42.jar;C:\Users\wuetherich\.m2\repository\org\glassfish\hk2\hk2-utils\2.5.0-b42\hk2-utils-2.5.0-b42.jar;C:\Users\wuetherich\.m2\repository\javax\inject\javax.inject\1\javax.inject-1.jar;C:\Users\wuetherich\.m2\repository\org\glassfish\hk2\hk2-api\2.5.0-b42\hk2-api-2.5.0-b42.jar;C:\Users\wuetherich\.m2\repository\org\glassfish\hk2\config-types\2.5.0-b42\config-types-2.5.0-b42.jar;C:\Users\wuetherich\.m2\repository\org\glassfish\hk2\hk2-core\2.5.0-b42\hk2-core-2.5.0-b42.jar;C:\Users\wuetherich\.m2\repository\org\glassfish\hk2\hk2-config\2.5.0-b42\hk2-config-2.5.0-b42.jar;C:\Users\wuetherich\.m2\repository\org\glassfish\hk2\hk2-runlevel\2.5.0-b42\hk2-runlevel-2.5.0-b42.jar;C:\Users\wuetherich\.m2\repository\org\glassfish\hk2\class-model\2.5.0-b42\class-model-2.5.0-b42.jar;C:\Users\wuetherich\.m2\repository\org\glassfish\hk2\external\asm-all-repackaged\2.5.0-b42\asm-all-repackaged-2.5.0-b42.jar;C:\Users\wuetherich\.m2\repository\org\glassfish\hk2\spring-bridge\2.5.0-b42\spring-bridge-2.5.0-b42.jar;C:\Users\wuetherich\.m2\repository\org\glassfish\jersey\media\jersey-media-json-jackson\2.26\jersey-media-json-jackson-2.26.jar;C:\Users\wuetherich\.m2\repository\org\glassfish\jersey\ext\jersey-entity-filtering\2.26\jersey-entity-filtering-2.26.jar;C:\Users\wuetherich\.m2\repository\com\fasterxml\jackson\core\jackson-annotations\2.9.0\jackson-annotations-2.9.0.jar;C:\Users\wuetherich\.m2\repository\com\fasterxml\jackson\module\jackson-module-jaxb-annotations\2.9.6\jackson-module-jaxb-annotations-2.9.6.jar;C:\Users\wuetherich\.m2\repository\com\google\guava\guava\21.0\guava-21.0.jar;C:\Users\wuetherich\.m2\repository\org\springframework\statemachine\spring-statemachine-core\2.0.2.RELEASE\spring-statemachine-core-2.0.2.RELEASE.jar;C:\Users\wuetherich\.m2\repository\org\springframework\spring-tx\5.0.7.RELEASE\spring-tx-5.0.7.RELEASE.jar;C:\Users\wuetherich\.m2\repository\org\springframework\spring-messaging\5.0.7.RELEASE\spring-messaging-5.0.7.RELEASE.jar;C:\Users\wuetherich\.m2\repository\org\slizaa\core\org.slizaa.core.boltclient\1.0.0-SNAPSHOT\org.slizaa.core.boltclient-1.0.0-SNAPSHOT.jar;C:\Users\wuetherich\.m2\repository\org\neo4j\driver\neo4j-java-driver\1.6.1\neo4j-java-driver-1.6.1.jar;C:\Users\wuetherich\.m2\repository\com\google\code\gson\gson\2.8.5\gson-2.8.5.jar;C:\Users\wuetherich\.m2\repository\org\osgi\org.osgi.service.component.annotations\1.3.0\org.osgi.service.component.annotations-1.3.0.jar;C:\Users\wuetherich\.m2\repository\org\osgi\osgi.core\5.0.0\osgi.core-5.0.0.jar;C:\Users\wuetherich\.m2\repository\org\slizaa\scanner\org.slizaa.scanner.spi-api\1.0.0-SNAPSHOT\org.slizaa.scanner.spi-api-1.0.0-SNAPSHOT.jar;C:\Users\wuetherich\.m2\repository\org\eclipse\platform\org.eclipse.equinox.common\3.9.0\org.eclipse.equinox.common-3.9.0.jar;C:\Users\wuetherich\.m2\repository\org\eclipse\platform\org.eclipse.osgi\3.12.0\org.eclipse.osgi-3.12.0.jar;C:\Users\wuetherich\.m2\repository\org\slizaa\scanner\org.slizaa.scanner.contentdefinition\1.0.0-SNAPSHOT\org.slizaa.scanner.contentdefinition-1.0.0-SNAPSHOT.jar;C:\Users\wuetherich\.m2\repository\org\ops4j\pax\url\pax-url-aether\2.4.5\pax-url-aether-2.4.5.jar;C:\Users\wuetherich\.m2\repository\org\slf4j\jcl-over-slf4j\1.7.25\jcl-over-slf4j-1.7.25.jar;C:\Users\wuetherich\.m2\repository\org\slizaa\scanner\org.slizaa.scanner.cypherregistry\1.0.0-SNAPSHOT\org.slizaa.scanner.cypherregistry-1.0.0-SNAPSHOT.jar;C:\Users\wuetherich\.m2\repository\org\slizaa\hierarchicalgraph\graphdb\org.slizaa.hierarchicalgraph.graphdb.mapping.service\1.0.0-SNAPSHOT\org.slizaa.hierarchicalgraph.graphdb.mapping.service-1.0.0-SNAPSHOT.jar;C:\Users\wuetherich\.m2\repository\org\slizaa\hierarchicalgraph\graphdb\org.slizaa.hierarchicalgraph.graphdb.mapping.cypher\1.0.0-SNAPSHOT\org.slizaa.hierarchicalgraph.graphdb.mapping.cypher-1.0.0-SNAPSHOT.jar;C:\Users\wuetherich\.m2\repository\org\slizaa\hierarchicalgraph\graphdb\org.slizaa.hierarchicalgraph.graphdb.model\1.0.0-SNAPSHOT\org.slizaa.hierarchicalgraph.graphdb.model-1.0.0-SNAPSHOT.jar;C:\Users\wuetherich\.m2\repository\org\eclipse\emf\org.eclipse.emf.common\2.12.0\org.eclipse.emf.common-2.12.0.jar;C:\Users\wuetherich\.m2\repository\org\eclipse\emf\org.eclipse.emf.ecore\2.12.0\org.eclipse.emf.ecore-2.12.0.jar;C:\Users\wuetherich\.m2\repository\org\eclipse\emf\org.eclipse.emf.edit\2.12.0\org.eclipse.emf.edit-2.12.0.jar;C:\Users\wuetherich\.m2\repository\org\eclipse\platform\org.eclipse.core.runtime\3.12.0\org.eclipse.core.runtime-3.12.0.jar;C:\Users\wuetherich\.m2\repository\org\eclipse\platform\org.eclipse.core.jobs\3.10.100\org.eclipse.core.jobs-3.10.100.jar;C:\Users\wuetherich\.m2\repository\org\eclipse\platform\org.eclipse.equinox.registry\3.8.100\org.eclipse.equinox.registry-3.8.100.jar;C:\Users\wuetherich\.m2\repository\org\eclipse\platform\org.eclipse.equinox.preferences\3.7.200\org.eclipse.equinox.preferences-3.7.200.jar;C:\Users\wuetherich\.m2\repository\org\eclipse\platform\org.eclipse.core.contenttype\3.7.100\org.eclipse.core.contenttype-3.7.100.jar;C:\Users\wuetherich\.m2\repository\org\eclipse\platform\org.eclipse.equinox.app\1.3.600\org.eclipse.equinox.app-1.3.600.jar;C:\Users\wuetherich\.m2\repository\org\slizaa\hierarchicalgraph\core\org.slizaa.hierarchicalgraph.core.model\1.0.0-SNAPSHOT\org.slizaa.hierarchicalgraph.core.model-1.0.0-SNAPSHOT.jar;C:\Users\wuetherich\.m2\repository\io\github\classgraph\classgraph\4.1.7\classgraph-4.1.7.jar;C:\Users\wuetherich\.m2\repository\org\springframework\boot\spring-boot-starter-test\2.0.3.RELEASE\spring-boot-starter-test-2.0.3.RELEASE.jar;C:\Users\wuetherich\.m2\repository\org\springframework\boot\spring-boot-test\2.0.3.RELEASE\spring-boot-test-2.0.3.RELEASE.jar;C:\Users\wuetherich\.m2\repository\org\springframework\boot\spring-boot-test-autoconfigure\2.0.3.RELEASE\spring-boot-test-autoconfigure-2.0.3.RELEASE.jar;C:\Users\wuetherich\.m2\repository\junit\junit\4.12\junit-4.12.jar;C:\Users\wuetherich\.m2\repository\org\assertj\assertj-core\3.9.1\assertj-core-3.9.1.jar;C:\Users\wuetherich\.m2\repository\org\mockito\mockito-core\2.15.0\mockito-core-2.15.0.jar;C:\Users\wuetherich\.m2\repository\net\bytebuddy\byte-buddy\1.7.11\byte-buddy-1.7.11.jar;C:\Users\wuetherich\.m2\repository\net\bytebuddy\byte-buddy-agent\1.7.11\byte-buddy-agent-1.7.11.jar;C:\Users\wuetherich\.m2\repository\org\objenesis\objenesis\2.6\objenesis-2.6.jar;C:\Users\wuetherich\.m2\repository\org\hamcrest\hamcrest-core\1.3\hamcrest-core-1.3.jar;C:\Users\wuetherich\.m2\repository\org\hamcrest\hamcrest-library\1.3\hamcrest-library-1.3.jar;C:\Users\wuetherich\.m2\repository\org\skyscreamer\jsonassert\1.5.0\jsonassert-1.5.0.jar;C:\Users\wuetherich\.m2\repository\com\vaadin\external\google\android-json\0.0.20131108.vaadin1\android-json-0.0.20131108.vaadin1.jar;C:\Users\wuetherich\.m2\repository\org\springframework\spring-core\5.0.7.RELEASE\spring-core-5.0.7.RELEASE.jar;C:\Users\wuetherich\.m2\repository\org\springframework\spring-jcl\5.0.7.RELEASE\spring-jcl-5.0.7.RELEASE.jar;C:\Users\wuetherich\.m2\repository\org\springframework\spring-test\5.0.7.RELEASE\spring-test-5.0.7.RELEASE.jar;C:\Users\wuetherich\.m2\repository\org\xmlunit\xmlunit-core\2.5.1\xmlunit-core-2.5.1.jar;C:\Users\wuetherich\.m2\repository\com\jayway\jsonpath\json-path\2.4.0\json-path-2.4.0.jar;C:\Users\wuetherich\.m2\repository\net\minidev\json-smart\2.3\json-smart-2.3.jar;C:\Users\wuetherich\.m2\repository\net\minidev\accessors-smart\1.2\accessors-smart-1.2.jar;C:\Users\wuetherich\.m2\repository\org\ow2\asm\asm\5.0.4\asm-5.0.4.jar;C:\Users\wuetherich\.m2\repository\org\slf4j\slf4j-api\1.7.25\slf4j-api-1.7.25.jar;, java.specification.name=Java Platform API Specification, java.class.version=52.0, sun.management.compiler=HotSpot 64-Bit Tiered Compilers, os.version=10.0, user.home=C:\Users\wuetherich, user.timezone=Europe/Berlin, java.awt.printerjob=sun.awt.windows.WPrinterJob, file.encoding=Cp1252, java.specification.version=1.8, java.class.path=D:\50-Development\repositories\slizaa\slizaa-application\org.slizaa.server.rest\target\test-classes;D:\50-Development\repositories\slizaa\slizaa-application\org.slizaa.server.rest\target\classes;D:\50-Development\repositories\slizaa\slizaa-application\org.slizaa.server.backend\target\org.slizaa.server.backend-1.0-SNAPSHOT.jar;C:\Users\wuetherich\.m2\repository\org\springframework\spring-context\5.0.7.RELEASE\spring-context-5.0.7.RELEASE.jar;C:\Users\wuetherich\.m2\repository\org\springframework\spring-aop\5.0.7.RELEASE\spring-aop-5.0.7.RELEASE.jar;C:\Users\wuetherich\.m2\repository\org\springframework\spring-beans\5.0.7.RELEASE\spring-beans-5.0.7.RELEASE.jar;C:\Users\wuetherich\.m2\repository\org\springframework\spring-expression\5.0.7.RELEASE\spring-expression-5.0.7.RELEASE.jar;C:\Users\wuetherich\.m2\repository\org\slizaa\core\org.slizaa.core.mvnresolver.uber\1.0.0-SNAPSHOT\org.slizaa.core.mvnresolver.uber-1.0.0-SNAPSHOT.jar;C:\Users\wuetherich\.m2\repository\org\slizaa\hierarchicalgraph\graphdb\org.slizaa.hierarchicalgraph.graphdb.mapping.spi\1.0.0-SNAPSHOT\org.slizaa.hierarchicalgraph.graphdb.mapping.spi-1.0.0-SNAPSHOT.jar;C:\Users\wuetherich\.m2\repository\org\springframework\boot\spring-boot-starter-web\2.0.3.RELEASE\spring-boot-starter-web-2.0.3.RELEASE.jar;C:\Users\wuetherich\.m2\repository\org\springframework\boot\spring-boot-starter\2.0.3.RELEASE\spring-boot-starter-2.0.3.RELEASE.jar;C:\Users\wuetherich\.m2\repository\org\springframework\boot\spring-boot\2.0.3.RELEASE\spring-boot-2.0.3.RELEASE.jar;C:\Users\wuetherich\.m2\repository\org\springframework\boot\spring-boot-autoconfigure\2.0.3.RELEASE\spring-boot-autoconfigure-2.0.3.RELEASE.jar;C:\Users\wuetherich\.m2\repository\org\springframework\boot\spring-boot-starter-logging\2.0.3.RELEASE\spring-boot-starter-logging-2.0.3.RELEASE.jar;C:\Users\wuetherich\.m2\repository\ch\qos\logback\logback-classic\1.2.3\logback-classic-1.2.3.jar;C:\Users\wuetherich\.m2\repository\ch\qos\logback\logback-core\1.2.3\logback-core-1.2.3.jar;C:\Users\wuetherich\.m2\repository\org\apache\logging\log4j\log4j-to-slf4j\2.10.0\log4j-to-slf4j-2.10.0.jar;C:\Users\wuetherich\.m2\repository\org\apache\logging\log4j\log4j-api\2.10.0\log4j-api-2.10.0.jar;C:\Users\wuetherich\.m2\repository\org\slf4j\jul-to-slf4j\1.7.25\jul-to-slf4j-1.7.25.jar;C:\Users\wuetherich\.m2\repository\javax\annotation\javax.annotation-api\1.3.2\javax.annotation-api-1.3.2.jar;C:\Users\wuetherich\.m2\repository\org\yaml\snakeyaml\1.19\snakeyaml-1.19.jar;C:\Users\wuetherich\.m2\repository\org\springframework\boot\spring-boot-starter-json\2.0.3.RELEASE\spring-boot-starter-json-2.0.3.RELEASE.jar;C:\Users\wuetherich\.m2\repository\com\fasterxml\jackson\core\jackson-databind\2.9.6\jackson-databind-2.9.6.jar;C:\Users\wuetherich\.m2\repository\com\fasterxml\jackson\core\jackson-core\2.9.6\jackson-core-2.9.6.jar;C:\Users\wuetherich\.m2\repository\com\fasterxml\jackson\datatype\jackson-datatype-jdk8\2.9.6\jackson-datatype-jdk8-2.9.6.jar;C:\Users\wuetherich\.m2\repository\com\fasterxml\jackson\datatype\jackson-datatype-jsr310\2.9.6\jackson-datatype-jsr310-2.9.6.jar;C:\Users\wuetherich\.m2\repository\com\fasterxml\jackson\module\jackson-module-parameter-names\2.9.6\jackson-module-parameter-names-2.9.6.jar;C:\Users\wuetherich\.m2\repository\org\springframework\boot\spring-boot-starter-tomcat\2.0.3.RELEASE\spring-boot-starter-tomcat-2.0.3.RELEASE.jar;C:\Users\wuetherich\.m2\repository\org\apache\tomcat\embed\tomcat-embed-core\8.5.31\tomcat-embed-core-8.5.31.jar;C:\Users\wuetherich\.m2\repository\org\apache\tomcat\embed\tomcat-embed-el\8.5.31\tomcat-embed-el-8.5.31.jar;C:\Users\wuetherich\.m2\repository\org\apache\tomcat\embed\tomcat-embed-websocket\8.5.31\tomcat-embed-websocket-8.5.31.jar;C:\Users\wuetherich\.m2\repository\org\hibernate\validator\hibernate-validator\6.0.10.Final\hibernate-validator-6.0.10.Final.jar;C:\Users\wuetherich\.m2\repository\javax\validation\validation-api\2.0.1.Final\validation-api-2.0.1.Final.jar;C:\Users\wuetherich\.m2\repository\org\jboss\logging\jboss-logging\3.3.2.Final\jboss-logging-3.3.2.Final.jar;C:\Users\wuetherich\.m2\repository\com\fasterxml\classmate\1.3.4\classmate-1.3.4.jar;C:\Users\wuetherich\.m2\repository\org\springframework\spring-web\5.0.7.RELEASE\spring-web-5.0.7.RELEASE.jar;C:\Users\wuetherich\.m2\repository\org\springframework\spring-webmvc\5.0.7.RELEASE\spring-webmvc-5.0.7.RELEASE.jar;C:\Users\wuetherich\.m2\repository\org\springframework\boot\spring-boot-starter-jersey\2.0.3.RELEASE\spring-boot-starter-jersey-2.0.3.RELEASE.jar;C:\Users\wuetherich\.m2\repository\org\springframework\boot\spring-boot-starter-validation\2.0.3.RELEASE\spring-boot-starter-validation-2.0.3.RELEASE.jar;C:\Users\wuetherich\.m2\repository\org\glassfish\jersey\core\jersey-server\2.26\jersey-server-2.26.jar;C:\Users\wuetherich\.m2\repository\org\glassfish\jersey\core\jersey-common\2.26\jersey-common-2.26.jar;C:\Users\wuetherich\.m2\repository\org\glassfish\hk2\osgi-resource-locator\1.0.1\osgi-resource-locator-1.0.1.jar;C:\Users\wuetherich\.m2\repository\org\glassfish\jersey\core\jersey-client\2.26\jersey-client-2.26.jar;C:\Users\wuetherich\.m2\repository\javax\ws\rs\javax.ws.rs-api\2.1\javax.ws.rs-api-2.1.jar;C:\Users\wuetherich\.m2\repository\org\glassfish\jersey\media\jersey-media-jaxb\2.26\jersey-media-jaxb-2.26.jar;C:\Users\wuetherich\.m2\repository\org\glassfish\jersey\containers\jersey-container-servlet-core\2.26\jersey-container-servlet-core-2.26.jar;C:\Users\wuetherich\.m2\repository\org\glassfish\jersey\containers\jersey-container-servlet\2.26\jersey-container-servlet-2.26.jar;C:\Users\wuetherich\.m2\repository\org\glassfish\jersey\ext\jersey-bean-validation\2.26\jersey-bean-validation-2.26.jar;C:\Users\wuetherich\.m2\repository\org\glassfish\jersey\ext\jersey-spring4\2.26\jersey-spring4-2.26.jar;C:\Users\wuetherich\.m2\repository\org\glassfish\jersey\inject\jersey-hk2\2.26\jersey-hk2-2.26.jar;C:\Users\wuetherich\.m2\repository\org\glassfish\hk2\hk2-locator\2.5.0-b42\hk2-locator-2.5.0-b42.jar;C:\Users\wuetherich\.m2\repository\org\glassfish\hk2\external\aopalliance-repackaged\2.5.0-b42\aopalliance-repackaged-2.5.0-b42.jar;C:\Users\wuetherich\.m2\repository\org\javassist\javassist\3.22.0-CR2\javassist-3.22.0-CR2.jar;C:\Users\wuetherich\.m2\repository\org\glassfish\hk2\hk2\2.5.0-b42\hk2-2.5.0-b42.jar;C:\Users\wuetherich\.m2\repository\org\glassfish\hk2\hk2-utils\2.5.0-b42\hk2-utils-2.5.0-b42.jar;C:\Users\wuetherich\.m2\repository\javax\inject\javax.inject\1\javax.inject-1.jar;C:\Users\wuetherich\.m2\repository\org\glassfish\hk2\hk2-api\2.5.0-b42\hk2-api-2.5.0-b42.jar;C:\Users\wuetherich\.m2\repository\org\glassfish\hk2\config-types\2.5.0-b42\config-types-2.5.0-b42.jar;C:\Users\wuetherich\.m2\repository\org\glassfish\hk2\hk2-core\2.5.0-b42\hk2-core-2.5.0-b42.jar;C:\Users\wuetherich\.m2\repository\org\glassfish\hk2\hk2-config\2.5.0-b42\hk2-config-2.5.0-b42.jar;C:\Users\wuetherich\.m2\repository\org\glassfish\hk2\hk2-runlevel\2.5.0-b42\hk2-runlevel-2.5.0-b42.jar;C:\Users\wuetherich\.m2\repository\org\glassfish\hk2\class-model\2.5.0-b42\class-model-2.5.0-b42.jar;C:\Users\wuetherich\.m2\repository\org\glassfish\hk2\external\asm-all-repackaged\2.5.0-b42\asm-all-repackaged-2.5.0-b42.jar;C:\Users\wuetherich\.m2\repository\org\glassfish\hk2\spring-bridge\2.5.0-b42\spring-bridge-2.5.0-b42.jar;C:\Users\wuetherich\.m2\repository\org\glassfish\jersey\media\jersey-media-json-jackson\2.26\jersey-media-json-jackson-2.26.jar;C:\Users\wuetherich\.m2\repository\org\glassfish\jersey\ext\jersey-entity-filtering\2.26\jersey-entity-filtering-2.26.jar;C:\Users\wuetherich\.m2\repository\com\fasterxml\jackson\core\jackson-annotations\2.9.0\jackson-annotations-2.9.0.jar;C:\Users\wuetherich\.m2\repository\com\fasterxml\jackson\module\jackson-module-jaxb-annotations\2.9.6\jackson-module-jaxb-annotations-2.9.6.jar;C:\Users\wuetherich\.m2\repository\com\google\guava\guava\21.0\guava-21.0.jar;C:\Users\wuetherich\.m2\repository\org\springframework\statemachine\spring-statemachine-core\2.0.2.RELEASE\spring-statemachine-core-2.0.2.RELEASE.jar;C:\Users\wuetherich\.m2\repository\org\springframework\spring-tx\5.0.7.RELEASE\spring-tx-5.0.7.RELEASE.jar;C:\Users\wuetherich\.m2\repository\org\springframework\spring-messaging\5.0.7.RELEASE\spring-messaging-5.0.7.RELEASE.jar;C:\Users\wuetherich\.m2\repository\org\slizaa\core\org.slizaa.core.boltclient\1.0.0-SNAPSHOT\org.slizaa.core.boltclient-1.0.0-SNAPSHOT.jar;C:\Users\wuetherich\.m2\repository\org\neo4j\driver\neo4j-java-driver\1.6.1\neo4j-java-driver-1.6.1.jar;C:\Users\wuetherich\.m2\repository\com\google\code\gson\gson\2.8.5\gson-2.8.5.jar;C:\Users\wuetherich\.m2\repository\org\osgi\org.osgi.service.component.annotations\1.3.0\org.osgi.service.component.annotations-1.3.0.jar;C:\Users\wuetherich\.m2\repository\org\osgi\osgi.core\5.0.0\osgi.core-5.0.0.jar;C:\Users\wuetherich\.m2\repository\org\slizaa\scanner\org.slizaa.scanner.spi-api\1.0.0-SNAPSHOT\org.slizaa.scanner.spi-api-1.0.0-SNAPSHOT.jar;C:\Users\wuetherich\.m2\repository\org\eclipse\platform\org.eclipse.equinox.common\3.9.0\org.eclipse.equinox.common-3.9.0.jar;C:\Users\wuetherich\.m2\repository\org\eclipse\platform\org.eclipse.osgi\3.12.0\org.eclipse.osgi-3.12.0.jar;C:\Users\wuetherich\.m2\repository\org\slizaa\scanner\org.slizaa.scanner.contentdefinition\1.0.0-SNAPSHOT\org.slizaa.scanner.contentdefinition-1.0.0-SNAPSHOT.jar;C:\Users\wuetherich\.m2\repository\org\ops4j\pax\url\pax-url-aether\2.4.5\pax-url-aether-2.4.5.jar;C:\Users\wuetherich\.m2\repository\org\slf4j\jcl-over-slf4j\1.7.25\jcl-over-slf4j-1.7.25.jar;C:\Users\wuetherich\.m2\repository\org\slizaa\scanner\org.slizaa.scanner.cypherregistry\1.0.0-SNAPSHOT\org.slizaa.scanner.cypherregistry-1.0.0-SNAPSHOT.jar;C:\Users\wuetherich\.m2\repository\org\slizaa\hierarchicalgraph\graphdb\org.slizaa.hierarchicalgraph.graphdb.mapping.service\1.0.0-SNAPSHOT\org.slizaa.hierarchicalgraph.graphdb.mapping.service-1.0.0-SNAPSHOT.jar;C:\Users\wuetherich\.m2\repository\org\slizaa\hierarchicalgraph\graphdb\org.slizaa.hierarchicalgraph.graphdb.mapping.cypher\1.0.0-SNAPSHOT\org.slizaa.hierarchicalgraph.graphdb.mapping.cypher-1.0.0-SNAPSHOT.jar;C:\Users\wuetherich\.m2\repository\org\slizaa\hierarchicalgraph\graphdb\org.slizaa.hierarchicalgraph.graphdb.model\1.0.0-SNAPSHOT\org.slizaa.hierarchicalgraph.graphdb.model-1.0.0-SNAPSHOT.jar;C:\Users\wuetherich\.m2\repository\org\eclipse\emf\org.eclipse.emf.common\2.12.0\org.eclipse.emf.common-2.12.0.jar;C:\Users\wuetherich\.m2\repository\org\eclipse\emf\org.eclipse.emf.ecore\2.12.0\org.eclipse.emf.ecore-2.12.0.jar;C:\Users\wuetherich\.m2\repository\org\eclipse\emf\org.eclipse.emf.edit\2.12.0\org.eclipse.emf.edit-2.12.0.jar;C:\Users\wuetherich\.m2\repository\org\eclipse\platform\org.eclipse.core.runtime\3.12.0\org.eclipse.core.runtime-3.12.0.jar;C:\Users\wuetherich\.m2\repository\org\eclipse\platform\org.eclipse.core.jobs\3.10.100\org.eclipse.core.jobs-3.10.100.jar;C:\Users\wuetherich\.m2\repository\org\eclipse\platform\org.eclipse.equinox.registry\3.8.100\org.eclipse.equinox.registry-3.8.100.jar;C:\Users\wuetherich\.m2\repository\org\eclipse\platform\org.eclipse.equinox.preferences\3.7.200\org.eclipse.equinox.preferences-3.7.200.jar;C:\Users\wuetherich\.m2\repository\org\eclipse\platform\org.eclipse.core.contenttype\3.7.100\org.eclipse.core.contenttype-3.7.100.jar;C:\Users\wuetherich\.m2\repository\org\eclipse\platform\org.eclipse.equinox.app\1.3.600\org.eclipse.equinox.app-1.3.600.jar;C:\Users\wuetherich\.m2\repository\org\slizaa\hierarchicalgraph\core\org.slizaa.hierarchicalgraph.core.model\1.0.0-SNAPSHOT\org.slizaa.hierarchicalgraph.core.model-1.0.0-SNAPSHOT.jar;C:\Users\wuetherich\.m2\repository\io\github\classgraph\classgraph\4.1.7\classgraph-4.1.7.jar;C:\Users\wuetherich\.m2\repository\org\springframework\boot\spring-boot-starter-test\2.0.3.RELEASE\spring-boot-starter-test-2.0.3.RELEASE.jar;C:\Users\wuetherich\.m2\repository\org\springframework\boot\spring-boot-test\2.0.3.RELEASE\spring-boot-test-2.0.3.RELEASE.jar;C:\Users\wuetherich\.m2\repository\org\springframework\boot\spring-boot-test-autoconfigure\2.0.3.RELEASE\spring-boot-test-autoconfigure-2.0.3.RELEASE.jar;C:\Users\wuetherich\.m2\repository\junit\junit\4.12\junit-4.12.jar;C:\Users\wuetherich\.m2\repository\org\assertj\assertj-core\3.9.1\assertj-core-3.9.1.jar;C:\Users\wuetherich\.m2\repository\org\mockito\mockito-core\2.15.0\mockito-core-2.15.0.jar;C:\Users\wuetherich\.m2\repository\net\bytebuddy\byte-buddy\1.7.11\byte-buddy-1.7.11.jar;C:\Users\wuetherich\.m2\repository\net\bytebuddy\byte-buddy-agent\1.7.11\byte-buddy-agent-1.7.11.jar;C:\Users\wuetherich\.m2\repository\org\objenesis\objenesis\2.6\objenesis-2.6.jar;C:\Users\wuetherich\.m2\repository\org\hamcrest\hamcrest-core\1.3\hamcrest-core-1.3.jar;C:\Users\wuetherich\.m2\repository\org\hamcrest\hamcrest-library\1.3\hamcrest-library-1.3.jar;C:\Users\wuetherich\.m2\repository\org\skyscreamer\jsonassert\1.5.0\jsonassert-1.5.0.jar;C:\Users\wuetherich\.m2\repository\com\vaadin\external\google\android-json\0.0.20131108.vaadin1\android-json-0.0.20131108.vaadin1.jar;C:\Users\wuetherich\.m2\repository\org\springframework\spring-core\5.0.7.RELEASE\spring-core-5.0.7.RELEASE.jar;C:\Users\wuetherich\.m2\repository\org\springframework\spring-jcl\5.0.7.RELEASE\spring-jcl-5.0.7.RELEASE.jar;C:\Users\wuetherich\.m2\repository\org\springframework\spring-test\5.0.7.RELEASE\spring-test-5.0.7.RELEASE.jar;C:\Users\wuetherich\.m2\repository\org\xmlunit\xmlunit-core\2.5.1\xmlunit-core-2.5.1.jar;C:\Users\wuetherich\.m2\repository\com\jayway\jsonpath\json-path\2.4.0\json-path-2.4.0.jar;C:\Users\wuetherich\.m2\repository\net\minidev\json-smart\2.3\json-smart-2.3.jar;C:\Users\wuetherich\.m2\repository\net\minidev\accessors-smart\1.2\accessors-smart-1.2.jar;C:\Users\wuetherich\.m2\repository\org\ow2\asm\asm\5.0.4\asm-5.0.4.jar;C:\Users\wuetherich\.m2\repository\org\slf4j\slf4j-api\1.7.25\slf4j-api-1.7.25.jar;, user.name=wuetherich, java.vm.specification.version=1.8, sun.java.command=C:\Users\WUETHE~1\AppData\Local\Temp\surefire8681527903068294897\surefirebooter8213888217729507463.jar C:\Users\wuetherich\AppData\Local\Temp\surefire8681527903068294897 2018-10-03T22-22-03_830-jvmRun1 surefire634587475627652913tmp surefire_01810317179094722078tmp, java.home=C:\Program Files\Java\jdk1.8.0_77\jre, sun.arch.data.model=64, user.language=de, java.specification.vendor=Oracle Corporation, awt.toolkit=sun.awt.windows.WToolkit, java.vm.info=mixed mode, java.version=1.8.0_77, java.ext.dirs=C:\Program Files\Java\jdk1.8.0_77\jre\lib\ext;C:\WINDOWS\Sun\Java\lib\ext, sun.boot.class.path=C:\Program Files\Java\jdk1.8.0_77\jre\lib\resources.jar;C:\Program Files\Java\jdk1.8.0_77\jre\lib\rt.jar;C:\Program Files\Java\jdk1.8.0_77\jre\lib\sunrsasign.jar;C:\Program Files\Java\jdk1.8.0_77\jre\lib\jsse.jar;C:\Program Files\Java\jdk1.8.0_77\jre\lib\jce.jar;C:\Program Files\Java\jdk1.8.0_77\jre\lib\charsets.jar;C:\Program Files\Java\jdk1.8.0_77\jre\lib\jfr.jar;C:\Program Files\Java\jdk1.8.0_77\jre\classes, java.vendor=Oracle Corporation, localRepository=C:\Users\wuetherich\.m2\repository, file.separator=\, java.vendor.url.bug=http://bugreport.sun.com/bugreport/, sun.io.unicode.encoding=UnicodeLittle, sun.cpu.endian=little, sun.desktop=windows, sun.cpu.isalist=amd64}}, SystemEnvironmentPropertySource@1840976765 {name='systemEnvironment', properties={PATH=C:\Program Files\Docker\Docker\Resources\bin;C:\Program Files (x86)\Intel\iCLS Client;C:\Program Files (x86)\Common Files\Intel\Shared Libraries\redist\ia32\compiler;C:\Program Files (x86)\Common Files\Intel\Shared Libraries\redist\intel64\compiler;C:\Program Files (x86)\Business Objects\Common\3.5\bin\NOTES;C:\Program Files (x86)\Business Objects\Common\3.5\bin\NOTES\DATA;C:\ProgramData\Oracle\Java\javapath;C:\Program Files\Intel\iCLS Client;C:\WINDOWS\system32;C:\WINDOWS;C:\WINDOWS\System32\Wbem;C:\WINDOWS\System32\WindowsPowerShell\v1.0;C:\Program Files\Lenovo\Touch Fingerprint Software;C:\Program Files (x86)\Common Files\Lenovo;C:\ProgramData\Lenovo\ReadyApps;C:\Program Files (x86)\Common Files\lenovo\easyplussdk\bin;C:\Program Files\OpenVPN\bin;C:\Program Files (x86)\PuTTY;C:\Program Files (x86)\PDFtk\bin;C:\Program Files\IDM Computer Solutions\UltraEdit;C:\ProgramData\chocolatey\bin;C:\Program Files (x86)\IVI Foundation\VISA\WinNT\Bin;C:\Program Files (x86)\EaseUS\Todo Backup\bin;C:\Program Files (x86)\Intel\Intel(R) Management Engine Components\DAL;C:\Program Files\Intel\Intel(R) Management Engine Components\DAL;C:\Program Files (x86)\Intel\Intel(R) Management Engine Components\IPT;C:\Program Files\Intel\Intel(R) Management Engine Components\IPT;C:\Program Files\TortoiseGit\bin;C:\Program Files\Intel\WiFi\bin;C:\Program Files\Common Files\Intel\WirelessCommon;C:\Program Files (x86)\Yarn\bin;C:\Program Files (x86)\Windows Kits\8.1\Windows Performance Toolkit;C:\WINDOWS\System32\OpenSSH;C:\Program Files\nodejs;C:\Program Files\Microsoft VS Code\bin;C:\Program Files\Git\cmd;D:\50-Development\software\apache-maven-3.5.4\bin;C:\Users\wuetherich\.windows-build-tools\python27\;C:\Users\wuetherich\AppData\Roaming\npm\node_modules\npm\node_modules\npm-lifecycle\node-gyp-bin;C:\Users\wuetherich\AppData\Roaming\npm\node_modules\windows-build-tools\node_modules\.bin;C:\Users\wuetherich\AppData\Roaming\npm\node_modules\.bin;C:\Program Files\Docker\Docker\Resources\bin;C:\Program Files (x86)\Intel\iCLS Client\;C:\Program Files (x86)\Common Files\Intel\Shared Libraries\redist\ia32\compiler;C:\Program Files (x86)\Common Files\Intel\Shared Libraries\redist\intel64\compiler;C:\Program Files (x86)\Business Objects\Common\3.5\bin\NOTES\;C:\Program Files (x86)\Business Objects\Common\3.5\bin\NOTES\DATA\;C:\ProgramData\Oracle\Java\javapath;C:\Program Files\Intel\iCLS Client\;C:\WINDOWS\system32;C:\WINDOWS;C:\WINDOWS\System32\Wbem;C:\WINDOWS\System32\WindowsPowerShell\v1.0\;C:\Program Files\Lenovo\Touch Fingerprint Software\;C:\Program Files (x86)\Common Files\Lenovo;C:\ProgramData\Lenovo\ReadyApps;C:\Program Files (x86)\Common Files\lenovo\easyplussdk\bin;C:\Program Files\OpenVPN\bin;C:\Program Files (x86)\PuTTY\;C:\Program Files (x86)\PDFtk\bin\;C:\Program Files\IDM Computer Solutions\UltraEdit;C:\Program Files (x86)\Workshare\Modules\;C:\ProgramData\chocolatey\bin;C:\Program Files (x86)\IVI Foundation\VISA\WinNT\Bin;C:\Program Files (x86)\EaseUS\Todo Backup\bin;C:\Program Files (x86)\HashiCorp\Vagrant\bin;C:\Program Files (x86)\Intel\Intel(R) Management Engine Components\DAL;C:\Program Files\Intel\Intel(R) Management Engine Components\DAL;C:\Program Files (x86)\Intel\Intel(R) Management Engine Components\IPT;C:\Program Files\Intel\Intel(R) Management Engine Components\IPT;C:\Program Files\TortoiseGit\bin;C:\Program Files\nodejs\;C:\Program Files\Git\cmd;C:\Program Files\Intel\WiFi\bin\;C:\Program Files\Common Files\Intel\WirelessCommon\;C:\Program Files (x86)\Yarn\bin\;C:\Program Files\Hugo;C:\Users\wuetherich\AppData\Local\Microsoft\WindowsApps;C:\Program Files\Microsoft VS Code\bin;C:\Users\wuetherich\AppData\Local\Yarn\bin;C:\Users\wuetherich\AppData\Local\Microsoft\WindowsApps;C:\Users\wuetherich\AppData\Roaming\npm, USERDOMAIN_ROAMINGPROFILE=wuetherich-P50, PROCESSOR_LEVEL=6, SYSTEMDRIVE=C:, FP_NO_HOST_CHECK=NO, VS140COMNTOOLS=C:\Program Files (x86)\Microsoft Visual Studio 14.0\Common7\Tools\, SESSIONNAME=Console, ALLUSERSPROFILE=C:\ProgramData, TVTCOMMON=C:\Program Files (x86)\Common Files\Lenovo, INTEL_DEV_REDIST=C:\Program Files (x86)\Common Files\Intel\Shared Libraries\, PROCESSOR_ARCHITECTURE=AMD64, MIC_LD_LIBRARY_PATH=C:\Program Files (x86)\Common Files\Intel\Shared Libraries\compiler\lib\mic, DRIVERDATA=C:\Windows\System32\Drivers\DriverData, VXIPNPPATH=C:\Program Files (x86)\IVI Foundation\VISA\, PROGRAMFILES=C:\Program Files, TVT=C:\Program Files (x86)\Lenovo, SWSHARE=C:\SWSHARE, PSMODULEPATH=C:\WINDOWS\system32\WindowsPowerShell\v1.0\Modules\, PROGRAMDATA=C:\ProgramData, CHOCOLATEYLASTPATHUPDATE=Wed Jul 27 21:37:16 2016, USERNAME=wuetherich, FPS_BROWSER_USER_PROFILE_STRING=Default, ONEDRIVE=C:\Users\wuetherich\OneDrive - gerd@gerd-wuetherich.de, CONFIGSETROOT=C:\WINDOWS\ConfigSetRoot, PATHEXT=.COM;.EXE;.BAT;.CMD;.VBS;.VBE;.JS;.JSE;.WSF;.WSH;.MSC, UOIPME_REG_PATH=C:\Program Files\Intel Corporation\USB over IP, WINDIR=C:\WINDOWS, HOMEPATH=\Users\wuetherich, PROCESSOR_IDENTIFIER=Intel64 Family 6 Model 94 Stepping 3, GenuineIntel, GYP_MSVS_VERSION=2015, WINDOWS_TRACING_LOGFILE=C:\BVTBin\Tests\installpackage\csilogfile.log, PUBLIC=C:\Users\Public, =::=::\, LOCALAPPDATA=C:\Users\wuetherich\AppData\Local, EASYPLUSSDK="C:\Program Files (x86)\Common Files\lenovo\easyplussdk\bin", COMMONPROGRAMFILES(X86)=C:\Program Files (x86)\Common Files, USERDOMAIN=wuetherich-P50, FPS_BROWSER_APP_PROFILE_STRING=Internet Explorer, LOGONSERVER=\\WUETHERICH-P50, PROMPT=$P$G, PROGRAMFILES(X86)=C:\Program Files (x86), ASL.LOG=Destination=file, CHOCOLATEYTOOLSLOCATION=C:\tools, WINDOWS_TRACING_FLAGS=3, APPDATA=C:\Users\wuetherich\AppData\Roaming, READYAPPS=C:\ProgramData\Lenovo\ReadyApps, PROGRAMW6432=C:\Program Files, SYSTEMROOT=C:\WINDOWS, CHOCOLATEYINSTALL=C:\ProgramData\chocolatey, VBOX_MSI_INSTALL_PATH=C:\Program Files\Oracle\VirtualBox\, OS=Windows_NT, COMMONPROGRAMW6432=C:\Program Files\Common Files, COMPUTERNAME=WUETHERICH-P50, COMMONPROGRAMFILES=C:\Program Files\Common Files, COMSPEC=C:\WINDOWS\system32\cmd.exe, PROCESSOR_REVISION=5e03, =D:=D:\50-Development\repositories\slizaa\slizaa-application\org.slizaa.server.rest, TEMP=C:\Users\WUETHE~1\AppData\Local\Temp, HOMEDRIVE=C:, USERPROFILE=C:\Users\wuetherich, TMP=C:\Users\WUETHE~1\AppData\Local\Temp, NUMBER_OF_PROCESSORS=8}}]
22:22:05.643 [main] DEBUG org.springframework.test.context.support.AnnotationConfigContextLoader - Registering annotated classes: {class org.slizaa.server.impl.ServerBackendStateMachineTest}
22:22:05.683 [main] INFO org.springframework.context.support.GenericApplicationContext - Refreshing org.springframework.context.support.GenericApplicationContext@358c99f5: startup date [Wed Oct 03 22:22:05 CEST 2018]; root of context hierarchy
22:22:05.684 [main] DEBUG org.springframework.context.support.GenericApplicationContext - Bean factory for org.springframework.context.support.GenericApplicationContext@358c99f5: org.springframework.beans.factory.support.DefaultListableBeanFactory@10e41621: defining beans [org.springframework.context.annotation.internalConfigurationAnnotationProcessor,org.springframework.context.annotation.internalAutowiredAnnotationProcessor,org.springframework.context.annotation.internalRequiredAnnotationProcessor,org.springframework.context.annotation.internalCommonAnnotationProcessor,org.springframework.context.event.internalEventListenerProcessor,org.springframework.context.event.internalEventListenerFactory,serverBackendStateMachineTest,org.springframework.boot.test.mock.mockito.MockitoPostProcessor$SpyPostProcessor,org.springframework.boot.test.mock.mockito.MockitoPostProcessor]; root of factory hierarchy
22:22:05.704 [main] DEBUG org.springframework.beans.factory.support.DefaultListableBeanFactory - Creating shared instance of singleton bean 'org.springframework.context.annotation.internalConfigurationAnnotationProcessor'
22:22:05.704 [main] DEBUG org.springframework.beans.factory.support.DefaultListableBeanFactory - Creating instance of bean 'org.springframework.context.annotation.internalConfigurationAnnotationProcessor'
22:22:05.723 [main] DEBUG org.springframework.beans.factory.support.DefaultListableBeanFactory - Eagerly caching bean 'org.springframework.context.annotation.internalConfigurationAnnotationProcessor' to allow for resolving potential circular references
22:22:05.725 [main] DEBUG org.springframework.beans.factory.support.DefaultListableBeanFactory - Finished creating instance of bean 'org.springframework.context.annotation.internalConfigurationAnnotationProcessor'
22:22:05.748 [main] DEBUG org.springframework.context.annotation.ClassPathBeanDefinitionScanner - JSR-250 'javax.annotation.ManagedBean' found and supported for component scanning
22:22:05.749 [main] DEBUG org.springframework.context.annotation.ClassPathBeanDefinitionScanner - JSR-330 'javax.inject.Named' annotation found and supported for component scanning
22:22:05.754 [main] DEBUG org.springframework.core.io.support.PathMatchingResourcePatternResolver - Resolved classpath location [org/slizaa/server/impl/] to resources [URL [file:/D:/50-Development/repositories/slizaa/slizaa-application/org.slizaa.server.rest/target/test-classes/org/slizaa/server/impl/]]
22:22:05.754 [main] DEBUG org.springframework.core.io.support.PathMatchingResourcePatternResolver - Looking for matching resources in directory tree [D:\50-Development\repositories\slizaa\slizaa-application\org.slizaa.server.rest\target\test-classes\org\slizaa\server\impl]
22:22:05.754 [main] DEBUG org.springframework.core.io.support.PathMatchingResourcePatternResolver - Searching directory [D:\50-Development\repositories\slizaa\slizaa-application\org.slizaa.server.rest\target\test-classes\org\slizaa\server\impl] for files matching pattern [D:/50-Development/repositories/slizaa/slizaa-application/org.slizaa.server.rest/target/test-classes/org/slizaa/server/impl/**/*.class]
22:22:05.758 [main] DEBUG org.springframework.core.io.support.PathMatchingResourcePatternResolver - Resolved location pattern [classpath*:org/slizaa/server/impl/**/*.class] to resources [file [D:\50-Development\repositories\slizaa\slizaa-application\org.slizaa.server.rest\target\test-classes\org\slizaa\server\impl\ServerBackendStateMachineTest.class]]
22:22:05.890 [main] DEBUG org.springframework.context.annotation.ConfigurationClassEnhancer - Successfully enhanced org.slizaa.server.impl.ServerBackendStateMachineTest; enhanced class name is: org.slizaa.server.impl.ServerBackendStateMachineTest$$EnhancerBySpringCGLIB$$2f6e5847
22:22:05.890 [main] DEBUG org.springframework.context.annotation.ConfigurationClassPostProcessor - Replacing bean definition 'serverBackendStateMachineTest' existing class 'org.slizaa.server.impl.ServerBackendStateMachineTest' with enhanced class 'org.slizaa.server.impl.ServerBackendStateMachineTest$$EnhancerBySpringCGLIB$$2f6e5847'
22:22:05.891 [main] DEBUG org.springframework.beans.factory.support.DefaultListableBeanFactory - Creating shared instance of singleton bean 'org.springframework.boot.test.mock.mockito.MockitoPostProcessor'
22:22:05.891 [main] DEBUG org.springframework.beans.factory.support.DefaultListableBeanFactory - Creating instance of bean 'org.springframework.boot.test.mock.mockito.MockitoPostProcessor'
22:22:05.921 [main] DEBUG org.springframework.beans.factory.support.DefaultListableBeanFactory - Eagerly caching bean 'org.springframework.boot.test.mock.mockito.MockitoPostProcessor' to allow for resolving potential circular references
22:22:05.944 [main] DEBUG org.springframework.beans.factory.support.DefaultListableBeanFactory - Finished creating instance of bean 'org.springframework.boot.test.mock.mockito.MockitoPostProcessor'
22:22:05.946 [main] DEBUG org.springframework.beans.factory.support.DefaultListableBeanFactory - Creating shared instance of singleton bean 'org.springframework.context.annotation.internalAutowiredAnnotationProcessor'
22:22:05.946 [main] DEBUG org.springframework.beans.factory.support.DefaultListableBeanFactory - Creating instance of bean 'org.springframework.context.annotation.internalAutowiredAnnotationProcessor'
22:22:05.946 [main] INFO org.springframework.beans.factory.annotation.AutowiredAnnotationBeanPostProcessor - JSR-330 'javax.inject.Inject' annotation found and supported for autowiring
22:22:05.946 [main] DEBUG org.springframework.beans.factory.support.DefaultListableBeanFactory - Eagerly caching bean 'org.springframework.context.annotation.internalAutowiredAnnotationProcessor' to allow for resolving potential circular references
22:22:05.951 [main] DEBUG org.springframework.beans.factory.support.DefaultListableBeanFactory - Finished creating instance of bean 'org.springframework.context.annotation.internalAutowiredAnnotationProcessor'
22:22:05.952 [main] DEBUG org.springframework.beans.factory.support.DefaultListableBeanFactory - Creating shared instance of singleton bean 'org.springframework.context.annotation.internalRequiredAnnotationProcessor'
22:22:05.952 [main] DEBUG org.springframework.beans.factory.support.DefaultListableBeanFactory - Creating instance of bean 'org.springframework.context.annotation.internalRequiredAnnotationProcessor'
22:22:05.952 [main] DEBUG org.springframework.beans.factory.support.DefaultListableBeanFactory - Eagerly caching bean 'org.springframework.context.annotation.internalRequiredAnnotationProcessor' to allow for resolving potential circular references
22:22:05.955 [main] DEBUG org.springframework.beans.factory.support.DefaultListableBeanFactory - Finished creating instance of bean 'org.springframework.context.annotation.internalRequiredAnnotationProcessor'
22:22:05.955 [main] DEBUG org.springframework.beans.factory.support.DefaultListableBeanFactory - Creating shared instance of singleton bean 'org.springframework.context.annotation.internalCommonAnnotationProcessor'
22:22:05.955 [main] DEBUG org.springframework.beans.factory.support.DefaultListableBeanFactory - Creating instance of bean 'org.springframework.context.annotation.internalCommonAnnotationProcessor'
22:22:05.959 [main] DEBUG org.springframework.beans.factory.support.DefaultListableBeanFactory - Eagerly caching bean 'org.springframework.context.annotation.internalCommonAnnotationProcessor' to allow for resolving potential circular references
22:22:05.967 [main] DEBUG org.springframework.beans.factory.support.DefaultListableBeanFactory - Finished creating instance of bean 'org.springframework.context.annotation.internalCommonAnnotationProcessor'
22:22:05.967 [main] DEBUG org.springframework.beans.factory.support.DefaultListableBeanFactory - Creating shared instance of singleton bean 'org.springframework.boot.test.mock.mockito.MockitoPostProcessor$SpyPostProcessor'
22:22:05.967 [main] DEBUG org.springframework.beans.factory.support.DefaultListableBeanFactory - Creating instance of bean 'org.springframework.boot.test.mock.mockito.MockitoPostProcessor$SpyPostProcessor'
22:22:05.976 [main] DEBUG org.springframework.beans.factory.support.DefaultListableBeanFactory - Returning cached instance of singleton bean 'org.springframework.boot.test.mock.mockito.MockitoPostProcessor'
22:22:05.977 [main] DEBUG org.springframework.beans.factory.support.DefaultListableBeanFactory - Eagerly caching bean 'org.springframework.boot.test.mock.mockito.MockitoPostProcessor$SpyPostProcessor' to allow for resolving potential circular references
22:22:05.980 [main] DEBUG org.springframework.beans.factory.support.DefaultListableBeanFactory - Finished creating instance of bean 'org.springframework.boot.test.mock.mockito.MockitoPostProcessor$SpyPostProcessor'
22:22:05.980 [main] DEBUG org.springframework.beans.factory.support.DefaultListableBeanFactory - Returning cached instance of singleton bean 'org.springframework.boot.test.mock.mockito.MockitoPostProcessor'
22:22:05.980 [main] DEBUG org.springframework.beans.factory.support.DefaultListableBeanFactory - Returning cached instance of singleton bean 'org.springframework.boot.test.autoconfigure.properties.PropertyMappingContextCustomizer$PropertyMappingCheckBeanPostProcessor'
22:22:05.982 [main] DEBUG org.springframework.context.support.GenericApplicationContext - Unable to locate MessageSource with name 'messageSource': using default [org.springframework.context.support.DelegatingMessageSource@53fdffa1]
22:22:05.984 [main] DEBUG org.springframework.context.support.GenericApplicationContext - Unable to locate ApplicationEventMulticaster with name 'applicationEventMulticaster': using default [org.springframework.context.event.SimpleApplicationEventMulticaster@f736069]
22:22:05.985 [main] DEBUG org.springframework.beans.factory.support.DefaultListableBeanFactory - Pre-instantiating singletons in org.springframework.beans.factory.support.DefaultListableBeanFactory@10e41621: defining beans [org.springframework.context.annotation.internalConfigurationAnnotationProcessor,org.springframework.context.annotation.internalAutowiredAnnotationProcessor,org.springframework.context.annotation.internalRequiredAnnotationProcessor,org.springframework.context.annotation.internalCommonAnnotationProcessor,org.springframework.context.event.internalEventListenerProcessor,org.springframework.context.event.internalEventListenerFactory,serverBackendStateMachineTest,org.springframework.boot.test.mock.mockito.MockitoPostProcessor$SpyPostProcessor,org.springframework.boot.test.mock.mockito.MockitoPostProcessor]; root of factory hierarchy
22:22:05.985 [main] DEBUG org.springframework.beans.factory.support.DefaultListableBeanFactory - Returning cached instance of singleton bean 'org.springframework.context.annotation.internalConfigurationAnnotationProcessor'
22:22:05.985 [main] DEBUG org.springframework.beans.factory.support.DefaultListableBeanFactory - Returning cached instance of singleton bean 'org.springframework.context.annotation.internalAutowiredAnnotationProcessor'
22:22:05.986 [main] DEBUG org.springframework.beans.factory.support.DefaultListableBeanFactory - Returning cached instance of singleton bean 'org.springframework.context.annotation.internalRequiredAnnotationProcessor'
22:22:05.986 [main] DEBUG org.springframework.beans.factory.support.DefaultListableBeanFactory - Returning cached instance of singleton bean 'org.springframework.context.annotation.internalCommonAnnotationProcessor'
22:22:05.986 [main] DEBUG org.springframework.beans.factory.support.DefaultListableBeanFactory - Creating shared instance of singleton bean 'org.springframework.context.event.internalEventListenerProcessor'
22:22:05.986 [main] DEBUG org.springframework.beans.factory.support.DefaultListableBeanFactory - Creating instance of bean 'org.springframework.context.event.internalEventListenerProcessor'
22:22:05.994 [main] DEBUG org.springframework.beans.factory.support.DefaultListableBeanFactory - Eagerly caching bean 'org.springframework.context.event.internalEventListenerProcessor' to allow for resolving potential circular references
22:22:05.999 [main] DEBUG org.springframework.beans.factory.support.DefaultListableBeanFactory - Finished creating instance of bean 'org.springframework.context.event.internalEventListenerProcessor'
22:22:05.999 [main] DEBUG org.springframework.beans.factory.support.DefaultListableBeanFactory - Creating shared instance of singleton bean 'org.springframework.context.event.internalEventListenerFactory'
22:22:05.999 [main] DEBUG org.springframework.beans.factory.support.DefaultListableBeanFactory - Creating instance of bean 'org.springframework.context.event.internalEventListenerFactory'
22:22:06.000 [main] DEBUG org.springframework.beans.factory.support.DefaultListableBeanFactory - Eagerly caching bean 'org.springframework.context.event.internalEventListenerFactory' to allow for resolving potential circular references
22:22:06.003 [main] DEBUG org.springframework.beans.factory.support.DefaultListableBeanFactory - Finished creating instance of bean 'org.springframework.context.event.internalEventListenerFactory'
22:22:06.004 [main] DEBUG org.springframework.beans.factory.support.DefaultListableBeanFactory - Creating shared instance of singleton bean 'serverBackendStateMachineTest'
22:22:06.004 [main] DEBUG org.springframework.beans.factory.support.DefaultListableBeanFactory - Creating instance of bean 'serverBackendStateMachineTest'
22:22:06.006 [main] DEBUG org.springframework.beans.factory.annotation.InjectionMetadata - Registered injected element on class [org.slizaa.server.impl.ServerBackendStateMachineTest$$EnhancerBySpringCGLIB$$2f6e5847]: AutowiredFieldElement for private org.springframework.statemachine.StateMachine org.slizaa.server.impl.ServerBackendStateMachineTest._stateMachine
22:22:06.006 [main] DEBUG org.springframework.beans.factory.support.DefaultListableBeanFactory - Eagerly caching bean 'serverBackendStateMachineTest' to allow for resolving potential circular references
22:22:06.011 [main] DEBUG org.springframework.beans.factory.annotation.InjectionMetadata - Processing injected element of bean 'serverBackendStateMachineTest': AutowiredFieldElement for private org.springframework.statemachine.StateMachine org.slizaa.server.impl.ServerBackendStateMachineTest._stateMachine
22:22:06.018 [main] WARN org.springframework.context.support.GenericApplicationContext - Exception encountered during context initialization - cancelling refresh attempt: org.springframework.beans.factory.UnsatisfiedDependencyException: Error creating bean with name 'serverBackendStateMachineTest': Unsatisfied dependency expressed through field '_stateMachine'; nested exception is org.springframework.beans.factory.NoSuchBeanDefinitionException: No qualifying bean of type 'org.springframework.statemachine.StateMachine<org.slizaa.server.backend.impl.ServerBackendStateMachine$States, org.slizaa.server.backend.impl.ServerBackendStateMachine$Events>' available: expected at least 1 bean which qualifies as autowire candidate. Dependency annotations: {@org.springframework.beans.factory.annotation.Autowired(required=true)}
22:22:06.018 [main] DEBUG org.springframework.beans.factory.support.DefaultListableBeanFactory - Destroying singletons in org.springframework.beans.factory.support.DefaultListableBeanFactory@10e41621: defining beans [org.springframework.context.annotation.internalConfigurationAnnotationProcessor,org.springframework.context.annotation.internalAutowiredAnnotationProcessor,org.springframework.context.annotation.internalRequiredAnnotationProcessor,org.springframework.context.annotation.internalCommonAnnotationProcessor,org.springframework.context.event.internalEventListenerProcessor,org.springframework.context.event.internalEventListenerFactory,serverBackendStateMachineTest,org.springframework.boot.test.mock.mockito.MockitoPostProcessor$SpyPostProcessor,org.springframework.boot.test.mock.mockito.MockitoPostProcessor]; root of factory hierarchy
22:22:06.023 [main] ERROR org.springframework.test.context.TestContextManager - Caught exception while allowing TestExecutionListener [org.springframework.test.context.support.DependencyInjectionTestExecutionListener@429bd883] to prepare test instance [org.slizaa.server.impl.ServerBackendStateMachineTest@5d47c63f]
java.lang.IllegalStateException: Failed to load ApplicationContext
	at org.springframework.test.context.cache.DefaultCacheAwareContextLoaderDelegate.loadContext(DefaultCacheAwareContextLoaderDelegate.java:125)
	at org.springframework.test.context.support.DefaultTestContext.getApplicationContext(DefaultTestContext.java:108)
	at org.springframework.test.context.support.DependencyInjectionTestExecutionListener.injectDependencies(DependencyInjectionTestExecutionListener.java:117)
	at org.springframework.test.context.support.DependencyInjectionTestExecutionListener.prepareTestInstance(DependencyInjectionTestExecutionListener.java:83)
	at org.springframework.test.context.TestContextManager.prepareTestInstance(TestContextManager.java:246)
	at org.springframework.test.context.junit4.SpringJUnit4ClassRunner.createTest(SpringJUnit4ClassRunner.java:227)
	at org.springframework.test.context.junit4.SpringJUnit4ClassRunner$1.runReflectiveCall(SpringJUnit4ClassRunner.java:289)
	at org.junit.internal.runners.model.ReflectiveCallable.run(ReflectiveCallable.java:12)
	at org.springframework.test.context.junit4.SpringJUnit4ClassRunner.methodBlock(SpringJUnit4ClassRunner.java:291)
	at org.springframework.test.context.junit4.SpringJUnit4ClassRunner.runChild(SpringJUnit4ClassRunner.java:246)
	at org.springframework.test.context.junit4.SpringJUnit4ClassRunner.runChild(SpringJUnit4ClassRunner.java:97)
	at org.junit.runners.ParentRunner$3.run(ParentRunner.java:290)
	at org.junit.runners.ParentRunner$1.schedule(ParentRunner.java:71)
	at org.junit.runners.ParentRunner.runChildren(ParentRunner.java:288)
	at org.junit.runners.ParentRunner.access$000(ParentRunner.java:58)
	at org.junit.runners.ParentRunner$2.evaluate(ParentRunner.java:268)
	at org.springframework.test.context.junit4.statements.RunBeforeTestClassCallbacks.evaluate(RunBeforeTestClassCallbacks.java:61)
	at org.springframework.test.context.junit4.statements.RunAfterTestClassCallbacks.evaluate(RunAfterTestClassCallbacks.java:70)
	at org.junit.runners.ParentRunner.run(ParentRunner.java:363)
	at org.springframework.test.context.junit4.SpringJUnit4ClassRunner.run(SpringJUnit4ClassRunner.java:190)
	at org.apache.maven.surefire.junit4.JUnit4Provider.execute(JUnit4Provider.java:365)
	at org.apache.maven.surefire.junit4.JUnit4Provider.executeWithRerun(JUnit4Provider.java:273)
	at org.apache.maven.surefire.junit4.JUnit4Provider.executeTestSet(JUnit4Provider.java:238)
	at org.apache.maven.surefire.junit4.JUnit4Provider.invoke(JUnit4Provider.java:159)
	at org.apache.maven.surefire.booter.ForkedBooter.invokeProviderInSameClassLoader(ForkedBooter.java:379)
	at org.apache.maven.surefire.booter.ForkedBooter.runSuitesInProcess(ForkedBooter.java:340)
	at org.apache.maven.surefire.booter.ForkedBooter.execute(ForkedBooter.java:125)
	at org.apache.maven.surefire.booter.ForkedBooter.main(ForkedBooter.java:413)
Caused by: org.springframework.beans.factory.UnsatisfiedDependencyException: Error creating bean with name 'serverBackendStateMachineTest': Unsatisfied dependency expressed through field '_stateMachine'; nested exception is org.springframework.beans.factory.NoSuchBeanDefinitionException: No qualifying bean of type 'org.springframework.statemachine.StateMachine<org.slizaa.server.backend.impl.ServerBackendStateMachine$States, org.slizaa.server.backend.impl.ServerBackendStateMachine$Events>' available: expected at least 1 bean which qualifies as autowire candidate. Dependency annotations: {@org.springframework.beans.factory.annotation.Autowired(required=true)}
	at org.springframework.beans.factory.annotation.AutowiredAnnotationBeanPostProcessor$AutowiredFieldElement.inject(AutowiredAnnotationBeanPostProcessor.java:587)
	at org.springframework.beans.factory.annotation.InjectionMetadata.inject(InjectionMetadata.java:91)
	at org.springframework.beans.factory.annotation.AutowiredAnnotationBeanPostProcessor.postProcessPropertyValues(AutowiredAnnotationBeanPostProcessor.java:373)
	at org.springframework.beans.factory.support.AbstractAutowireCapableBeanFactory.populateBean(AbstractAutowireCapableBeanFactory.java:1350)
	at org.springframework.beans.factory.support.AbstractAutowireCapableBeanFactory.doCreateBean(AbstractAutowireCapableBeanFactory.java:580)
	at org.springframework.beans.factory.support.AbstractAutowireCapableBeanFactory.createBean(AbstractAutowireCapableBeanFactory.java:503)
	at org.springframework.beans.factory.support.AbstractBeanFactory.lambda$doGetBean$0(AbstractBeanFactory.java:317)
	at org.springframework.beans.factory.support.DefaultSingletonBeanRegistry.getSingleton(DefaultSingletonBeanRegistry.java:222)
	at org.springframework.beans.factory.support.AbstractBeanFactory.doGetBean(AbstractBeanFactory.java:315)
	at org.springframework.beans.factory.support.AbstractBeanFactory.getBean(AbstractBeanFactory.java:199)
	at org.springframework.beans.factory.support.DefaultListableBeanFactory.preInstantiateSingletons(DefaultListableBeanFactory.java:760)
	at org.springframework.context.support.AbstractApplicationContext.finishBeanFactoryInitialization(AbstractApplicationContext.java:869)
	at org.springframework.context.support.AbstractApplicationContext.refresh(AbstractApplicationContext.java:550)
	at org.springframework.test.context.support.AbstractGenericContextLoader.loadContext(AbstractGenericContextLoader.java:128)
	at org.springframework.test.context.support.AbstractGenericContextLoader.loadContext(AbstractGenericContextLoader.java:60)
	at org.springframework.test.context.support.AbstractDelegatingSmartContextLoader.delegateLoading(AbstractDelegatingSmartContextLoader.java:107)
	at org.springframework.test.context.support.AbstractDelegatingSmartContextLoader.loadContext(AbstractDelegatingSmartContextLoader.java:243)
	at org.springframework.test.context.cache.DefaultCacheAwareContextLoaderDelegate.loadContextInternal(DefaultCacheAwareContextLoaderDelegate.java:99)
	at org.springframework.test.context.cache.DefaultCacheAwareContextLoaderDelegate.loadContext(DefaultCacheAwareContextLoaderDelegate.java:117)
	... 27 common frames omitted
Caused by: org.springframework.beans.factory.NoSuchBeanDefinitionException: No qualifying bean of type 'org.springframework.statemachine.StateMachine<org.slizaa.server.backend.impl.ServerBackendStateMachine$States, org.slizaa.server.backend.impl.ServerBackendStateMachine$Events>' available: expected at least 1 bean which qualifies as autowire candidate. Dependency annotations: {@org.springframework.beans.factory.annotation.Autowired(required=true)}
	at org.springframework.beans.factory.support.DefaultListableBeanFactory.raiseNoMatchingBeanFound(DefaultListableBeanFactory.java:1509)
	at org.springframework.beans.factory.support.DefaultListableBeanFactory.doResolveDependency(DefaultListableBeanFactory.java:1104)
	at org.springframework.beans.factory.support.DefaultListableBeanFactory.resolveDependency(DefaultListableBeanFactory.java:1065)
	at org.springframework.beans.factory.annotation.AutowiredAnnotationBeanPostProcessor$AutowiredFieldElement.inject(AutowiredAnnotationBeanPostProcessor.java:584)
	... 45 common frames omitted
]]></system-out>
  </testcase>
</testsuite>