-------------------------------------------------------------------------------
Test set: org.slizaa.server.backend.ServerBackendStateMachineTest
-------------------------------------------------------------------------------
Tests run: 1, Failures: 0, Errors: 1, Skipped: 0, Time elapsed: 1.705 s <<< FAILURE! - in org.slizaa.server.backend.ServerBackendStateMachineTest
testTest(org.slizaa.server.backend.ServerBackendStateMachineTest)  Time elapsed: 0.005 s  <<< ERROR!
java.lang.IllegalStateException: Failed to load ApplicationContext
Caused by: org.springframework.beans.factory.UnsatisfiedDependencyException: Error creating bean with name 'serverBackendStateMachine': Unsatisfied dependency expressed through field '_context'; nested exception is org.springframework.beans.factory.UnsatisfiedDependencyException: Error creating bean with name 'slizaaServerBackendImpl': Unsatisfied dependency expressed through field '_extensionService'; nested exception is org.springframework.beans.factory.NoSuchBeanDefinitionException: No qualifying bean of type 'org.slizaa.server.extensions.IExtensionService' available: expected at least 1 bean which qualifies as autowire candidate. Dependency annotations: {@org.springframework.beans.factory.annotation.Autowired(required=true)}
Caused by: org.springframework.beans.factory.UnsatisfiedDependencyException: Error creating bean with name 'slizaaServerBackendImpl': Unsatisfied dependency expressed through field '_extensionService'; nested exception is org.springframework.beans.factory.NoSuchBeanDefinitionException: No qualifying bean of type 'org.slizaa.server.extensions.IExtensionService' available: expected at least 1 bean which qualifies as autowire candidate. Dependency annotations: {@org.springframework.beans.factory.annotation.Autowired(required=true)}
Caused by: org.springframework.beans.factory.NoSuchBeanDefinitionException: No qualifying bean of type 'org.slizaa.server.extensions.IExtensionService' available: expected at least 1 bean which qualifies as autowire candidate. Dependency annotations: {@org.springframework.beans.factory.annotation.Autowired(required=true)}

