<?xml version="1.0" encoding="UTF-8"?>
<testsuite xmlns:xsi="http://www.w3.org/2001/XMLSchema-instance" xsi:noNamespaceSchemaLocation="https://maven.apache.org/surefire/maven-surefire-plugin/xsd/surefire-test-report.xsd" name="org.slizaa.server.backend.ServerBackendStateMachineTest" time="1.705" tests="1" errors="1" skipped="0" failures="0">
  <properties>
[...]
</properties>
  <testcase name="testTest" classname="org.slizaa.server.backend.ServerBackendStateMachineTest" time="0.005">
    <error message="Failed to load ApplicationContext" type="java.lang.IllegalStateException">java.lang.IllegalStateException: Failed to load ApplicationContext
Caused by: org.springframework.beans.factory.UnsatisfiedDependencyException: Error creating bean with name 'serverBackendStateMachine': Unsatisfied dependency expressed through field '_context'; nested exception is org.springframework.beans.factory.UnsatisfiedDependencyException: Error creating bean with name 'slizaaServerBackendImpl': Unsatisfied dependency expressed through field '_extensionService'; nested exception is org.springframework.beans.factory.NoSuchBeanDefinitionException: No qualifying bean of type 'org.slizaa.server.extensions.IExtensionService' available: expected at least 1 bean which qualifies as autowire candidate. Dependency annotations: {@org.springframework.beans.factory.annotation.Autowired(required=true)}
Caused by: org.springframework.beans.factory.UnsatisfiedDependencyException: Error creating bean with name 'slizaaServerBackendImpl': Unsatisfied dependency expressed through field '_extensionService'; nested exception is org.springframework.beans.factory.NoSuchBeanDefinitionException: No qualifying bean of type 'org.slizaa.server.extensions.IExtensionService' available: expected at least 1 bean which qualifies as autowire candidate. Dependency annotations: {@org.springframework.beans.factory.annotation.Autowired(required=true)}
Caused by: org.springframework.beans.factory.NoSuchBeanDefinitionException: No qualifying bean of type 'org.slizaa.server.extensions.IExtensionService' available: expected at least 1 bean which qualifies as autowire candidate. Dependency annotations: {@org.springframework.beans.factory.annotation.Autowired(required=true)}
</error>
    <system-out><![CDATA[07:07:41.295 [main] DEBUG org.springframework.test.context.junit4.SpringJUnit4ClassRunner - SpringJUnit4ClassRunner constructor called with [class org.slizaa.server.backend.ServerBackendStateMachineTest]
07:07:41.304 [main] DEBUG org.springframework.test.context.BootstrapUtils - Instantiating CacheAwareContextLoaderDelegate from class [org.springframework.test.context.cache.DefaultCacheAwareContextLoaderDelegate]
07:07:41.314 [main] DEBUG org.springframework.test.context.BootstrapUtils - Instantiating BootstrapContext using constructor [public org.springframework.test.context.support.DefaultBootstrapContext(java.lang.Class,org.springframework.test.context.CacheAwareContextLoaderDelegate)]
07:07:41.327 [main] DEBUG org.springframework.test.context.BootstrapUtils - Instantiating TestContextBootstrapper for test class [org.slizaa.server.backend.ServerBackendStateMachineTest] from class [org.springframework.test.context.support.DefaultTestContextBootstrapper]
07:07:41.358 [main] DEBUG org.springframework.test.context.support.AbstractDelegatingSmartContextLoader - Delegating to AnnotationConfigContextLoader to process context configuration [ContextConfigurationAttributes@43bd930a declaringClass = 'org.slizaa.server.backend.ServerBackendStateMachineTest', classes = '{class org.slizaa.server.backend.ServerBackendStateMachineTest}', locations = '{}', inheritLocations = true, initializers = '{}', inheritInitializers = true, name = [null], contextLoaderClass = 'org.springframework.test.context.ContextLoader'].
07:07:41.419 [main] DEBUG org.springframework.test.context.support.ActiveProfilesUtils - Could not find an 'annotation declaring class' for annotation type [org.springframework.test.context.ActiveProfiles] and class [org.slizaa.server.backend.ServerBackendStateMachineTest]
07:07:41.420 [main] DEBUG org.springframework.test.context.support.DefaultTestContextBootstrapper - @TestExecutionListeners is not present for class [org.slizaa.server.backend.ServerBackendStateMachineTest]: using defaults.
07:07:41.421 [main] INFO org.springframework.test.context.support.DefaultTestContextBootstrapper - Loaded default TestExecutionListener class names from location [META-INF/spring.factories]: [org.springframework.boot.test.mock.mockito.MockitoTestExecutionListener, org.springframework.boot.test.mock.mockito.ResetMocksTestExecutionListener, org.springframework.boot.test.autoconfigure.restdocs.RestDocsTestExecutionListener, org.springframework.boot.test.autoconfigure.web.client.MockRestServiceServerResetTestExecutionListener, org.springframework.boot.test.autoconfigure.web.servlet.MockMvcPrintOnlyOnFailureTestExecutionListener, org.springframework.boot.test.autoconfigure.web.servlet.WebDriverTestExecutionListener, org.springframework.test.context.web.ServletTestExecutionListener, org.springframework.test.context.support.DirtiesContextBeforeModesTestExecutionListener, org.springframework.test.context.support.DependencyInjectionTestExecutionListener, org.springframework.test.context.support.DirtiesContextTestExecutionListener, org.springframework.test.context.transaction.TransactionalTestExecutionListener, org.springframework.test.context.jdbc.SqlScriptsTestExecutionListener]
07:07:41.430 [main] DEBUG org.springframework.test.context.support.DefaultTestContextBootstrapper - Skipping candidate TestExecutionListener [org.springframework.test.context.web.ServletTestExecutionListener] due to a missing dependency. Specify custom listener classes or make the default listener classes and their required dependencies available. Offending class: [javax/servlet/ServletContext]
07:07:41.443 [main] INFO org.springframework.test.context.support.DefaultTestContextBootstrapper - Using TestExecutionListeners: [org.springframework.test.context.support.DirtiesContextBeforeModesTestExecutionListener@429bd883, org.springframework.boot.test.mock.mockito.MockitoTestExecutionListener@4d49af10, org.springframework.test.context.support.DependencyInjectionTestExecutionListener@279ad2e3, org.springframework.test.context.support.DirtiesContextTestExecutionListener@58134517, org.springframework.test.context.transaction.TransactionalTestExecutionListener@4450d156, org.springframework.test.context.jdbc.SqlScriptsTestExecutionListener@4461c7e3, org.springframework.boot.test.mock.mockito.ResetMocksTestExecutionListener@351d0846, org.springframework.boot.test.autoconfigure.restdocs.RestDocsTestExecutionListener@77e4c80f, org.springframework.boot.test.autoconfigure.web.client.MockRestServiceServerResetTestExecutionListener@35fc6dc4, org.springframework.boot.test.autoconfigure.web.servlet.MockMvcPrintOnlyOnFailureTestExecutionListener@7fe8ea47, org.springframework.boot.test.autoconfigure.web.servlet.WebDriverTestExecutionListener@226a82c4]
07:07:41.445 [main] DEBUG org.springframework.test.annotation.ProfileValueUtils - Retrieved @ProfileValueSourceConfiguration [null] for test class [org.slizaa.server.backend.ServerBackendStateMachineTest]
07:07:41.445 [main] DEBUG org.springframework.test.annotation.ProfileValueUtils - Retrieved ProfileValueSource type [class org.springframework.test.annotation.SystemProfileValueSource] for class [org.slizaa.server.backend.ServerBackendStateMachineTest]
07:07:41.447 [main] DEBUG org.springframework.test.annotation.ProfileValueUtils - Retrieved @ProfileValueSourceConfiguration [null] for test class [org.slizaa.server.backend.ServerBackendStateMachineTest]
07:07:41.447 [main] DEBUG org.springframework.test.annotation.ProfileValueUtils - Retrieved ProfileValueSource type [class org.springframework.test.annotation.SystemProfileValueSource] for class [org.slizaa.server.backend.ServerBackendStateMachineTest]
07:07:41.448 [main] DEBUG org.springframework.test.annotation.ProfileValueUtils - Retrieved @ProfileValueSourceConfiguration [null] for test class [org.slizaa.server.backend.ServerBackendStateMachineTest]
07:07:41.448 [main] DEBUG org.springframework.test.annotation.ProfileValueUtils - Retrieved ProfileValueSource type [class org.springframework.test.annotation.SystemProfileValueSource] for class [org.slizaa.server.backend.ServerBackendStateMachineTest]
07:07:41.450 [main] DEBUG org.springframework.test.context.support.AbstractDirtiesContextTestExecutionListener - Before test class: context [DefaultTestContext@c540f5a testClass = ServerBackendStateMachineTest, testInstance = [null], testMethod = [null], testException = [null], mergedContextConfiguration = [MergedContextConfiguration@770c2e6b testClass = ServerBackendStateMachineTest, locations = '{}', classes = '{class org.slizaa.server.backend.ServerBackendStateMachineTest}', contextInitializerClasses = '[]', activeProfiles = '{}', propertySourceLocations = '{}', propertySourceProperties = '{}', contextCustomizers = set[org.springframework.boot.test.context.filter.ExcludeFilterContextCustomizer@16022d9d, org.springframework.boot.test.json.DuplicateJsonObjectContextCustomizerFactory$DuplicateJsonObjectContextCustomizer@768b970c, org.springframework.boot.test.mock.mockito.MockitoContextCustomizer@0, org.springframework.boot.test.autoconfigure.properties.PropertyMappingContextCustomizer@0, org.springframework.boot.test.autoconfigure.web.servlet.WebDriverContextCustomizerFactory$Customizer@70a9f84e], contextLoader = 'org.springframework.test.context.support.DelegatingSmartContextLoader', parent = [null]], attributes = map[[empty]]], class annotated with @DirtiesContext [false] with mode [null].
07:07:41.450 [main] DEBUG org.springframework.test.annotation.ProfileValueUtils - Retrieved @ProfileValueSourceConfiguration [null] for test class [org.slizaa.server.backend.ServerBackendStateMachineTest]
07:07:41.451 [main] DEBUG org.springframework.test.annotation.ProfileValueUtils - Retrieved ProfileValueSource type [class org.springframework.test.annotation.SystemProfileValueSource] for class [org.slizaa.server.backend.ServerBackendStateMachineTest]
07:07:41.457 [main] DEBUG org.springframework.test.context.support.DependencyInjectionTestExecutionListener - Performing dependency injection for test context [[DefaultTestContext@c540f5a testClass = ServerBackendStateMachineTest, testInstance = org.slizaa.server.backend.ServerBackendStateMachineTest@67e2d983, testMethod = [null], testException = [null], mergedContextConfiguration = [MergedContextConfiguration@770c2e6b testClass = ServerBackendStateMachineTest, locations = '{}', classes = '{class org.slizaa.server.backend.ServerBackendStateMachineTest}', contextInitializerClasses = '[]', activeProfiles = '{}', propertySourceLocations = '{}', propertySourceProperties = '{}', contextCustomizers = set[org.springframework.boot.test.context.filter.ExcludeFilterContextCustomizer@16022d9d, org.springframework.boot.test.json.DuplicateJsonObjectContextCustomizerFactory$DuplicateJsonObjectContextCustomizer@768b970c, org.springframework.boot.test.mock.mockito.MockitoContextCustomizer@0, org.springframework.boot.test.autoconfigure.properties.PropertyMappingContextCustomizer@0, org.springframework.boot.test.autoconfigure.web.servlet.WebDriverContextCustomizerFactory$Customizer@70a9f84e], contextLoader = 'org.springframework.test.context.support.DelegatingSmartContextLoader', parent = [null]], attributes = map[[empty]]]].
07:07:41.458 [main] DEBUG org.springframework.test.context.support.AbstractDelegatingSmartContextLoader - Delegating to AnnotationConfigContextLoader to load context from [MergedContextConfiguration@770c2e6b testClass = ServerBackendStateMachineTest, locations = '{}', classes = '{class org.slizaa.server.backend.ServerBackendStateMachineTest}', contextInitializerClasses = '[]', activeProfiles = '{}', propertySourceLocations = '{}', propertySourceProperties = '{}', contextCustomizers = set[org.springframework.boot.test.context.filter.ExcludeFilterContextCustomizer@16022d9d, org.springframework.boot.test.json.DuplicateJsonObjectContextCustomizerFactory$DuplicateJsonObjectContextCustomizer@768b970c, org.springframework.boot.test.mock.mockito.MockitoContextCustomizer@0, org.springframework.boot.test.autoconfigure.properties.PropertyMappingContextCustomizer@0, org.springframework.boot.test.autoconfigure.web.servlet.WebDriverContextCustomizerFactory$Customizer@70a9f84e], contextLoader = 'org.springframework.test.context.support.DelegatingSmartContextLoader', parent = [null]].
07:07:41.458 [main] DEBUG org.springframework.test.context.support.AbstractGenericContextLoader - Loading ApplicationContext for merged context configuration [[MergedContextConfiguration@770c2e6b testClass = ServerBackendStateMachineTest, locations = '{}', classes = '{class org.slizaa.server.backend.ServerBackendStateMachineTest}', contextInitializerClasses = '[]', activeProfiles = '{}', propertySourceLocations = '{}', propertySourceProperties = '{}', contextCustomizers = set[org.springframework.boot.test.context.filter.ExcludeFilterContextCustomizer@16022d9d, org.springframework.boot.test.json.DuplicateJsonObjectContextCustomizerFactory$DuplicateJsonObjectContextCustomizer@768b970c, org.springframework.boot.test.mock.mockito.MockitoContextCustomizer@0, org.springframework.boot.test.autoconfigure.properties.PropertyMappingContextCustomizer@0, org.springframework.boot.test.autoconfigure.web.servlet.WebDriverContextCustomizerFactory$Customizer@70a9f84e], contextLoader = 'org.springframework.test.context.support.DelegatingSmartContextLoader', parent = [null]]].
07:07:41.506 [main] DEBUG org.springframework.core.env.StandardEnvironment - Adding PropertySource 'systemProperties' with lowest search precedence
07:07:41.506 [main] DEBUG org.springframework.core.env.StandardEnvironment - Adding PropertySource 'systemEnvironment' with lowest search precedence
07:07:41.507 [main] DEBUG org.springframework.core.env.StandardEnvironment - Initialized StandardEnvironment with PropertySources [MapPropertySource@690521419 {name='systemProperties', properties={idea.version=2018.2.5, java.runtime.name=Java(TM) SE Runtime Environment, sun.boot.library.path=C:\Program Files\Java\jdk1.8.0_77\jre\bin, java.vm.version=25.77-b03, java.vm.vendor=Oracle Corporation, java.vendor.url=http://java.oracle.com/, path.separator=;, java.vm.name=Java HotSpot(TM) 64-Bit Server VM, file.encoding.pkg=sun.io, user.country=DE, user.script=, sun.java.launcher=SUN_STANDARD, sun.os.patch.level=, java.vm.specification.name=Java Virtual Machine Specification, user.dir=D:\50-Development\repositories\slizaa\slizaa-application\org.slizaa.server.backend, java.runtime.version=1.8.0_77-b03, basedir=D:\50-Development\repositories\slizaa\slizaa-application\org.slizaa.server.backend, java.awt.graphicsenv=sun.awt.Win32GraphicsEnvironment, java.endorsed.dirs=C:\Program Files\Java\jdk1.8.0_77\jre\lib\endorsed, os.arch=amd64, surefire.real.class.path=C:\Users\WUETHE~1\AppData\Local\Temp\surefire997831646967483350\surefirebooter2922643141622080543.jar, java.io.tmpdir=C:\Users\WUETHE~1\AppData\Local\Temp\, line.separator=
, java.vm.specification.vendor=Oracle Corporation, user.variant=, os.name=Windows 10, sun.jnu.encoding=Cp1252, java.library.path=C:\Program Files\Java\jdk1.8.0_77\jre\bin;C:\WINDOWS\Sun\Java\bin;C:\WINDOWS\system32;C:\WINDOWS;C:\Program Files\Docker\Docker\Resources\bin;C:\Program Files (x86)\Intel\iCLS Client;C:\Program Files (x86)\Common Files\Intel\Shared Libraries\redist\ia32\compiler;C:\Program Files (x86)\Common Files\Intel\Shared Libraries\redist\intel64\compiler;C:\Program Files (x86)\Business Objects\Common\3.5\bin\NOTES;C:\Program Files (x86)\Business Objects\Common\3.5\bin\NOTES\DATA;C:\ProgramData\Oracle\Java\javapath;C:\Program Files\Intel\iCLS Client;C:\WINDOWS\system32;C:\WINDOWS;C:\WINDOWS\System32\Wbem;C:\WINDOWS\System32\WindowsPowerShell\v1.0;C:\Program Files\Lenovo\Touch Fingerprint Software;C:\Program Files (x86)\Common Files\Lenovo;C:\ProgramData\Lenovo\ReadyApps;C:\Program Files (x86)\Common Files\lenovo\easyplussdk\bin;C:\Program Files\OpenVPN\bin;C:\Program Files (x86)\PuTTY;C:\Program Files (x86)\PDFtk\bin;C:\Program Files\IDM Computer Solutions\UltraEdit;C:\ProgramData\chocolatey\bin;C:\Program Files (x86)\IVI Foundation\VISA\WinNT\Bin;C:\Program Files (x86)\EaseUS\Todo Backup\bin;C:\Program Files (x86)\Intel\Intel(R) Management Engine Components\DAL;C:\Program Files\Intel\Intel(R) Management Engine Components\DAL;C:\Program Files (x86)\Intel\Intel(R) Management Engine Components\IPT;C:\Program Files\Intel\Intel(R) Management Engine Components\IPT;C:\Program Files\TortoiseGit\bin;C:\Program Files\Intel\WiFi\bin;C:\Program Files\Common Files\Intel\WirelessCommon;C:\Program Files (x86)\Yarn\bin;C:\Program Files (x86)\Windows Kits\8.1\Windows Performance Toolkit;C:\WINDOWS\System32\OpenSSH;C:\Program Files\nodejs;C:\Program Files\Microsoft VS Code\bin;D:\50-Development\software\apache-maven-3.5.4\bin;C:\Program Files\Git\cmd;C:\Program Files\Intel\WiFi\bin\;C:\Program Files\Common Files\Intel\WirelessCommon\;C:\Users\wuetherich\.windows-build-tools\python27\;C:\Users\wuetherich\AppData\Roaming\npm\node_modules\npm\node_modules\npm-lifecycle\node-gyp-bin;C:\Users\wuetherich\AppData\Roaming\npm\node_modules\windows-build-tools\node_modules\.bin;C:\Users\wuetherich\AppData\Roaming\npm\node_modules\.bin;C:\Program Files\Docker\Docker\Resources\bin;C:\Program Files (x86)\Intel\iCLS Client\;C:\Program Files (x86)\Common Files\Intel\Shared Libraries\redist\ia32\compiler;C:\Program Files (x86)\Common Files\Intel\Shared Libraries\redist\intel64\compiler;C:\Program Files (x86)\Business Objects\Common\3.5\bin\NOTES\;C:\Program Files (x86)\Business Objects\Common\3.5\bin\NOTES\DATA\;C:\ProgramData\Oracle\Java\javapath;C:\Program Files\Intel\iCLS Client\;C:\WINDOWS\system32;C:\WINDOWS;C:\WINDOWS\System32\Wbem;C:\WINDOWS\System32\WindowsPowerShell\v1.0\;C:\Program Files\Lenovo\Touch Fingerprint Software\;C:\Program Files (x86)\Common Files\Lenovo;C:\ProgramData\Lenovo\ReadyApps;C:\Program Files (x86)\Common Files\lenovo\easyplussdk\bin;C:\Program Files\OpenVPN\bin;C:\Program Files (x86)\PuTTY\;C:\Program Files (x86)\PDFtk\bin\;C:\Program Files\IDM Computer Solutions\UltraEdit;C:\Program Files (x86)\Workshare\Modules\;C:\ProgramData\chocolatey\bin;C:\Program Files (x86)\IVI Foundation\VISA\WinNT\Bin;C:\Program Files (x86)\EaseUS\Todo Backup\bin;C:\Program Files (x86)\HashiCorp\Vagrant\bin;C:\Program Files (x86)\Intel\Intel(R) Management Engine Components\DAL;C:\Program Files\Intel\Intel(R) Management Engine Components\DAL;C:\Program Files (x86)\Intel\Intel(R) Management Engine Components\IPT;C:\Program Files\Intel\Intel(R) Management Engine Components\IPT;C:\Program Files\TortoiseGit\bin;C:\Program Files\nodejs\;C:\Program Files\Git\cmd;C:\Program Files\Intel\WiFi\bin\;C:\Program Files\Common Files\Intel\WirelessCommon\;C:\Program Files (x86)\Yarn\bin\;C:\Program Files\Hugo;C:\Users\wuetherich\AppData\Local\Microsoft\WindowsApps;C:\Program Files\Microsoft VS Code\bin;C:\Users\wuetherich\AppData\Local\Yarn\bin;C:\Users\wuetherich\AppData\Local\Microsoft\WindowsApps;C:\Users\wuetherich\AppData\Roaming\npm;., surefire.test.class.path=D:\50-Development\repositories\slizaa\slizaa-application\org.slizaa.server.backend\target\test-classes;D:\50-Development\repositories\slizaa\slizaa-application\org.slizaa.server.backend\target\classes;C:\Users\wuetherich\.m2\repository\org\springframework\spring-context\5.0.7.RELEASE\spring-context-5.0.7.RELEASE.jar;C:\Users\wuetherich\.m2\repository\org\springframework\spring-aop\5.0.7.RELEASE\spring-aop-5.0.7.RELEASE.jar;C:\Users\wuetherich\.m2\repository\org\springframework\spring-beans\5.0.7.RELEASE\spring-beans-5.0.7.RELEASE.jar;C:\Users\wuetherich\.m2\repository\org\springframework\spring-core\5.0.7.RELEASE\spring-core-5.0.7.RELEASE.jar;C:\Users\wuetherich\.m2\repository\org\springframework\spring-jcl\5.0.7.RELEASE\spring-jcl-5.0.7.RELEASE.jar;C:\Users\wuetherich\.m2\repository\org\springframework\spring-expression\5.0.7.RELEASE\spring-expression-5.0.7.RELEASE.jar;C:\Users\wuetherich\.m2\repository\com\google\guava\guava\21.0\guava-21.0.jar;C:\Users\wuetherich\.m2\repository\org\springframework\statemachine\spring-statemachine-core\2.0.2.RELEASE\spring-statemachine-core-2.0.2.RELEASE.jar;C:\Users\wuetherich\.m2\repository\org\springframework\spring-tx\5.0.7.RELEASE\spring-tx-5.0.7.RELEASE.jar;C:\Users\wuetherich\.m2\repository\org\springframework\spring-messaging\5.0.7.RELEASE\spring-messaging-5.0.7.RELEASE.jar;C:\Users\wuetherich\.m2\repository\org\slizaa\core\org.slizaa.core.mvnresolver.uber\1.0.0-SNAPSHOT\org.slizaa.core.mvnresolver.uber-1.0.0-SNAPSHOT.jar;C:\Users\wuetherich\.m2\repository\org\slizaa\scanner\org.slizaa.scanner.spi-api\1.0.0-SNAPSHOT\org.slizaa.scanner.spi-api-1.0.0-SNAPSHOT.jar;C:\Users\wuetherich\.m2\repository\org\slf4j\slf4j-api\1.7.25\slf4j-api-1.7.25.jar;C:\Users\wuetherich\.m2\repository\org\slizaa\core\org.slizaa.core.progressmonitor\1.0.0-SNAPSHOT\org.slizaa.core.progressmonitor-1.0.0-SNAPSHOT.jar;C:\Users\wuetherich\.m2\repository\org\slizaa\scanner\org.slizaa.scanner.cypherregistry\1.0.0-SNAPSHOT\org.slizaa.scanner.cypherregistry-1.0.0-SNAPSHOT.jar;C:\Users\wuetherich\.m2\repository\org\osgi\osgi.core\5.0.0\osgi.core-5.0.0.jar;C:\Users\wuetherich\.m2\repository\io\github\classgraph\classgraph\4.1.7\classgraph-4.1.7.jar;C:\Users\wuetherich\.m2\repository\org\slizaa\hierarchicalgraph\graphdb\org.slizaa.hierarchicalgraph.graphdb.mapping.spi\1.0.0-SNAPSHOT\org.slizaa.hierarchicalgraph.graphdb.mapping.spi-1.0.0-SNAPSHOT.jar;C:\Users\wuetherich\.m2\repository\org\slizaa\hierarchicalgraph\graphdb\org.slizaa.hierarchicalgraph.graphdb.model\1.0.0-SNAPSHOT\org.slizaa.hierarchicalgraph.graphdb.model-1.0.0-SNAPSHOT.jar;C:\Users\wuetherich\.m2\repository\org\slizaa\core\org.slizaa.core.boltclient\1.0.0-SNAPSHOT\org.slizaa.core.boltclient-1.0.0-SNAPSHOT.jar;C:\Users\wuetherich\.m2\repository\org\neo4j\driver\neo4j-java-driver\1.6.1\neo4j-java-driver-1.6.1.jar;C:\Users\wuetherich\.m2\repository\com\google\code\gson\gson\2.8.5\gson-2.8.5.jar;C:\Users\wuetherich\.m2\repository\org\osgi\org.osgi.service.component.annotations\1.3.0\org.osgi.service.component.annotations-1.3.0.jar;C:\Users\wuetherich\.m2\repository\org\eclipse\emf\org.eclipse.emf.common\2.12.0\org.eclipse.emf.common-2.12.0.jar;C:\Users\wuetherich\.m2\repository\org\eclipse\emf\org.eclipse.emf.ecore\2.12.0\org.eclipse.emf.ecore-2.12.0.jar;C:\Users\wuetherich\.m2\repository\org\eclipse\emf\org.eclipse.emf.edit\2.12.0\org.eclipse.emf.edit-2.12.0.jar;C:\Users\wuetherich\.m2\repository\org\slizaa\hierarchicalgraph\core\org.slizaa.hierarchicalgraph.core.model\1.0.0-SNAPSHOT\org.slizaa.hierarchicalgraph.core.model-1.0.0-SNAPSHOT.jar;D:\50-Development\repositories\slizaa\slizaa-application\org.slizaa.server.extensions\target\org.slizaa.server.extensions-1.0-SNAPSHOT.jar;C:\Users\wuetherich\.m2\repository\org\springframework\boot\spring-boot-starter-test\2.0.3.RELEASE\spring-boot-starter-test-2.0.3.RELEASE.jar;C:\Users\wuetherich\.m2\repository\org\springframework\boot\spring-boot-starter\2.0.3.RELEASE\spring-boot-starter-2.0.3.RELEASE.jar;C:\Users\wuetherich\.m2\repository\org\springframework\boot\spring-boot\2.0.3.RELEASE\spring-boot-2.0.3.RELEASE.jar;C:\Users\wuetherich\.m2\repository\org\springframework\boot\spring-boot-autoconfigure\2.0.3.RELEASE\spring-boot-autoconfigure-2.0.3.RELEASE.jar;C:\Users\wuetherich\.m2\repository\org\springframework\boot\spring-boot-starter-logging\2.0.3.RELEASE\spring-boot-starter-logging-2.0.3.RELEASE.jar;C:\Users\wuetherich\.m2\repository\ch\qos\logback\logback-classic\1.2.3\logback-classic-1.2.3.jar;C:\Users\wuetherich\.m2\repository\ch\qos\logback\logback-core\1.2.3\logback-core-1.2.3.jar;C:\Users\wuetherich\.m2\repository\org\apache\logging\log4j\log4j-to-slf4j\2.10.0\log4j-to-slf4j-2.10.0.jar;C:\Users\wuetherich\.m2\repository\org\apache\logging\log4j\log4j-api\2.10.0\log4j-api-2.10.0.jar;C:\Users\wuetherich\.m2\repository\org\slf4j\jul-to-slf4j\1.7.25\jul-to-slf4j-1.7.25.jar;C:\Users\wuetherich\.m2\repository\javax\annotation\javax.annotation-api\1.3.2\javax.annotation-api-1.3.2.jar;C:\Users\wuetherich\.m2\repository\org\yaml\snakeyaml\1.19\snakeyaml-1.19.jar;C:\Users\wuetherich\.m2\repository\org\springframework\boot\spring-boot-test\2.0.3.RELEASE\spring-boot-test-2.0.3.RELEASE.jar;C:\Users\wuetherich\.m2\repository\org\springframework\boot\spring-boot-test-autoconfigure\2.0.3.RELEASE\spring-boot-test-autoconfigure-2.0.3.RELEASE.jar;C:\Users\wuetherich\.m2\repository\junit\junit\4.12\junit-4.12.jar;C:\Users\wuetherich\.m2\repository\org\assertj\assertj-core\3.9.1\assertj-core-3.9.1.jar;C:\Users\wuetherich\.m2\repository\org\mockito\mockito-core\2.15.0\mockito-core-2.15.0.jar;C:\Users\wuetherich\.m2\repository\net\bytebuddy\byte-buddy\1.7.11\byte-buddy-1.7.11.jar;C:\Users\wuetherich\.m2\repository\net\bytebuddy\byte-buddy-agent\1.7.11\byte-buddy-agent-1.7.11.jar;C:\Users\wuetherich\.m2\repository\org\objenesis\objenesis\2.6\objenesis-2.6.jar;C:\Users\wuetherich\.m2\repository\org\hamcrest\hamcrest-core\1.3\hamcrest-core-1.3.jar;C:\Users\wuetherich\.m2\repository\org\hamcrest\hamcrest-library\1.3\hamcrest-library-1.3.jar;C:\Users\wuetherich\.m2\repository\org\skyscreamer\jsonassert\1.5.0\jsonassert-1.5.0.jar;C:\Users\wuetherich\.m2\repository\com\vaadin\external\google\android-json\0.0.20131108.vaadin1\android-json-0.0.20131108.vaadin1.jar;C:\Users\wuetherich\.m2\repository\org\springframework\spring-test\5.0.7.RELEASE\spring-test-5.0.7.RELEASE.jar;C:\Users\wuetherich\.m2\repository\org\xmlunit\xmlunit-core\2.5.1\xmlunit-core-2.5.1.jar;C:\Users\wuetherich\.m2\repository\com\jayway\jsonpath\json-path\2.4.0\json-path-2.4.0.jar;C:\Users\wuetherich\.m2\repository\net\minidev\json-smart\2.3\json-smart-2.3.jar;C:\Users\wuetherich\.m2\repository\net\minidev\accessors-smart\1.2\accessors-smart-1.2.jar;C:\Users\wuetherich\.m2\repository\org\ow2\asm\asm\5.0.4\asm-5.0.4.jar;, java.specification.name=Java Platform API Specification, java.class.version=52.0, sun.management.compiler=HotSpot 64-Bit Tiered Compilers, os.version=10.0, user.home=C:\Users\wuetherich, user.timezone=Europe/Berlin, java.awt.printerjob=sun.awt.windows.WPrinterJob, file.encoding=Cp1252, java.specification.version=1.8, java.class.path=D:\50-Development\repositories\slizaa\slizaa-application\org.slizaa.server.backend\target\test-classes;D:\50-Development\repositories\slizaa\slizaa-application\org.slizaa.server.backend\target\classes;C:\Users\wuetherich\.m2\repository\org\springframework\spring-context\5.0.7.RELEASE\spring-context-5.0.7.RELEASE.jar;C:\Users\wuetherich\.m2\repository\org\springframework\spring-aop\5.0.7.RELEASE\spring-aop-5.0.7.RELEASE.jar;C:\Users\wuetherich\.m2\repository\org\springframework\spring-beans\5.0.7.RELEASE\spring-beans-5.0.7.RELEASE.jar;C:\Users\wuetherich\.m2\repository\org\springframework\spring-core\5.0.7.RELEASE\spring-core-5.0.7.RELEASE.jar;C:\Users\wuetherich\.m2\repository\org\springframework\spring-jcl\5.0.7.RELEASE\spring-jcl-5.0.7.RELEASE.jar;C:\Users\wuetherich\.m2\repository\org\springframework\spring-expression\5.0.7.RELEASE\spring-expression-5.0.7.RELEASE.jar;C:\Users\wuetherich\.m2\repository\com\google\guava\guava\21.0\guava-21.0.jar;C:\Users\wuetherich\.m2\repository\org\springframework\statemachine\spring-statemachine-core\2.0.2.RELEASE\spring-statemachine-core-2.0.2.RELEASE.jar;C:\Users\wuetherich\.m2\repository\org\springframework\spring-tx\5.0.7.RELEASE\spring-tx-5.0.7.RELEASE.jar;C:\Users\wuetherich\.m2\repository\org\springframework\spring-messaging\5.0.7.RELEASE\spring-messaging-5.0.7.RELEASE.jar;C:\Users\wuetherich\.m2\repository\org\slizaa\core\org.slizaa.core.mvnresolver.uber\1.0.0-SNAPSHOT\org.slizaa.core.mvnresolver.uber-1.0.0-SNAPSHOT.jar;C:\Users\wuetherich\.m2\repository\org\slizaa\scanner\org.slizaa.scanner.spi-api\1.0.0-SNAPSHOT\org.slizaa.scanner.spi-api-1.0.0-SNAPSHOT.jar;C:\Users\wuetherich\.m2\repository\org\slf4j\slf4j-api\1.7.25\slf4j-api-1.7.25.jar;C:\Users\wuetherich\.m2\repository\org\slizaa\core\org.slizaa.core.progressmonitor\1.0.0-SNAPSHOT\org.slizaa.core.progressmonitor-1.0.0-SNAPSHOT.jar;C:\Users\wuetherich\.m2\repository\org\slizaa\scanner\org.slizaa.scanner.cypherregistry\1.0.0-SNAPSHOT\org.slizaa.scanner.cypherregistry-1.0.0-SNAPSHOT.jar;C:\Users\wuetherich\.m2\repository\org\osgi\osgi.core\5.0.0\osgi.core-5.0.0.jar;C:\Users\wuetherich\.m2\repository\io\github\classgraph\classgraph\4.1.7\classgraph-4.1.7.jar;C:\Users\wuetherich\.m2\repository\org\slizaa\hierarchicalgraph\graphdb\org.slizaa.hierarchicalgraph.graphdb.mapping.spi\1.0.0-SNAPSHOT\org.slizaa.hierarchicalgraph.graphdb.mapping.spi-1.0.0-SNAPSHOT.jar;C:\Users\wuetherich\.m2\repository\org\slizaa\hierarchicalgraph\graphdb\org.slizaa.hierarchicalgraph.graphdb.model\1.0.0-SNAPSHOT\org.slizaa.hierarchicalgraph.graphdb.model-1.0.0-SNAPSHOT.jar;C:\Users\wuetherich\.m2\repository\org\slizaa\core\org.slizaa.core.boltclient\1.0.0-SNAPSHOT\org.slizaa.core.boltclient-1.0.0-SNAPSHOT.jar;C:\Users\wuetherich\.m2\repository\org\neo4j\driver\neo4j-java-driver\1.6.1\neo4j-java-driver-1.6.1.jar;C:\Users\wuetherich\.m2\repository\com\google\code\gson\gson\2.8.5\gson-2.8.5.jar;C:\Users\wuetherich\.m2\repository\org\osgi\org.osgi.service.component.annotations\1.3.0\org.osgi.service.component.annotations-1.3.0.jar;C:\Users\wuetherich\.m2\repository\org\eclipse\emf\org.eclipse.emf.common\2.12.0\org.eclipse.emf.common-2.12.0.jar;C:\Users\wuetherich\.m2\repository\org\eclipse\emf\org.eclipse.emf.ecore\2.12.0\org.eclipse.emf.ecore-2.12.0.jar;C:\Users\wuetherich\.m2\repository\org\eclipse\emf\org.eclipse.emf.edit\2.12.0\org.eclipse.emf.edit-2.12.0.jar;C:\Users\wuetherich\.m2\repository\org\slizaa\hierarchicalgraph\core\org.slizaa.hierarchicalgraph.core.model\1.0.0-SNAPSHOT\org.slizaa.hierarchicalgraph.core.model-1.0.0-SNAPSHOT.jar;D:\50-Development\repositories\slizaa\slizaa-application\org.slizaa.server.extensions\target\org.slizaa.server.extensions-1.0-SNAPSHOT.jar;C:\Users\wuetherich\.m2\repository\org\springframework\boot\spring-boot-starter-test\2.0.3.RELEASE\spring-boot-starter-test-2.0.3.RELEASE.jar;C:\Users\wuetherich\.m2\repository\org\springframework\boot\spring-boot-starter\2.0.3.RELEASE\spring-boot-starter-2.0.3.RELEASE.jar;C:\Users\wuetherich\.m2\repository\org\springframework\boot\spring-boot\2.0.3.RELEASE\spring-boot-2.0.3.RELEASE.jar;C:\Users\wuetherich\.m2\repository\org\springframework\boot\spring-boot-autoconfigure\2.0.3.RELEASE\spring-boot-autoconfigure-2.0.3.RELEASE.jar;C:\Users\wuetherich\.m2\repository\org\springframework\boot\spring-boot-starter-logging\2.0.3.RELEASE\spring-boot-starter-logging-2.0.3.RELEASE.jar;C:\Users\wuetherich\.m2\repository\ch\qos\logback\logback-classic\1.2.3\logback-classic-1.2.3.jar;C:\Users\wuetherich\.m2\repository\ch\qos\logback\logback-core\1.2.3\logback-core-1.2.3.jar;C:\Users\wuetherich\.m2\repository\org\apache\logging\log4j\log4j-to-slf4j\2.10.0\log4j-to-slf4j-2.10.0.jar;C:\Users\wuetherich\.m2\repository\org\apache\logging\log4j\log4j-api\2.10.0\log4j-api-2.10.0.jar;C:\Users\wuetherich\.m2\repository\org\slf4j\jul-to-slf4j\1.7.25\jul-to-slf4j-1.7.25.jar;C:\Users\wuetherich\.m2\repository\javax\annotation\javax.annotation-api\1.3.2\javax.annotation-api-1.3.2.jar;C:\Users\wuetherich\.m2\repository\org\yaml\snakeyaml\1.19\snakeyaml-1.19.jar;C:\Users\wuetherich\.m2\repository\org\springframework\boot\spring-boot-test\2.0.3.RELEASE\spring-boot-test-2.0.3.RELEASE.jar;C:\Users\wuetherich\.m2\repository\org\springframework\boot\spring-boot-test-autoconfigure\2.0.3.RELEASE\spring-boot-test-autoconfigure-2.0.3.RELEASE.jar;C:\Users\wuetherich\.m2\repository\junit\junit\4.12\junit-4.12.jar;C:\Users\wuetherich\.m2\repository\org\assertj\assertj-core\3.9.1\assertj-core-3.9.1.jar;C:\Users\wuetherich\.m2\repository\org\mockito\mockito-core\2.15.0\mockito-core-2.15.0.jar;C:\Users\wuetherich\.m2\repository\net\bytebuddy\byte-buddy\1.7.11\byte-buddy-1.7.11.jar;C:\Users\wuetherich\.m2\repository\net\bytebuddy\byte-buddy-agent\1.7.11\byte-buddy-agent-1.7.11.jar;C:\Users\wuetherich\.m2\repository\org\objenesis\objenesis\2.6\objenesis-2.6.jar;C:\Users\wuetherich\.m2\repository\org\hamcrest\hamcrest-core\1.3\hamcrest-core-1.3.jar;C:\Users\wuetherich\.m2\repository\org\hamcrest\hamcrest-library\1.3\hamcrest-library-1.3.jar;C:\Users\wuetherich\.m2\repository\org\skyscreamer\jsonassert\1.5.0\jsonassert-1.5.0.jar;C:\Users\wuetherich\.m2\repository\com\vaadin\external\google\android-json\0.0.20131108.vaadin1\android-json-0.0.20131108.vaadin1.jar;C:\Users\wuetherich\.m2\repository\org\springframework\spring-test\5.0.7.RELEASE\spring-test-5.0.7.RELEASE.jar;C:\Users\wuetherich\.m2\repository\org\xmlunit\xmlunit-core\2.5.1\xmlunit-core-2.5.1.jar;C:\Users\wuetherich\.m2\repository\com\jayway\jsonpath\json-path\2.4.0\json-path-2.4.0.jar;C:\Users\wuetherich\.m2\repository\net\minidev\json-smart\2.3\json-smart-2.3.jar;C:\Users\wuetherich\.m2\repository\net\minidev\accessors-smart\1.2\accessors-smart-1.2.jar;C:\Users\wuetherich\.m2\repository\org\ow2\asm\asm\5.0.4\asm-5.0.4.jar;, user.name=wuetherich, java.vm.specification.version=1.8, sun.java.command=C:\Users\WUETHE~1\AppData\Local\Temp\surefire997831646967483350\surefirebooter2922643141622080543.jar C:\Users\wuetherich\AppData\Local\Temp\surefire997831646967483350 2018-11-01T07-07-34_286-jvmRun1 surefire6438104062246696351tmp surefire_05685528139987871149tmp, java.home=C:\Program Files\Java\jdk1.8.0_77\jre, sun.arch.data.model=64, user.language=de, java.specification.vendor=Oracle Corporation, awt.toolkit=sun.awt.windows.WToolkit, java.vm.info=mixed mode, java.version=1.8.0_77, java.ext.dirs=C:\Program Files\Java\jdk1.8.0_77\jre\lib\ext;C:\WINDOWS\Sun\Java\lib\ext, sun.boot.class.path=C:\Program Files\Java\jdk1.8.0_77\jre\lib\resources.jar;C:\Program Files\Java\jdk1.8.0_77\jre\lib\rt.jar;C:\Program Files\Java\jdk1.8.0_77\jre\lib\sunrsasign.jar;C:\Program Files\Java\jdk1.8.0_77\jre\lib\jsse.jar;C:\Program Files\Java\jdk1.8.0_77\jre\lib\jce.jar;C:\Program Files\Java\jdk1.8.0_77\jre\lib\charsets.jar;C:\Program Files\Java\jdk1.8.0_77\jre\lib\jfr.jar;C:\Program Files\Java\jdk1.8.0_77\jre\classes, java.vendor=Oracle Corporation, localRepository=C:\Users\wuetherich\.m2\repository, file.separator=\, java.vendor.url.bug=http://bugreport.sun.com/bugreport/, sun.io.unicode.encoding=UnicodeLittle, sun.cpu.endian=little, sun.desktop=windows, sun.cpu.isalist=amd64}}, SystemEnvironmentPropertySource@665726928 {name='systemEnvironment', properties={PATH=C:\Program Files\Docker\Docker\Resources\bin;C:\Program Files (x86)\Intel\iCLS Client;C:\Program Files (x86)\Common Files\Intel\Shared Libraries\redist\ia32\compiler;C:\Program Files (x86)\Common Files\Intel\Shared Libraries\redist\intel64\compiler;C:\Program Files (x86)\Business Objects\Common\3.5\bin\NOTES;C:\Program Files (x86)\Business Objects\Common\3.5\bin\NOTES\DATA;C:\ProgramData\Oracle\Java\javapath;C:\Program Files\Intel\iCLS Client;C:\WINDOWS\system32;C:\WINDOWS;C:\WINDOWS\System32\Wbem;C:\WINDOWS\System32\WindowsPowerShell\v1.0;C:\Program Files\Lenovo\Touch Fingerprint Software;C:\Program Files (x86)\Common Files\Lenovo;C:\ProgramData\Lenovo\ReadyApps;C:\Program Files (x86)\Common Files\lenovo\easyplussdk\bin;C:\Program Files\OpenVPN\bin;C:\Program Files (x86)\PuTTY;C:\Program Files (x86)\PDFtk\bin;C:\Program Files\IDM Computer Solutions\UltraEdit;C:\ProgramData\chocolatey\bin;C:\Program Files (x86)\IVI Foundation\VISA\WinNT\Bin;C:\Program Files (x86)\EaseUS\Todo Backup\bin;C:\Program Files (x86)\Intel\Intel(R) Management Engine Components\DAL;C:\Program Files\Intel\Intel(R) Management Engine Components\DAL;C:\Program Files (x86)\Intel\Intel(R) Management Engine Components\IPT;C:\Program Files\Intel\Intel(R) Management Engine Components\IPT;C:\Program Files\TortoiseGit\bin;C:\Program Files\Intel\WiFi\bin;C:\Program Files\Common Files\Intel\WirelessCommon;C:\Program Files (x86)\Yarn\bin;C:\Program Files (x86)\Windows Kits\8.1\Windows Performance Toolkit;C:\WINDOWS\System32\OpenSSH;C:\Program Files\nodejs;C:\Program Files\Microsoft VS Code\bin;D:\50-Development\software\apache-maven-3.5.4\bin;C:\Program Files\Git\cmd;C:\Program Files\Intel\WiFi\bin\;C:\Program Files\Common Files\Intel\WirelessCommon\;C:\Users\wuetherich\.windows-build-tools\python27\;C:\Users\wuetherich\AppData\Roaming\npm\node_modules\npm\node_modules\npm-lifecycle\node-gyp-bin;C:\Users\wuetherich\AppData\Roaming\npm\node_modules\windows-build-tools\node_modules\.bin;C:\Users\wuetherich\AppData\Roaming\npm\node_modules\.bin;C:\Program Files\Docker\Docker\Resources\bin;C:\Program Files (x86)\Intel\iCLS Client\;C:\Program Files (x86)\Common Files\Intel\Shared Libraries\redist\ia32\compiler;C:\Program Files (x86)\Common Files\Intel\Shared Libraries\redist\intel64\compiler;C:\Program Files (x86)\Business Objects\Common\3.5\bin\NOTES\;C:\Program Files (x86)\Business Objects\Common\3.5\bin\NOTES\DATA\;C:\ProgramData\Oracle\Java\javapath;C:\Program Files\Intel\iCLS Client\;C:\WINDOWS\system32;C:\WINDOWS;C:\WINDOWS\System32\Wbem;C:\WINDOWS\System32\WindowsPowerShell\v1.0\;C:\Program Files\Lenovo\Touch Fingerprint Software\;C:\Program Files (x86)\Common Files\Lenovo;C:\ProgramData\Lenovo\ReadyApps;C:\Program Files (x86)\Common Files\lenovo\easyplussdk\bin;C:\Program Files\OpenVPN\bin;C:\Program Files (x86)\PuTTY\;C:\Program Files (x86)\PDFtk\bin\;C:\Program Files\IDM Computer Solutions\UltraEdit;C:\Program Files (x86)\Workshare\Modules\;C:\ProgramData\chocolatey\bin;C:\Program Files (x86)\IVI Foundation\VISA\WinNT\Bin;C:\Program Files (x86)\EaseUS\Todo Backup\bin;C:\Program Files (x86)\HashiCorp\Vagrant\bin;C:\Program Files (x86)\Intel\Intel(R) Management Engine Components\DAL;C:\Program Files\Intel\Intel(R) Management Engine Components\DAL;C:\Program Files (x86)\Intel\Intel(R) Management Engine Components\IPT;C:\Program Files\Intel\Intel(R) Management Engine Components\IPT;C:\Program Files\TortoiseGit\bin;C:\Program Files\nodejs\;C:\Program Files\Git\cmd;C:\Program Files\Intel\WiFi\bin\;C:\Program Files\Common Files\Intel\WirelessCommon\;C:\Program Files (x86)\Yarn\bin\;C:\Program Files\Hugo;C:\Users\wuetherich\AppData\Local\Microsoft\WindowsApps;C:\Program Files\Microsoft VS Code\bin;C:\Users\wuetherich\AppData\Local\Yarn\bin;C:\Users\wuetherich\AppData\Local\Microsoft\WindowsApps;C:\Users\wuetherich\AppData\Roaming\npm, USERDOMAIN_ROAMINGPROFILE=wuetherich-P50, PROCESSOR_LEVEL=6, SYSTEMDRIVE=C:, FP_NO_HOST_CHECK=NO, VS140COMNTOOLS=C:\Program Files (x86)\Microsoft Visual Studio 14.0\Common7\Tools\, SESSIONNAME=Console, ALLUSERSPROFILE=C:\ProgramData, TVTCOMMON=C:\Program Files (x86)\Common Files\Lenovo, INTEL_DEV_REDIST=C:\Program Files (x86)\Common Files\Intel\Shared Libraries\, PROCESSOR_ARCHITECTURE=AMD64, MIC_LD_LIBRARY_PATH=C:\Program Files (x86)\Common Files\Intel\Shared Libraries\compiler\lib\mic, DRIVERDATA=C:\Windows\System32\Drivers\DriverData, VXIPNPPATH=C:\Program Files (x86)\IVI Foundation\VISA\, PROGRAMFILES=C:\Program Files, TVT=C:\Program Files (x86)\Lenovo, SWSHARE=C:\SWSHARE, PSMODULEPATH=C:\WINDOWS\system32\WindowsPowerShell\v1.0\Modules\, PROGRAMDATA=C:\ProgramData, CHOCOLATEYLASTPATHUPDATE=Wed Jul 27 21:37:16 2016, USERNAME=wuetherich, FPS_BROWSER_USER_PROFILE_STRING=Default, ONEDRIVE=C:\Users\wuetherich\OneDrive - gerd@gerd-wuetherich.de, CONFIGSETROOT=C:\WINDOWS\ConfigSetRoot, PATHEXT=.COM;.EXE;.BAT;.CMD;.VBS;.VBE;.JS;.JSE;.WSF;.WSH;.MSC, UOIPME_REG_PATH=C:\Program Files\Intel Corporation\USB over IP, WINDIR=C:\WINDOWS, HOMEPATH=\Users\wuetherich, PROCESSOR_IDENTIFIER=Intel64 Family 6 Model 94 Stepping 3, GenuineIntel, GYP_MSVS_VERSION=2015, WINDOWS_TRACING_LOGFILE=C:\BVTBin\Tests\installpackage\csilogfile.log, PUBLIC=C:\Users\Public, =::=::\, LOCALAPPDATA=C:\Users\wuetherich\AppData\Local, EASYPLUSSDK="C:\Program Files (x86)\Common Files\lenovo\easyplussdk\bin", COMMONPROGRAMFILES(X86)=C:\Program Files (x86)\Common Files, USERDOMAIN=wuetherich-P50, FPS_BROWSER_APP_PROFILE_STRING=Internet Explorer, LOGONSERVER=\\WUETHERICH-P50, PROMPT=$P$G, PROGRAMFILES(X86)=C:\Program Files (x86), ASL.LOG=Destination=file, CHOCOLATEYTOOLSLOCATION=C:\tools, WINDOWS_TRACING_FLAGS=3, APPDATA=C:\Users\wuetherich\AppData\Roaming, READYAPPS=C:\ProgramData\Lenovo\ReadyApps, PROGRAMW6432=C:\Program Files, SYSTEMROOT=C:\WINDOWS, CHOCOLATEYINSTALL=C:\ProgramData\chocolatey, VBOX_MSI_INSTALL_PATH=C:\Program Files\Oracle\VirtualBox\, OS=Windows_NT, COMMONPROGRAMW6432=C:\Program Files\Common Files, COMPUTERNAME=WUETHERICH-P50, COMMONPROGRAMFILES=C:\Program Files\Common Files, COMSPEC=C:\WINDOWS\system32\cmd.exe, PROCESSOR_REVISION=5e03, =D:=D:\50-Development\repositories\slizaa\slizaa-application\org.slizaa.server.backend, TEMP=C:\Users\WUETHE~1\AppData\Local\Temp, HOMEDRIVE=C:, USERPROFILE=C:\Users\wuetherich, TMP=C:\Users\WUETHE~1\AppData\Local\Temp, NUMBER_OF_PROCESSORS=8}}]
07:07:41.510 [main] DEBUG org.springframework.test.context.support.AnnotationConfigContextLoader - Registering annotated classes: {class org.slizaa.server.backend.ServerBackendStateMachineTest}
07:07:41.559 [main] INFO org.springframework.context.support.GenericApplicationContext - Refreshing org.springframework.context.support.GenericApplicationContext@53ca01a2: startup date [Thu Nov 01 07:07:41 CET 2018]; root of context hierarchy
07:07:41.560 [main] DEBUG org.springframework.context.support.GenericApplicationContext - Bean factory for org.springframework.context.support.GenericApplicationContext@53ca01a2: org.springframework.beans.factory.support.DefaultListableBeanFactory@6f96c77: defining beans [org.springframework.context.annotation.internalConfigurationAnnotationProcessor,org.springframework.context.annotation.internalAutowiredAnnotationProcessor,org.springframework.context.annotation.internalRequiredAnnotationProcessor,org.springframework.context.annotation.internalCommonAnnotationProcessor,org.springframework.context.event.internalEventListenerProcessor,org.springframework.context.event.internalEventListenerFactory,serverBackendStateMachineTest,org.springframework.boot.test.mock.mockito.MockitoPostProcessor$SpyPostProcessor,org.springframework.boot.test.mock.mockito.MockitoPostProcessor]; root of factory hierarchy
07:07:41.584 [main] DEBUG org.springframework.beans.factory.support.DefaultListableBeanFactory - Creating shared instance of singleton bean 'org.springframework.context.annotation.internalConfigurationAnnotationProcessor'
07:07:41.584 [main] DEBUG org.springframework.beans.factory.support.DefaultListableBeanFactory - Creating instance of bean 'org.springframework.context.annotation.internalConfigurationAnnotationProcessor'
07:07:41.609 [main] DEBUG org.springframework.beans.factory.support.DefaultListableBeanFactory - Eagerly caching bean 'org.springframework.context.annotation.internalConfigurationAnnotationProcessor' to allow for resolving potential circular references
07:07:41.614 [main] DEBUG org.springframework.beans.factory.support.DefaultListableBeanFactory - Finished creating instance of bean 'org.springframework.context.annotation.internalConfigurationAnnotationProcessor'
07:07:41.652 [main] DEBUG org.springframework.context.annotation.ClassPathBeanDefinitionScanner - JSR-250 'javax.annotation.ManagedBean' found and supported for component scanning
07:07:41.660 [main] DEBUG org.springframework.core.io.support.PathMatchingResourcePatternResolver - Resolved classpath location [org/slizaa/server/backend/] to resources [URL [file:/D:/50-Development/repositories/slizaa/slizaa-application/org.slizaa.server.backend/target/test-classes/org/slizaa/server/backend/], URL [file:/D:/50-Development/repositories/slizaa/slizaa-application/org.slizaa.server.backend/target/classes/org/slizaa/server/backend/]]
07:07:41.660 [main] DEBUG org.springframework.core.io.support.PathMatchingResourcePatternResolver - Looking for matching resources in directory tree [D:\50-Development\repositories\slizaa\slizaa-application\org.slizaa.server.backend\target\test-classes\org\slizaa\server\backend]
07:07:41.661 [main] DEBUG org.springframework.core.io.support.PathMatchingResourcePatternResolver - Searching directory [D:\50-Development\repositories\slizaa\slizaa-application\org.slizaa.server.backend\target\test-classes\org\slizaa\server\backend] for files matching pattern [D:/50-Development/repositories/slizaa/slizaa-application/org.slizaa.server.backend/target/test-classes/org/slizaa/server/backend/**/*.class]
07:07:41.664 [main] DEBUG org.springframework.core.io.support.PathMatchingResourcePatternResolver - Looking for matching resources in directory tree [D:\50-Development\repositories\slizaa\slizaa-application\org.slizaa.server.backend\target\classes\org\slizaa\server\backend]
07:07:41.665 [main] DEBUG org.springframework.core.io.support.PathMatchingResourcePatternResolver - Searching directory [D:\50-Development\repositories\slizaa\slizaa-application\org.slizaa.server.backend\target\classes\org\slizaa\server\backend] for files matching pattern [D:/50-Development/repositories/slizaa/slizaa-application/org.slizaa.server.backend/target/classes/org/slizaa/server/backend/**/*.class]
07:07:41.665 [main] DEBUG org.springframework.core.io.support.PathMatchingResourcePatternResolver - Searching directory [D:\50-Development\repositories\slizaa\slizaa-application\org.slizaa.server.backend\target\classes\org\slizaa\server\backend\dao] for files matching pattern [D:/50-Development/repositories/slizaa/slizaa-application/org.slizaa.server.backend/target/classes/org/slizaa/server/backend/**/*.class]
07:07:41.666 [main] DEBUG org.springframework.core.io.support.PathMatchingResourcePatternResolver - Searching directory [D:\50-Development\repositories\slizaa\slizaa-application\org.slizaa.server.backend\target\classes\org\slizaa\server\backend\impl] for files matching pattern [D:/50-Development/repositories/slizaa/slizaa-application/org.slizaa.server.backend/target/classes/org/slizaa/server/backend/**/*.class]
07:07:41.668 [main] DEBUG org.springframework.core.io.support.PathMatchingResourcePatternResolver - Resolved location pattern [classpath*:org/slizaa/server/backend/**/*.class] to resources [file [D:\50-Development\repositories\slizaa\slizaa-application\org.slizaa.server.backend\target\test-classes\org\slizaa\server\backend\ServerBackendStateMachineTest.class], file [D:\50-Development\repositories\slizaa\slizaa-application\org.slizaa.server.backend\target\classes\org\slizaa\server\backend\dao\DefaultSlizaaServerDao.class], file [D:\50-Development\repositories\slizaa\slizaa-application\org.slizaa.server.backend\target\classes\org\slizaa\server\backend\dao\ISlizaaServerDao.class], file [D:\50-Development\repositories\slizaa\slizaa-application\org.slizaa.server.backend\target\classes\org\slizaa\server\backend\impl\DynamicallyLoadedExtensions.class], file [D:\50-Development\repositories\slizaa\slizaa-application\org.slizaa.server.backend\target\classes\org\slizaa\server\backend\impl\IServerBackendStateMachineContext.class], file [D:\50-Development\repositories\slizaa\slizaa-application\org.slizaa.server.backend\target\classes\org\slizaa\server\backend\impl\ServerBackendStateMachine$Events.class], file [D:\50-Development\repositories\slizaa\slizaa-application\org.slizaa.server.backend\target\classes\org\slizaa\server\backend\impl\ServerBackendStateMachine$States.class], file [D:\50-Development\repositories\slizaa\slizaa-application\org.slizaa.server.backend\target\classes\org\slizaa\server\backend\impl\ServerBackendStateMachine.class], file [D:\50-Development\repositories\slizaa\slizaa-application\org.slizaa.server.backend\target\classes\org\slizaa\server\backend\impl\SlizaaServerBackendImpl.class], file [D:\50-Development\repositories\slizaa\slizaa-application\org.slizaa.server.backend\target\classes\org\slizaa\server\backend\ISlizaaServerBackend.class]]
07:07:41.700 [main] DEBUG org.springframework.context.annotation.ClassPathBeanDefinitionScanner - Identified candidate component class: file [D:\50-Development\repositories\slizaa\slizaa-application\org.slizaa.server.backend\target\classes\org\slizaa\server\backend\dao\DefaultSlizaaServerDao.class]
07:07:41.718 [main] DEBUG org.springframework.context.annotation.ClassPathBeanDefinitionScanner - Identified candidate component class: file [D:\50-Development\repositories\slizaa\slizaa-application\org.slizaa.server.backend\target\classes\org\slizaa\server\backend\impl\ServerBackendStateMachine.class]
07:07:41.722 [main] DEBUG org.springframework.context.annotation.ClassPathBeanDefinitionScanner - Identified candidate component class: file [D:\50-Development\repositories\slizaa\slizaa-application\org.slizaa.server.backend\target\classes\org\slizaa\server\backend\impl\SlizaaServerBackendImpl.class]
07:07:41.771 [main] DEBUG org.springframework.context.annotation.ConfigurationClassBeanDefinitionReader - Registered bean definition for imported class 'org.springframework.statemachine.config.configuration.StateMachineAnnotationPostProcessorConfiguration'
07:07:41.773 [main] DEBUG org.springframework.context.annotation.ConfigurationClassBeanDefinitionReader - Registering bean definition for @Bean method org.springframework.statemachine.config.configuration.StateMachineAnnotationPostProcessorConfiguration.org.springframework.statemachine.processor.stateMachineAnnotationPostProcessor()
07:07:41.773 [main] DEBUG org.springframework.context.annotation.ConfigurationClassBeanDefinitionReader - Registered bean definition for imported class 'org.springframework.statemachine.event.StateMachineEventPublisherConfiguration'
07:07:41.773 [main] DEBUG org.springframework.context.annotation.ConfigurationClassBeanDefinitionReader - Registering bean definition for @Bean method org.springframework.statemachine.event.StateMachineEventPublisherConfiguration.stateMachineEventPublisher()
07:07:41.774 [main] DEBUG org.springframework.context.annotation.ConfigurationClassBeanDefinitionReader - Registered bean definition for imported class 'org.springframework.statemachine.config.configuration.StateMachineCommonConfiguration'
07:07:41.774 [main] DEBUG org.springframework.context.annotation.ConfigurationClassBeanDefinitionReader - Registering bean definition for @Bean method org.springframework.statemachine.config.configuration.StateMachineCommonConfiguration.stateMachineTaskExecutor()
07:07:41.774 [main] DEBUG org.springframework.context.annotation.ConfigurationClassBeanDefinitionReader - Registering bean definition for @Bean method org.springframework.statemachine.config.configuration.StateMachineCommonConfiguration.taskScheduler()
07:07:41.774 [main] DEBUG org.springframework.context.annotation.ConfigurationClassBeanDefinitionReader - Registering bean definition for @Bean method org.springframework.statemachine.config.configuration.StateMachineCommonConfiguration.stateMachineHandlerApplicationListener()
07:07:41.775 [main] DEBUG org.springframework.context.annotation.ConfigurationClassBeanDefinitionReader - Registered bean definition for imported class 'org.springframework.statemachine.config.common.annotation.configuration.ObjectPostProcessorConfiguration'
07:07:41.775 [main] DEBUG org.springframework.context.annotation.ConfigurationClassBeanDefinitionReader - Registering bean definition for @Bean method org.springframework.statemachine.config.common.annotation.configuration.ObjectPostProcessorConfiguration.org.springframework.statemachine.config.common.annotation.configuration.objectPostProcessor()
07:07:41.913 [main] DEBUG org.springframework.context.annotation.ConfigurationClassEnhancer - Successfully enhanced org.slizaa.server.backend.ServerBackendStateMachineTest; enhanced class name is: org.slizaa.server.backend.ServerBackendStateMachineTest$$EnhancerBySpringCGLIB$$86519b4f
07:07:41.913 [main] DEBUG org.springframework.context.annotation.ConfigurationClassPostProcessor - Replacing bean definition 'serverBackendStateMachineTest' existing class 'org.slizaa.server.backend.ServerBackendStateMachineTest' with enhanced class 'org.slizaa.server.backend.ServerBackendStateMachineTest$$EnhancerBySpringCGLIB$$86519b4f'
07:07:41.923 [main] DEBUG org.springframework.context.annotation.ConfigurationClassEnhancer - Successfully enhanced org.slizaa.server.backend.impl.ServerBackendStateMachine; enhanced class name is: org.slizaa.server.backend.impl.ServerBackendStateMachine$$EnhancerBySpringCGLIB$$8036f2c5
07:07:41.923 [main] DEBUG org.springframework.context.annotation.ConfigurationClassPostProcessor - Replacing bean definition 'serverBackendStateMachine' existing class 'org.slizaa.server.backend.impl.ServerBackendStateMachine' with enhanced class 'org.slizaa.server.backend.impl.ServerBackendStateMachine$$EnhancerBySpringCGLIB$$8036f2c5'
07:07:41.927 [main] DEBUG org.springframework.context.annotation.ConfigurationClassEnhancer - Successfully enhanced org.springframework.statemachine.config.configuration.StateMachineAnnotationPostProcessorConfiguration; enhanced class name is: org.springframework.statemachine.config.configuration.StateMachineAnnotationPostProcessorConfiguration$$EnhancerBySpringCGLIB$$1831f7fd
07:07:41.928 [main] DEBUG org.springframework.context.annotation.ConfigurationClassPostProcessor - Replacing bean definition 'org.springframework.statemachine.config.configuration.StateMachineAnnotationPostProcessorConfiguration' existing class 'org.springframework.statemachine.config.configuration.StateMachineAnnotationPostProcessorConfiguration' with enhanced class 'org.springframework.statemachine.config.configuration.StateMachineAnnotationPostProcessorConfiguration$$EnhancerBySpringCGLIB$$1831f7fd'
07:07:41.932 [main] DEBUG org.springframework.context.annotation.ConfigurationClassEnhancer - Successfully enhanced org.springframework.statemachine.event.StateMachineEventPublisherConfiguration; enhanced class name is: org.springframework.statemachine.event.StateMachineEventPublisherConfiguration$$EnhancerBySpringCGLIB$$e5dd48ba
07:07:41.932 [main] DEBUG org.springframework.context.annotation.ConfigurationClassPostProcessor - Replacing bean definition 'org.springframework.statemachine.event.StateMachineEventPublisherConfiguration' existing class 'org.springframework.statemachine.event.StateMachineEventPublisherConfiguration' with enhanced class 'org.springframework.statemachine.event.StateMachineEventPublisherConfiguration$$EnhancerBySpringCGLIB$$e5dd48ba'
07:07:41.937 [main] DEBUG org.springframework.context.annotation.ConfigurationClassEnhancer - Successfully enhanced org.springframework.statemachine.config.configuration.StateMachineCommonConfiguration; enhanced class name is: org.springframework.statemachine.config.configuration.StateMachineCommonConfiguration$$EnhancerBySpringCGLIB$$4a0d0303
07:07:41.937 [main] DEBUG org.springframework.context.annotation.ConfigurationClassPostProcessor - Replacing bean definition 'org.springframework.statemachine.config.configuration.StateMachineCommonConfiguration' existing class 'org.springframework.statemachine.config.configuration.StateMachineCommonConfiguration' with enhanced class 'org.springframework.statemachine.config.configuration.StateMachineCommonConfiguration$$EnhancerBySpringCGLIB$$4a0d0303'
07:07:41.941 [main] DEBUG org.springframework.context.annotation.ConfigurationClassEnhancer - Successfully enhanced org.springframework.statemachine.config.common.annotation.configuration.ObjectPostProcessorConfiguration; enhanced class name is: org.springframework.statemachine.config.common.annotation.configuration.ObjectPostProcessorConfiguration$$EnhancerBySpringCGLIB$$d5ca14d3
07:07:41.941 [main] DEBUG org.springframework.context.annotation.ConfigurationClassPostProcessor - Replacing bean definition 'org.springframework.statemachine.config.common.annotation.configuration.ObjectPostProcessorConfiguration' existing class 'org.springframework.statemachine.config.common.annotation.configuration.ObjectPostProcessorConfiguration' with enhanced class 'org.springframework.statemachine.config.common.annotation.configuration.ObjectPostProcessorConfiguration$$EnhancerBySpringCGLIB$$d5ca14d3'
07:07:41.942 [main] DEBUG org.springframework.beans.factory.support.DefaultListableBeanFactory - Creating shared instance of singleton bean 'org.springframework.boot.test.mock.mockito.MockitoPostProcessor'
07:07:41.943 [main] DEBUG org.springframework.beans.factory.support.DefaultListableBeanFactory - Creating instance of bean 'org.springframework.boot.test.mock.mockito.MockitoPostProcessor'
07:07:41.960 [main] DEBUG org.springframework.beans.factory.support.DefaultListableBeanFactory - Eagerly caching bean 'org.springframework.boot.test.mock.mockito.MockitoPostProcessor' to allow for resolving potential circular references
07:07:41.989 [main] DEBUG org.springframework.beans.factory.support.DefaultListableBeanFactory - Finished creating instance of bean 'org.springframework.boot.test.mock.mockito.MockitoPostProcessor'
07:07:41.999 [main] DEBUG org.springframework.beans.factory.support.DefaultListableBeanFactory - Creating shared instance of singleton bean 'org.springframework.context.annotation.internalAutowiredAnnotationProcessor'
07:07:41.999 [main] DEBUG org.springframework.beans.factory.support.DefaultListableBeanFactory - Creating instance of bean 'org.springframework.context.annotation.internalAutowiredAnnotationProcessor'
07:07:42.000 [main] DEBUG org.springframework.beans.factory.support.DefaultListableBeanFactory - Eagerly caching bean 'org.springframework.context.annotation.internalAutowiredAnnotationProcessor' to allow for resolving potential circular references
07:07:42.007 [main] DEBUG org.springframework.beans.factory.support.DefaultListableBeanFactory - Finished creating instance of bean 'org.springframework.context.annotation.internalAutowiredAnnotationProcessor'
07:07:42.007 [main] DEBUG org.springframework.beans.factory.support.DefaultListableBeanFactory - Creating shared instance of singleton bean 'org.springframework.context.annotation.internalRequiredAnnotationProcessor'
07:07:42.007 [main] DEBUG org.springframework.beans.factory.support.DefaultListableBeanFactory - Creating instance of bean 'org.springframework.context.annotation.internalRequiredAnnotationProcessor'
07:07:42.008 [main] DEBUG org.springframework.beans.factory.support.DefaultListableBeanFactory - Eagerly caching bean 'org.springframework.context.annotation.internalRequiredAnnotationProcessor' to allow for resolving potential circular references
07:07:42.011 [main] DEBUG org.springframework.beans.factory.support.DefaultListableBeanFactory - Finished creating instance of bean 'org.springframework.context.annotation.internalRequiredAnnotationProcessor'
07:07:42.011 [main] DEBUG org.springframework.beans.factory.support.DefaultListableBeanFactory - Creating shared instance of singleton bean 'org.springframework.context.annotation.internalCommonAnnotationProcessor'
07:07:42.011 [main] DEBUG org.springframework.beans.factory.support.DefaultListableBeanFactory - Creating instance of bean 'org.springframework.context.annotation.internalCommonAnnotationProcessor'
07:07:42.019 [main] DEBUG org.springframework.beans.factory.support.DefaultListableBeanFactory - Eagerly caching bean 'org.springframework.context.annotation.internalCommonAnnotationProcessor' to allow for resolving potential circular references
07:07:42.029 [main] DEBUG org.springframework.beans.factory.support.DefaultListableBeanFactory - Finished creating instance of bean 'org.springframework.context.annotation.internalCommonAnnotationProcessor'
07:07:42.029 [main] DEBUG org.springframework.beans.factory.support.DefaultListableBeanFactory - Creating shared instance of singleton bean 'org.springframework.boot.test.mock.mockito.MockitoPostProcessor$SpyPostProcessor'
07:07:42.029 [main] DEBUG org.springframework.beans.factory.support.DefaultListableBeanFactory - Creating instance of bean 'org.springframework.boot.test.mock.mockito.MockitoPostProcessor$SpyPostProcessor'
07:07:42.029 [main] DEBUG org.springframework.beans.factory.support.DefaultListableBeanFactory - Returning cached instance of singleton bean 'org.springframework.boot.test.mock.mockito.MockitoPostProcessor'
07:07:42.031 [main] DEBUG org.springframework.beans.factory.support.DefaultListableBeanFactory - Eagerly caching bean 'org.springframework.boot.test.mock.mockito.MockitoPostProcessor$SpyPostProcessor' to allow for resolving potential circular references
07:07:42.033 [main] DEBUG org.springframework.beans.factory.support.DefaultListableBeanFactory - Finished creating instance of bean 'org.springframework.boot.test.mock.mockito.MockitoPostProcessor$SpyPostProcessor'
07:07:42.033 [main] DEBUG org.springframework.beans.factory.support.DefaultListableBeanFactory - Returning cached instance of singleton bean 'org.springframework.boot.test.mock.mockito.MockitoPostProcessor'
07:07:42.033 [main] DEBUG org.springframework.beans.factory.support.DefaultListableBeanFactory - Creating shared instance of singleton bean 'org.springframework.statemachine.processor.stateMachineAnnotationPostProcessor'
07:07:42.033 [main] DEBUG org.springframework.beans.factory.support.DefaultListableBeanFactory - Creating instance of bean 'org.springframework.statemachine.processor.stateMachineAnnotationPostProcessor'
07:07:42.034 [main] DEBUG org.springframework.beans.factory.support.DefaultListableBeanFactory - Creating shared instance of singleton bean 'org.springframework.statemachine.config.configuration.StateMachineAnnotationPostProcessorConfiguration'
07:07:42.034 [main] DEBUG org.springframework.beans.factory.support.DefaultListableBeanFactory - Creating instance of bean 'org.springframework.statemachine.config.configuration.StateMachineAnnotationPostProcessorConfiguration'
07:07:42.041 [main] DEBUG org.springframework.beans.factory.support.DefaultListableBeanFactory - Eagerly caching bean 'org.springframework.statemachine.config.configuration.StateMachineAnnotationPostProcessorConfiguration' to allow for resolving potential circular references
07:07:42.046 [main] INFO org.springframework.context.support.PostProcessorRegistrationDelegate$BeanPostProcessorChecker - Bean 'org.springframework.statemachine.config.configuration.StateMachineAnnotationPostProcessorConfiguration' of type [org.springframework.statemachine.config.configuration.StateMachineAnnotationPostProcessorConfiguration$$EnhancerBySpringCGLIB$$1831f7fd] is not eligible for getting processed by all BeanPostProcessors (for example: not eligible for auto-proxying)
07:07:42.046 [main] DEBUG org.springframework.beans.factory.support.DefaultListableBeanFactory - Finished creating instance of bean 'org.springframework.statemachine.config.configuration.StateMachineAnnotationPostProcessorConfiguration'
07:07:42.059 [main] DEBUG org.springframework.beans.factory.support.DefaultListableBeanFactory - Eagerly caching bean 'org.springframework.statemachine.processor.stateMachineAnnotationPostProcessor' to allow for resolving potential circular references
07:07:42.065 [main] DEBUG org.springframework.beans.factory.support.DefaultListableBeanFactory - Invoking afterPropertiesSet() on bean with name 'org.springframework.statemachine.processor.stateMachineAnnotationPostProcessor'
07:07:42.069 [main] DEBUG org.springframework.beans.factory.support.DefaultListableBeanFactory - Finished creating instance of bean 'org.springframework.statemachine.processor.stateMachineAnnotationPostProcessor'
07:07:42.069 [main] DEBUG org.springframework.beans.factory.support.DefaultListableBeanFactory - Returning cached instance of singleton bean 'org.springframework.boot.test.autoconfigure.properties.PropertyMappingContextCustomizer$PropertyMappingCheckBeanPostProcessor'
07:07:42.071 [main] DEBUG org.springframework.context.support.GenericApplicationContext - Unable to locate MessageSource with name 'messageSource': using default [org.springframework.context.support.DelegatingMessageSource@15043a2f]
07:07:42.073 [main] DEBUG org.springframework.context.support.GenericApplicationContext - Unable to locate ApplicationEventMulticaster with name 'applicationEventMulticaster': using default [org.springframework.context.event.SimpleApplicationEventMulticaster@2d901eb0]
07:07:42.077 [main] DEBUG org.springframework.beans.factory.support.DefaultListableBeanFactory - Pre-instantiating singletons in org.springframework.beans.factory.support.DefaultListableBeanFactory@6f96c77: defining beans [org.springframework.context.annotation.internalConfigurationAnnotationProcessor,org.springframework.context.annotation.internalAutowiredAnnotationProcessor,org.springframework.context.annotation.internalRequiredAnnotationProcessor,org.springframework.context.annotation.internalCommonAnnotationProcessor,org.springframework.context.event.internalEventListenerProcessor,org.springframework.context.event.internalEventListenerFactory,serverBackendStateMachineTest,org.springframework.boot.test.mock.mockito.MockitoPostProcessor$SpyPostProcessor,org.springframework.boot.test.mock.mockito.MockitoPostProcessor,defaultSlizaaServerDao,serverBackendStateMachine,slizaaServerBackendImpl,org.springframework.statemachine.config.configuration.StateMachineAnnotationPostProcessorConfiguration,org.springframework.statemachine.processor.stateMachineAnnotationPostProcessor,org.springframework.statemachine.event.StateMachineEventPublisherConfiguration,stateMachineEventPublisher,org.springframework.statemachine.config.configuration.StateMachineCommonConfiguration,stateMachineTaskExecutor,taskScheduler,stateMachineHandlerApplicationListener,org.springframework.statemachine.config.common.annotation.configuration.ObjectPostProcessorConfiguration,org.springframework.statemachine.config.common.annotation.configuration.objectPostProcessor,stateMachine]; root of factory hierarchy
07:07:42.077 [main] DEBUG org.springframework.beans.factory.support.DefaultListableBeanFactory - Returning cached instance of singleton bean 'org.springframework.context.annotation.internalConfigurationAnnotationProcessor'
07:07:42.077 [main] DEBUG org.springframework.beans.factory.support.DefaultListableBeanFactory - Returning cached instance of singleton bean 'org.springframework.context.annotation.internalAutowiredAnnotationProcessor'
07:07:42.077 [main] DEBUG org.springframework.beans.factory.support.DefaultListableBeanFactory - Returning cached instance of singleton bean 'org.springframework.context.annotation.internalRequiredAnnotationProcessor'
07:07:42.077 [main] DEBUG org.springframework.beans.factory.support.DefaultListableBeanFactory - Returning cached instance of singleton bean 'org.springframework.context.annotation.internalCommonAnnotationProcessor'
07:07:42.077 [main] DEBUG org.springframework.beans.factory.support.DefaultListableBeanFactory - Creating shared instance of singleton bean 'org.springframework.context.event.internalEventListenerProcessor'
07:07:42.077 [main] DEBUG org.springframework.beans.factory.support.DefaultListableBeanFactory - Creating instance of bean 'org.springframework.context.event.internalEventListenerProcessor'
07:07:42.079 [main] DEBUG org.springframework.beans.factory.support.DefaultListableBeanFactory - Eagerly caching bean 'org.springframework.context.event.internalEventListenerProcessor' to allow for resolving potential circular references
07:07:42.085 [main] DEBUG org.springframework.beans.factory.support.DefaultListableBeanFactory - Finished creating instance of bean 'org.springframework.context.event.internalEventListenerProcessor'
07:07:42.085 [main] DEBUG org.springframework.beans.factory.support.DefaultListableBeanFactory - Creating shared instance of singleton bean 'org.springframework.context.event.internalEventListenerFactory'
07:07:42.085 [main] DEBUG org.springframework.beans.factory.support.DefaultListableBeanFactory - Creating instance of bean 'org.springframework.context.event.internalEventListenerFactory'
07:07:42.085 [main] DEBUG org.springframework.beans.factory.support.DefaultListableBeanFactory - Eagerly caching bean 'org.springframework.context.event.internalEventListenerFactory' to allow for resolving potential circular references
07:07:42.088 [main] DEBUG org.springframework.beans.factory.support.DefaultListableBeanFactory - Finished creating instance of bean 'org.springframework.context.event.internalEventListenerFactory'
07:07:42.088 [main] DEBUG org.springframework.beans.factory.support.DefaultListableBeanFactory - Creating shared instance of singleton bean 'serverBackendStateMachineTest'
07:07:42.088 [main] DEBUG org.springframework.beans.factory.support.DefaultListableBeanFactory - Creating instance of bean 'serverBackendStateMachineTest'
07:07:42.091 [main] DEBUG org.springframework.beans.factory.annotation.InjectionMetadata - Registered injected element on class [org.slizaa.server.backend.ServerBackendStateMachineTest$$EnhancerBySpringCGLIB$$86519b4f]: AutowiredFieldElement for private org.springframework.context.ApplicationContext org.slizaa.server.backend.ServerBackendStateMachineTest._applicationContext
07:07:42.091 [main] DEBUG org.springframework.beans.factory.support.DefaultListableBeanFactory - Eagerly caching bean 'serverBackendStateMachineTest' to allow for resolving potential circular references
07:07:42.094 [main] DEBUG org.springframework.beans.factory.annotation.InjectionMetadata - Processing injected element of bean 'serverBackendStateMachineTest': AutowiredFieldElement for private org.springframework.context.ApplicationContext org.slizaa.server.backend.ServerBackendStateMachineTest._applicationContext
07:07:42.097 [main] DEBUG org.springframework.beans.factory.annotation.AutowiredAnnotationBeanPostProcessor - Autowiring by type from bean name 'serverBackendStateMachineTest' to bean named 'org.springframework.context.support.GenericApplicationContext@53ca01a2'
07:07:42.097 [main] DEBUG org.springframework.beans.factory.support.DefaultListableBeanFactory - Finished creating instance of bean 'serverBackendStateMachineTest'
07:07:42.097 [main] DEBUG org.springframework.beans.factory.support.DefaultListableBeanFactory - Returning cached instance of singleton bean 'org.springframework.boot.test.mock.mockito.MockitoPostProcessor$SpyPostProcessor'
07:07:42.097 [main] DEBUG org.springframework.beans.factory.support.DefaultListableBeanFactory - Returning cached instance of singleton bean 'org.springframework.boot.test.mock.mockito.MockitoPostProcessor'
07:07:42.098 [main] DEBUG org.springframework.beans.factory.support.DefaultListableBeanFactory - Creating shared instance of singleton bean 'defaultSlizaaServerDao'
07:07:42.098 [main] DEBUG org.springframework.beans.factory.support.DefaultListableBeanFactory - Creating instance of bean 'defaultSlizaaServerDao'
07:07:42.098 [main] DEBUG org.springframework.beans.factory.support.DefaultListableBeanFactory - Eagerly caching bean 'defaultSlizaaServerDao' to allow for resolving potential circular references
07:07:42.103 [main] DEBUG org.springframework.beans.factory.support.DefaultListableBeanFactory - Finished creating instance of bean 'defaultSlizaaServerDao'
07:07:42.103 [main] DEBUG org.springframework.beans.factory.support.DefaultListableBeanFactory - Creating shared instance of singleton bean 'serverBackendStateMachine'
07:07:42.103 [main] DEBUG org.springframework.beans.factory.support.DefaultListableBeanFactory - Creating instance of bean 'serverBackendStateMachine'
07:07:42.108 [main] DEBUG org.springframework.beans.factory.annotation.InjectionMetadata - Registered injected element on class [org.slizaa.server.backend.impl.ServerBackendStateMachine$$EnhancerBySpringCGLIB$$8036f2c5]: AutowiredFieldElement for private org.slizaa.server.backend.impl.IServerBackendStateMachineContext org.slizaa.server.backend.impl.ServerBackendStateMachine._context
07:07:42.108 [main] DEBUG org.springframework.beans.factory.support.DefaultListableBeanFactory - Eagerly caching bean 'serverBackendStateMachine' to allow for resolving potential circular references
07:07:42.117 [main] DEBUG org.springframework.beans.factory.annotation.InjectionMetadata - Processing injected element of bean 'serverBackendStateMachine': AutowiredFieldElement for private org.slizaa.server.backend.impl.IServerBackendStateMachineContext org.slizaa.server.backend.impl.ServerBackendStateMachine._context
07:07:42.120 [main] DEBUG org.springframework.beans.factory.support.DefaultListableBeanFactory - Creating shared instance of singleton bean 'slizaaServerBackendImpl'
07:07:42.120 [main] DEBUG org.springframework.beans.factory.support.DefaultListableBeanFactory - Creating instance of bean 'slizaaServerBackendImpl'
07:07:42.124 [main] DEBUG org.springframework.context.annotation.CommonAnnotationBeanPostProcessor - Found init method on class [org.slizaa.server.backend.impl.SlizaaServerBackendImpl]: public void org.slizaa.server.backend.impl.SlizaaServerBackendImpl.initialize()
07:07:42.125 [main] DEBUG org.springframework.context.annotation.CommonAnnotationBeanPostProcessor - Registered init method on class [org.slizaa.server.backend.impl.SlizaaServerBackendImpl]: org.springframework.beans.factory.annotation.InitDestroyAnnotationBeanPostProcessor$LifecycleElement@33ebcb90
07:07:42.125 [main] DEBUG org.springframework.beans.factory.annotation.InjectionMetadata - Registered injected element on class [org.slizaa.server.backend.impl.SlizaaServerBackendImpl]: AutowiredFieldElement for private org.springframework.statemachine.StateMachine org.slizaa.server.backend.impl.SlizaaServerBackendImpl._stateMachine
07:07:42.125 [main] DEBUG org.springframework.beans.factory.annotation.InjectionMetadata - Registered injected element on class [org.slizaa.server.backend.impl.SlizaaServerBackendImpl]: AutowiredFieldElement for private org.slizaa.server.extensions.IExtensionService org.slizaa.server.backend.impl.SlizaaServerBackendImpl._extensionService
07:07:42.125 [main] DEBUG org.springframework.beans.factory.annotation.InjectionMetadata - Registered injected element on class [org.slizaa.server.backend.impl.SlizaaServerBackendImpl]: AutowiredFieldElement for private org.slizaa.server.backend.dao.ISlizaaServerDao org.slizaa.server.backend.impl.SlizaaServerBackendImpl._slizaaServerDao
07:07:42.125 [main] DEBUG org.springframework.beans.factory.support.DefaultListableBeanFactory - Eagerly caching bean 'slizaaServerBackendImpl' to allow for resolving potential circular references
07:07:42.135 [main] DEBUG org.springframework.beans.factory.annotation.InjectionMetadata - Processing injected element of bean 'slizaaServerBackendImpl': AutowiredFieldElement for private org.springframework.statemachine.StateMachine org.slizaa.server.backend.impl.SlizaaServerBackendImpl._stateMachine
07:07:42.139 [main] DEBUG org.springframework.beans.factory.support.DefaultListableBeanFactory - Creating shared instance of singleton bean 'stateMachine'
07:07:42.139 [main] DEBUG org.springframework.beans.factory.support.DefaultListableBeanFactory - Creating instance of bean 'stateMachine'
07:07:42.165 [main] DEBUG org.springframework.beans.factory.annotation.InjectionMetadata - Registered injected element on class [org.springframework.statemachine.config.configuration.StateMachineConfiguration$StateMachineDelegatingFactoryBean]: AutowiredMethodElement for public void org.springframework.statemachine.config.common.annotation.AbstractImportingAnnotationConfiguration$BeanDelegatingFactoryBean.setConfigurers(java.util.List)
07:07:42.165 [main] DEBUG org.springframework.beans.factory.annotation.InjectionMetadata - Registered injected element on class [org.springframework.statemachine.config.configuration.StateMachineConfiguration$StateMachineDelegatingFactoryBean]: AutowiredMethodElement for public void org.springframework.statemachine.config.configuration.StateMachineConfiguration$StateMachineDelegatingFactoryBean.setStateMachineMonitor(org.springframework.statemachine.monitor.StateMachineMonitor)
07:07:42.166 [main] DEBUG org.springframework.beans.factory.support.DefaultListableBeanFactory - Eagerly caching bean 'stateMachine' to allow for resolving potential circular references
07:07:42.166 [main] DEBUG org.springframework.beans.factory.annotation.InjectionMetadata - Processing injected element of bean 'stateMachine': AutowiredMethodElement for public void org.springframework.statemachine.config.common.annotation.AbstractImportingAnnotationConfiguration$BeanDelegatingFactoryBean.setConfigurers(java.util.List)
07:07:42.171 [main] DEBUG org.springframework.beans.factory.support.DefaultListableBeanFactory - Returning eagerly cached instance of singleton bean 'serverBackendStateMachine' that is not fully initialized yet - a consequence of a circular reference
07:07:42.182 [main] DEBUG org.springframework.beans.factory.annotation.AutowiredAnnotationBeanPostProcessor - Autowiring by type from bean name 'stateMachine' to bean named 'serverBackendStateMachine'
07:07:42.183 [main] DEBUG org.springframework.beans.factory.annotation.InjectionMetadata - Processing injected element of bean 'stateMachine': AutowiredMethodElement for public void org.springframework.statemachine.config.configuration.StateMachineConfiguration$StateMachineDelegatingFactoryBean.setStateMachineMonitor(org.springframework.statemachine.monitor.StateMachineMonitor)
07:07:42.184 [main] DEBUG org.springframework.beans.factory.support.DefaultListableBeanFactory - Invoking afterPropertiesSet() on bean with name 'stateMachine'
07:07:42.185 [main] DEBUG org.springframework.beans.factory.support.DefaultListableBeanFactory - Returning eagerly cached instance of singleton bean 'serverBackendStateMachine' that is not fully initialized yet - a consequence of a circular reference
07:07:42.641 [main] DEBUG org.springframework.statemachine.support.LifecycleObjectSupport - Setting bean factory: org.springframework.beans.factory.support.DefaultListableBeanFactory@6f96c77: defining beans [org.springframework.context.annotation.internalConfigurationAnnotationProcessor,org.springframework.context.annotation.internalAutowiredAnnotationProcessor,org.springframework.context.annotation.internalRequiredAnnotationProcessor,org.springframework.context.annotation.internalCommonAnnotationProcessor,org.springframework.context.event.internalEventListenerProcessor,org.springframework.context.event.internalEventListenerFactory,serverBackendStateMachineTest,org.springframework.boot.test.mock.mockito.MockitoPostProcessor$SpyPostProcessor,org.springframework.boot.test.mock.mockito.MockitoPostProcessor,defaultSlizaaServerDao,serverBackendStateMachine,slizaaServerBackendImpl,org.springframework.statemachine.config.configuration.StateMachineAnnotationPostProcessorConfiguration,org.springframework.statemachine.processor.stateMachineAnnotationPostProcessor,org.springframework.statemachine.event.StateMachineEventPublisherConfiguration,stateMachineEventPublisher,org.springframework.statemachine.config.configuration.StateMachineCommonConfiguration,stateMachineTaskExecutor,taskScheduler,stateMachineHandlerApplicationListener,org.springframework.statemachine.config.common.annotation.configuration.ObjectPostProcessorConfiguration,org.springframework.statemachine.config.common.annotation.configuration.objectPostProcessor,stateMachine]; root of factory hierarchy for org.springframework.statemachine.config.ObjectStateMachineFactory@7d9f158f
[...]
07:07:42.688 [main] DEBUG org.springframework.statemachine.support.LifecycleObjectSupport - Setting bean factory: org.springframework.beans.factory.support.DefaultListableBeanFactory@6f96c77: defining beans [org.springframework.context.annotation.internalConfigurationAnnotationProcessor,org.springframework.context.annotation.internalAutowiredAnnotationProcessor,org.springframework.context.annotation.internalRequiredAnnotationProcessor,org.springframework.context.annotation.internalCommonAnnotationProcessor,org.springframework.context.event.internalEventListenerProcessor,org.springframework.context.event.internalEventListenerFactory,serverBackendStateMachineTest,org.springframework.boot.test.mock.mockito.MockitoPostProcessor$SpyPostProcessor,org.springframework.boot.test.mock.mockito.MockitoPostProcessor,defaultSlizaaServerDao,serverBackendStateMachine,slizaaServerBackendImpl,org.springframework.statemachine.config.configuration.StateMachineAnnotationPostProcessorConfiguration,org.springframework.statemachine.processor.stateMachineAnnotationPostProcessor,org.springframework.statemachine.event.StateMachineEventPublisherConfiguration,stateMachineEventPublisher,org.springframework.statemachine.config.configuration.StateMachineCommonConfiguration,stateMachineTaskExecutor,taskScheduler,stateMachineHandlerApplicationListener,org.springframework.statemachine.config.common.annotation.configuration.ObjectPostProcessorConfiguration,org.springframework.statemachine.config.common.annotation.configuration.objectPostProcessor,stateMachine]; root of factory hierarchy for ObjectState [getIds()=[CHOICE], getClass()=class org.springframework.statemachine.state.ObjectState, hashCode()=884603232, toString()=AbstractState [id=CHOICE, pseudoState=org.springframework.statemachine.state.ChoicePseudoState@43015c69, deferred=[], entryActions=[], exitActions=[], stateActions=[], regions=[], submachine=null]]
07:07:42.699 [main] DEBUG org.springframework.statemachine.support.LifecycleObjectSupport - Setting bean factory: org.springframework.beans.factory.support.DefaultListableBeanFactory@6f96c77: defining beans [org.springframework.context.annotation.internalConfigurationAnnotationProcessor,org.springframework.context.annotation.internalAutowiredAnnotationProcessor,org.springframework.context.annotation.internalRequiredAnnotationProcessor,org.springframework.context.annotation.internalCommonAnnotationProcessor,org.springframework.context.event.internalEventListenerProcessor,org.springframework.context.event.internalEventListenerFactory,serverBackendStateMachineTest,org.springframework.boot.test.mock.mockito.MockitoPostProcessor$SpyPostProcessor,org.springframework.boot.test.mock.mockito.MockitoPostProcessor,defaultSlizaaServerDao,serverBackendStateMachine,slizaaServerBackendImpl,org.springframework.statemachine.config.configuration.StateMachineAnnotationPostProcessorConfiguration,org.springframework.statemachine.processor.stateMachineAnnotationPostProcessor,org.springframework.statemachine.event.StateMachineEventPublisherConfiguration,stateMachineEventPublisher,org.springframework.statemachine.config.configuration.StateMachineCommonConfiguration,stateMachineTaskExecutor,taskScheduler,stateMachineHandlerApplicationListener,org.springframework.statemachine.config.common.annotation.configuration.ObjectPostProcessorConfiguration,org.springframework.statemachine.config.common.annotation.configuration.objectPostProcessor,stateMachine]; root of factory hierarchy for INITIAL BACKEND_UNCONFIGURED BACKEND_CONFIGURED UPDATING_BACKEND_CONFIGURATION CHOICE  /  / uuid=eed7687b-6db8-4cc7-82a8-de53c4083618 / id=null
07:07:42.704 [main] DEBUG org.springframework.statemachine.support.LifecycleObjectSupport - Setting bean factory: org.springframework.beans.factory.support.DefaultListableBeanFactory@6f96c77: defining beans [org.springframework.context.annotation.internalConfigurationAnnotationProcessor,org.springframework.context.annotation.internalAutowiredAnnotationProcessor,org.springframework.context.annotation.internalRequiredAnnotationProcessor,org.springframework.context.annotation.internalCommonAnnotationProcessor,org.springframework.context.event.internalEventListenerProcessor,org.springframework.context.event.internalEventListenerFactory,serverBackendStateMachineTest,org.springframework.boot.test.mock.mockito.MockitoPostProcessor$SpyPostProcessor,org.springframework.boot.test.mock.mockito.MockitoPostProcessor,defaultSlizaaServerDao,serverBackendStateMachine,slizaaServerBackendImpl,org.springframework.statemachine.config.configuration.StateMachineAnnotationPostProcessorConfiguration,org.springframework.statemachine.processor.stateMachineAnnotationPostProcessor,org.springframework.statemachine.event.StateMachineEventPublisherConfiguration,stateMachineEventPublisher,org.springframework.statemachine.config.configuration.StateMachineCommonConfiguration,stateMachineTaskExecutor,taskScheduler,stateMachineHandlerApplicationListener,org.springframework.statemachine.config.common.annotation.configuration.ObjectPostProcessorConfiguration,org.springframework.statemachine.config.common.annotation.configuration.objectPostProcessor,stateMachine]; root of factory hierarchy for org.springframework.statemachine.support.DefaultStateMachineExecutor@2e32ccc5
07:07:42.705 [main] DEBUG org.springframework.beans.factory.support.DefaultListableBeanFactory - Finished creating instance of bean 'stateMachine'
07:07:42.705 [main] DEBUG org.springframework.beans.factory.annotation.AutowiredAnnotationBeanPostProcessor - Autowiring by type from bean name 'slizaaServerBackendImpl' to bean named 'stateMachine'
07:07:42.706 [main] DEBUG org.springframework.beans.factory.annotation.InjectionMetadata - Processing injected element of bean 'slizaaServerBackendImpl': AutowiredFieldElement for private org.slizaa.server.extensions.IExtensionService org.slizaa.server.backend.impl.SlizaaServerBackendImpl._extensionService
07:07:42.707 [main] DEBUG org.springframework.beans.factory.support.DefaultListableBeanFactory - Retrieved dependent beans for bean 'serverBackendStateMachine': [stateMachine]
07:07:42.707 [main] DEBUG org.springframework.beans.factory.support.DisposableBeanAdapter - Invoking destroy() on bean with name 'stateMachine'
07:07:42.707 [main] INFO org.springframework.statemachine.support.LifecycleObjectSupport - destroy called
07:07:42.707 [main] DEBUG org.springframework.statemachine.support.LifecycleObjectSupport - already stopped INITIAL BACKEND_UNCONFIGURED BACKEND_CONFIGURED UPDATING_BACKEND_CONFIGURATION CHOICE  /  / uuid=eed7687b-6db8-4cc7-82a8-de53c4083618 / id=null
07:07:42.707 [main] WARN org.springframework.context.support.GenericApplicationContext - Exception encountered during context initialization - cancelling refresh attempt: org.springframework.beans.factory.UnsatisfiedDependencyException: Error creating bean with name 'serverBackendStateMachine': Unsatisfied dependency expressed through field '_context'; nested exception is org.springframework.beans.factory.UnsatisfiedDependencyException: Error creating bean with name 'slizaaServerBackendImpl': Unsatisfied dependency expressed through field '_extensionService'; nested exception is org.springframework.beans.factory.NoSuchBeanDefinitionException: No qualifying bean of type 'org.slizaa.server.extensions.IExtensionService' available: expected at least 1 bean which qualifies as autowire candidate. Dependency annotations: {@org.springframework.beans.factory.annotation.Autowired(required=true)}
07:07:42.707 [main] DEBUG org.springframework.beans.factory.support.DefaultListableBeanFactory - Destroying singletons in org.springframework.beans.factory.support.DefaultListableBeanFactory@6f96c77: defining beans [org.springframework.context.annotation.internalConfigurationAnnotationProcessor,org.springframework.context.annotation.internalAutowiredAnnotationProcessor,org.springframework.context.annotation.internalRequiredAnnotationProcessor,org.springframework.context.annotation.internalCommonAnnotationProcessor,org.springframework.context.event.internalEventListenerProcessor,org.springframework.context.event.internalEventListenerFactory,serverBackendStateMachineTest,org.springframework.boot.test.mock.mockito.MockitoPostProcessor$SpyPostProcessor,org.springframework.boot.test.mock.mockito.MockitoPostProcessor,defaultSlizaaServerDao,serverBackendStateMachine,slizaaServerBackendImpl,org.springframework.statemachine.config.configuration.StateMachineAnnotationPostProcessorConfiguration,org.springframework.statemachine.processor.stateMachineAnnotationPostProcessor,org.springframework.statemachine.event.StateMachineEventPublisherConfiguration,stateMachineEventPublisher,org.springframework.statemachine.config.configuration.StateMachineCommonConfiguration,stateMachineTaskExecutor,taskScheduler,stateMachineHandlerApplicationListener,org.springframework.statemachine.config.common.annotation.configuration.ObjectPostProcessorConfiguration,org.springframework.statemachine.config.common.annotation.configuration.objectPostProcessor,stateMachine]; root of factory hierarchy
07:07:42.713 [main] ERROR org.springframework.test.context.TestContextManager - Caught exception while allowing TestExecutionListener [org.springframework.test.context.support.DependencyInjectionTestExecutionListener@279ad2e3] to prepare test instance [org.slizaa.server.backend.ServerBackendStateMachineTest@67e2d983]
java.lang.IllegalStateException: Failed to load ApplicationContext
	at org.springframework.test.context.cache.DefaultCacheAwareContextLoaderDelegate.loadContext(DefaultCacheAwareContextLoaderDelegate.java:125)
	at org.springframework.test.context.support.DefaultTestContext.getApplicationContext(DefaultTestContext.java:108)
	at org.springframework.test.context.support.DependencyInjectionTestExecutionListener.injectDependencies(DependencyInjectionTestExecutionListener.java:117)
	at org.springframework.test.context.support.DependencyInjectionTestExecutionListener.prepareTestInstance(DependencyInjectionTestExecutionListener.java:83)
	at org.springframework.test.context.TestContextManager.prepareTestInstance(TestContextManager.java:246)
	at org.springframework.test.context.junit4.SpringJUnit4ClassRunner.createTest(SpringJUnit4ClassRunner.java:227)
	at org.springframework.test.context.junit4.SpringJUnit4ClassRunner$1.runReflectiveCall(SpringJUnit4ClassRunner.java:289)
	at org.junit.internal.runners.model.ReflectiveCallable.run(ReflectiveCallable.java:12)
	at org.springframework.test.context.junit4.SpringJUnit4ClassRunner.methodBlock(SpringJUnit4ClassRunner.java:291)
	at org.springframework.test.context.junit4.SpringJUnit4ClassRunner.runChild(SpringJUnit4ClassRunner.java:246)
	at org.springframework.test.context.junit4.SpringJUnit4ClassRunner.runChild(SpringJUnit4ClassRunner.java:97)
	at org.junit.runners.ParentRunner$3.run(ParentRunner.java:290)
	at org.junit.runners.ParentRunner$1.schedule(ParentRunner.java:71)
	at org.junit.runners.ParentRunner.runChildren(ParentRunner.java:288)
	at org.junit.runners.ParentRunner.access$000(ParentRunner.java:58)
	at org.junit.runners.ParentRunner$2.evaluate(ParentRunner.java:268)
	at org.springframework.test.context.junit4.statements.RunBeforeTestClassCallbacks.evaluate(RunBeforeTestClassCallbacks.java:61)
	at org.springframework.test.context.junit4.statements.RunAfterTestClassCallbacks.evaluate(RunAfterTestClassCallbacks.java:70)
	at org.junit.runners.ParentRunner.run(ParentRunner.java:363)
	at org.springframework.test.context.junit4.SpringJUnit4ClassRunner.run(SpringJUnit4ClassRunner.java:190)
	at org.apache.maven.surefire.junit4.JUnit4Provider.execute(JUnit4Provider.java:365)
	at org.apache.maven.surefire.junit4.JUnit4Provider.executeWithRerun(JUnit4Provider.java:273)
	at org.apache.maven.surefire.junit4.JUnit4Provider.executeTestSet(JUnit4Provider.java:238)
	at org.apache.maven.surefire.junit4.JUnit4Provider.invoke(JUnit4Provider.java:159)
	at org.apache.maven.surefire.booter.ForkedBooter.invokeProviderInSameClassLoader(ForkedBooter.java:379)
	at org.apache.maven.surefire.booter.ForkedBooter.runSuitesInProcess(ForkedBooter.java:340)
	at org.apache.maven.surefire.booter.ForkedBooter.execute(ForkedBooter.java:125)
	at org.apache.maven.surefire.booter.ForkedBooter.main(ForkedBooter.java:413)
Caused by: org.springframework.beans.factory.UnsatisfiedDependencyException: Error creating bean with name 'serverBackendStateMachine': Unsatisfied dependency expressed through field '_context'; nested exception is org.springframework.beans.factory.UnsatisfiedDependencyException: Error creating bean with name 'slizaaServerBackendImpl': Unsatisfied dependency expressed through field '_extensionService'; nested exception is org.springframework.beans.factory.NoSuchBeanDefinitionException: No qualifying bean of type 'org.slizaa.server.extensions.IExtensionService' available: expected at least 1 bean which qualifies as autowire candidate. Dependency annotations: {@org.springframework.beans.factory.annotation.Autowired(required=true)}
	at org.springframework.beans.factory.annotation.AutowiredAnnotationBeanPostProcessor$AutowiredFieldElement.inject(AutowiredAnnotationBeanPostProcessor.java:587)
	at org.springframework.beans.factory.annotation.InjectionMetadata.inject(InjectionMetadata.java:91)
	at org.springframework.beans.factory.annotation.AutowiredAnnotationBeanPostProcessor.postProcessPropertyValues(AutowiredAnnotationBeanPostProcessor.java:373)
	at org.springframework.beans.factory.support.AbstractAutowireCapableBeanFactory.populateBean(AbstractAutowireCapableBeanFactory.java:1350)
	at org.springframework.beans.factory.support.AbstractAutowireCapableBeanFactory.doCreateBean(AbstractAutowireCapableBeanFactory.java:580)
	at org.springframework.beans.factory.support.AbstractAutowireCapableBeanFactory.createBean(AbstractAutowireCapableBeanFactory.java:503)
	at org.springframework.beans.factory.support.AbstractBeanFactory.lambda$doGetBean$0(AbstractBeanFactory.java:317)
	at org.springframework.beans.factory.support.DefaultSingletonBeanRegistry.getSingleton(DefaultSingletonBeanRegistry.java:222)
	at org.springframework.beans.factory.support.AbstractBeanFactory.doGetBean(AbstractBeanFactory.java:315)
	at org.springframework.beans.factory.support.AbstractBeanFactory.getBean(AbstractBeanFactory.java:199)
	at org.springframework.beans.factory.support.DefaultListableBeanFactory.preInstantiateSingletons(DefaultListableBeanFactory.java:760)
	at org.springframework.context.support.AbstractApplicationContext.finishBeanFactoryInitialization(AbstractApplicationContext.java:869)
	at org.springframework.context.support.AbstractApplicationContext.refresh(AbstractApplicationContext.java:550)
	at org.springframework.test.context.support.AbstractGenericContextLoader.loadContext(AbstractGenericContextLoader.java:128)
	at org.springframework.test.context.support.AbstractGenericContextLoader.loadContext(AbstractGenericContextLoader.java:60)
	at org.springframework.test.context.support.AbstractDelegatingSmartContextLoader.delegateLoading(AbstractDelegatingSmartContextLoader.java:107)
	at org.springframework.test.context.support.AbstractDelegatingSmartContextLoader.loadContext(AbstractDelegatingSmartContextLoader.java:243)
	at org.springframework.test.context.cache.DefaultCacheAwareContextLoaderDelegate.loadContextInternal(DefaultCacheAwareContextLoaderDelegate.java:99)
	at org.springframework.test.context.cache.DefaultCacheAwareContextLoaderDelegate.loadContext(DefaultCacheAwareContextLoaderDelegate.java:117)
	... 27 common frames omitted
Caused by: org.springframework.beans.factory.UnsatisfiedDependencyException: Error creating bean with name 'slizaaServerBackendImpl': Unsatisfied dependency expressed through field '_extensionService'; nested exception is org.springframework.beans.factory.NoSuchBeanDefinitionException: No qualifying bean of type 'org.slizaa.server.extensions.IExtensionService' available: expected at least 1 bean which qualifies as autowire candidate. Dependency annotations: {@org.springframework.beans.factory.annotation.Autowired(required=true)}
	at org.springframework.beans.factory.annotation.AutowiredAnnotationBeanPostProcessor$AutowiredFieldElement.inject(AutowiredAnnotationBeanPostProcessor.java:587)
	at org.springframework.beans.factory.annotation.InjectionMetadata.inject(InjectionMetadata.java:91)
	at org.springframework.beans.factory.annotation.AutowiredAnnotationBeanPostProcessor.postProcessPropertyValues(AutowiredAnnotationBeanPostProcessor.java:373)
	at org.springframework.beans.factory.support.AbstractAutowireCapableBeanFactory.populateBean(AbstractAutowireCapableBeanFactory.java:1350)
	at org.springframework.beans.factory.support.AbstractAutowireCapableBeanFactory.doCreateBean(AbstractAutowireCapableBeanFactory.java:580)
	at org.springframework.beans.factory.support.AbstractAutowireCapableBeanFactory.createBean(AbstractAutowireCapableBeanFactory.java:503)
	at org.springframework.beans.factory.support.AbstractBeanFactory.lambda$doGetBean$0(AbstractBeanFactory.java:317)
	at org.springframework.beans.factory.support.DefaultSingletonBeanRegistry.getSingleton(DefaultSingletonBeanRegistry.java:222)
	at org.springframework.beans.factory.support.AbstractBeanFactory.doGetBean(AbstractBeanFactory.java:315)
	at org.springframework.beans.factory.support.AbstractBeanFactory.getBean(AbstractBeanFactory.java:199)
	at org.springframework.beans.factory.config.DependencyDescriptor.resolveCandidate(DependencyDescriptor.java:251)
	at org.springframework.beans.factory.support.DefaultListableBeanFactory.doResolveDependency(DefaultListableBeanFactory.java:1138)
	at org.springframework.beans.factory.support.DefaultListableBeanFactory.resolveDependency(DefaultListableBeanFactory.java:1065)
	at org.springframework.beans.factory.annotation.AutowiredAnnotationBeanPostProcessor$AutowiredFieldElement.inject(AutowiredAnnotationBeanPostProcessor.java:584)
	... 45 common frames omitted
Caused by: org.springframework.beans.factory.NoSuchBeanDefinitionException: No qualifying bean of type 'org.slizaa.server.extensions.IExtensionService' available: expected at least 1 bean which qualifies as autowire candidate. Dependency annotations: {@org.springframework.beans.factory.annotation.Autowired(required=true)}
	at org.springframework.beans.factory.support.DefaultListableBeanFactory.raiseNoMatchingBeanFound(DefaultListableBeanFactory.java:1509)
	at org.springframework.beans.factory.support.DefaultListableBeanFactory.doResolveDependency(DefaultListableBeanFactory.java:1104)
	at org.springframework.beans.factory.support.DefaultListableBeanFactory.resolveDependency(DefaultListableBeanFactory.java:1065)
	at org.springframework.beans.factory.annotation.AutowiredAnnotationBeanPostProcessor$AutowiredFieldElement.inject(AutowiredAnnotationBeanPostProcessor.java:584)
	... 58 common frames omitted
]]></system-out>
  </testcase>
</testsuite>